L2 loss	
 7.7918e+07	
 7.7918e+07	
 7.7918e+07	
 7.7918e+07	
 7.7918e+07	
 7.7918e+07	
 7.7918e+07	
 7.7918e+07	
 7.7918e+07	
 7.7918e+07	
 7.7918e+07	
 7.7918e+07	
 7.7918e+07	
 7.7918e+07	
 7.7918e+07	
 7.7918e+07	
 7.7918e+07	
 7.7918e+07	
 7.7918e+07	
 7.7918e+07	
 7.7918e+07	
 7.7918e+07	
 7.7918e+07	
 7.7918e+07	
 7.7918e+07	
 7.7918e+07	
 7.7918e+07	
 7.7918e+07	
 7.7918e+07	
 7.7918e+07	
 7.7918e+07	
 7.7918e+07	
 7.7918e+07	
 7.7918e+07	
 7.7918e+07	
 7.7918e+07	
 7.7918e+07	
 7.7918e+07	
 7.7918e+07	
 7.7918e+07	
 7.7918e+07	
 7.7918e+07	
 7.7918e+07	
 7.7918e+07	
 7.7918e+07	
 7.7918e+07	
 7.7918e+07	
 7.7918e+07	
 7.7918e+07	
 7.7918e+07	
 7.7918e+07	
 7.7918e+07	
 7.7918e+07	
 7.7918e+07	
 7.7918e+07	
 7.7918e+07	
 7.7918e+07	
 7.7918e+07	
 7.7918e+07	
 7.7918e+07	
 7.7918e+07	
 7.7918e+07	
 7.7918e+07	
 7.7918e+07	
 7.7918e+07	
 7.7918e+07	
 7.7918e+07	
 7.7918e+07	
 7.7918e+07	
 7.7918e+07	
 7.7918e+07	
 7.7918e+07	
 7.7918e+07	
 7.7918e+07	
 7.7918e+07	
 7.7918e+07	
 7.7918e+07	
 7.7918e+07	
 7.7918e+07	
 7.7918e+07	
 7.7918e+07	
 7.7918e+07	
 7.7918e+07	
 7.7918e+07	
 7.7918e+07	
 7.7918e+07	
 7.7918e+07	
 7.7918e+07	
 7.7918e+07	
 7.7918e+07	
 7.7918e+07	
 7.7918e+07	
 7.7918e+07	
 7.7918e+07	
 7.7918e+07	
 7.7918e+07	
 7.7918e+07	
 7.7918e+07	
 7.7918e+07	
 7.7918e+07	
 7.7918e+07	
 7.7918e+07	
 7.7918e+07	
 7.7918e+07	
 7.7918e+07	
 7.7918e+07	
 7.7918e+07	
 7.7918e+07	
 7.7918e+07	
 7.7918e+07	
 7.7918e+07	
 7.7918e+07	
 7.7918e+07	
 7.7918e+07	
 7.7918e+07	
 7.7918e+07	
 7.7918e+07	
 7.7918e+07	
 7.7918e+07	
 7.7918e+07	
 7.7918e+07	
 7.7918e+07	
 7.7918e+07	
 7.7918e+07	
 7.7918e+07	
 7.7918e+07	
 7.7918e+07	
 7.7918e+07	
 7.7918e+07	
 7.7918e+07	
 7.7918e+07	
 7.7918e+07	
 7.7918e+07	
 7.7918e+07	
 7.7918e+07	
 7.7918e+07	
 7.7918e+07	
 7.7918e+07	
 7.7918e+07	
 7.7918e+07	
 7.7918e+07	
 7.7918e+07	
 7.7918e+07	
 7.7918e+07	
 7.7918e+07	
 7.7918e+07	
 7.7918e+07	
 7.7918e+07	
 7.7918e+07	
 7.7918e+07	
 7.7918e+07	
 7.7918e+07	
 7.7918e+07	
 7.7918e+07	
 7.7918e+07	
 7.7918e+07	
 7.7918e+07	
 7.7918e+07	
 7.7918e+07	
 7.7918e+07	
 7.7918e+07	
 7.7918e+07	
 7.7918e+07	
 7.7918e+07	
 7.7918e+07	
 7.7918e+07	
 7.7918e+07	
 7.7918e+07	
 7.7918e+07	
 7.7918e+07	
 7.7918e+07	
 7.7918e+07	
 7.7918e+07	
 7.7918e+07	
 7.7918e+07	
 7.7918e+07	
 7.7918e+07	
 7.7918e+07	
 7.7918e+07	
 7.7918e+07	
 7.7918e+07	
 7.7918e+07	
 7.7918e+07	
 7.7918e+07	
 7.7918e+07	
 7.7918e+07	
 7.7918e+07	
 7.7918e+07	
 7.7918e+07	
 7.7918e+07	
 7.7918e+07	
 7.7918e+07	
 7.7918e+07	
 7.7918e+07	
 7.7918e+07	
 7.7918e+07	
 7.7918e+07	
 7.7918e+07	
 7.7918e+07	
 7.7918e+07	
 7.7918e+07	
 7.7918e+07	
 7.7918e+07	
 7.7918e+07	
 7.7918e+07	
 7.7918e+07	
 7.7918e+07	
 7.7918e+07	
 7.7918e+07	
 7.7918e+07	
 7.7918e+07	
 7.7918e+07	
 7.7918e+07	
 7.7918e+07	
 7.7918e+07	
 7.7918e+07	
 7.7918e+07	
 7.7918e+07	
 7.7918e+07	
 7.7918e+07	
 7.7918e+07	
 7.7918e+07	
 7.7918e+07	
 7.7918e+07	
 7.7918e+07	
 7.7918e+07	
 7.7918e+07	
 7.7918e+07	
 7.7918e+07	
 7.7918e+07	
 7.7918e+07	
 7.7918e+07	
 7.7918e+07	
 7.7918e+07	
 7.7918e+07	
 7.7918e+07	
 7.7918e+07	
 7.7918e+07	
 7.7918e+07	
 7.7918e+07	
 7.7918e+07	
 7.7918e+07	
 7.7918e+07	
 7.7918e+07	
 7.7918e+07	
 7.7918e+07	
 7.7918e+07	
 7.7918e+07	
 7.7918e+07	
 7.7918e+07	
 7.7918e+07	
 7.7918e+07	
 7.7918e+07	
 7.7918e+07	
 7.7918e+07	
 7.7918e+07	
 7.7918e+07	
 7.7918e+07	
 7.7918e+07	
 7.7918e+07	
 7.7918e+07	
 7.7918e+07	
 7.7918e+07	
 7.7918e+07	
 7.7918e+07	
 7.7918e+07	
 7.7918e+07	
 7.7918e+07	
 7.7918e+07	
 7.7918e+07	
 7.7918e+07	
 7.7918e+07	
 7.7918e+07	
 7.7918e+07	
 7.7918e+07	
 7.7918e+07	
 7.7918e+07	
 7.7918e+07	
 7.7918e+07	
 7.7918e+07	
 7.7918e+07	
 7.7918e+07	
 7.7918e+07	
 7.7918e+07	
 7.7918e+07	
 7.7918e+07	
 7.7918e+07	
 7.7918e+07	
 7.7918e+07	
 7.7918e+07	
 7.7918e+07	
 7.7918e+07	
 7.7918e+07	
 7.7918e+07	
 7.7918e+07	
 7.7918e+07	
 7.7918e+07	
 7.7918e+07	
 7.7918e+07	
 7.7918e+07	
 7.7918e+07	
 7.7918e+07	
 7.7918e+07	
 7.7918e+07	
 7.7918e+07	
 7.7918e+07	
 7.7918e+07	
 7.7918e+07	
 7.7918e+07	
 7.7918e+07	
 7.7918e+07	
 7.7918e+07	
 7.7918e+07	
 7.7918e+07	
 7.7918e+07	
 7.7918e+07	
 7.7918e+07	
 7.7918e+07	
 7.7918e+07	
 7.7918e+07	
 7.7918e+07	
 7.7918e+07	
 7.7918e+07	
 7.7918e+07	
 7.7918e+07	
 7.7918e+07	
 7.7918e+07	
 7.7918e+07	
 7.7918e+07	
 7.7918e+07	
 7.7918e+07	
 7.7918e+07	
 7.7918e+07	
 7.7918e+07	
 7.7918e+07	
 7.7918e+07	
 7.7918e+07	
 7.7918e+07	
 7.7918e+07	
 7.7918e+07	
 7.7918e+07	
 7.7918e+07	
 7.7918e+07	
 7.7918e+07	
 7.7918e+07	
 7.7918e+07	
 7.7918e+07	
 7.7918e+07	
 7.7918e+07	
 7.7918e+07	
 7.7918e+07	
 7.7918e+07	
 7.7918e+07	
 7.7918e+07	
 7.7918e+07	
 7.7918e+07	
 7.7918e+07	
 7.7918e+07	
 7.7918e+07	
 7.7918e+07	
 7.7918e+07	
 7.7918e+07	
 7.7918e+07	
 7.7918e+07	
 7.7918e+07	
 7.7918e+07	
 7.7918e+07	
 7.7918e+07	
 7.7918e+07	
 7.7918e+07	
 7.7918e+07	
 7.7918e+07	
 7.7918e+07	
 7.7918e+07	
 7.7918e+07	
 7.7918e+07	
 7.7918e+07	
 7.7918e+07	
 7.7918e+07	
 7.7918e+07	
 7.7918e+07	
 7.7918e+07	
 7.7918e+07	
 7.7918e+07	
 7.7918e+07	
 7.7918e+07	
 7.7918e+07	
 7.7918e+07	
 7.7918e+07	
 7.7918e+07	
 7.7918e+07	
 7.7918e+07	
 7.7918e+07	
 7.7918e+07	
 7.7918e+07	
 7.7918e+07	
 7.7918e+07	
 7.7918e+07	
 7.7918e+07	
 7.7918e+07	
 7.7918e+07	
 7.7918e+07	
 7.7918e+07	
 7.7918e+07	
 7.7918e+07	
 7.7918e+07	
 7.7918e+07	
 7.7918e+07	
 7.7918e+07	
 7.7918e+07	
 7.7918e+07	
 7.7918e+07	
 7.7918e+07	
 7.7918e+07	
 7.7918e+07	
 7.7918e+07	
 7.7918e+07	
 7.7918e+07	
 7.7918e+07	
 7.7918e+07	
 7.7918e+07	
 7.7918e+07	
 7.7918e+07	
 7.7918e+07	
 7.7918e+07	
 7.7918e+07	
 7.7918e+07	
 7.7918e+07	
 7.7918e+07	
 7.7918e+07	
 7.7918e+07	
 7.7918e+07	
 7.7918e+07	
 7.7918e+07	
 7.7918e+07	
 7.7918e+07	
 7.7918e+07	
 7.7918e+07	
 7.7918e+07	
 7.7918e+07	
 7.7918e+07	
 7.7918e+07	
 7.7918e+07	
 7.7918e+07	
 7.7918e+07	
 7.7918e+07	
 7.7918e+07	
 7.7918e+07	
 7.7918e+07	
 7.7918e+07	
 7.7918e+07	
 7.7918e+07	
 7.7918e+07	
 7.7918e+07	
 7.7918e+07	
 7.7918e+07	
 7.7918e+07	
 7.7918e+07	
 7.7918e+07	
 7.7918e+07	
 7.7918e+07	
 7.7918e+07	
 7.7918e+07	
 7.7918e+07	
 7.7918e+07	
 7.7918e+07	
 7.7918e+07	
 7.7918e+07	
 7.7918e+07	
 7.7918e+07	
 7.7918e+07	
 7.7918e+07	
 7.7918e+07	
 7.7918e+07	
 7.7918e+07	
 7.7918e+07	
 7.7918e+07	
 7.7918e+07	
 7.7918e+07	
 7.7918e+07	
 7.7918e+07	
 7.7918e+07	
 7.7918e+07	
 7.7918e+07	
 7.7918e+07	
 7.7918e+07	
 7.7918e+07	
 7.7918e+07	
 7.7918e+07	
 7.7918e+07	
 7.7918e+07	
 7.7918e+07	
 7.7918e+07	
 7.7918e+07	
 7.7918e+07	
 7.7918e+07	
 7.7918e+07	
 7.7918e+07	
 7.7918e+07	
 7.7918e+07	
 7.7918e+07	
 7.7918e+07	
 7.7918e+07	
 7.7918e+07	
 7.7918e+07	
 7.7918e+07	
 7.7918e+07	
 7.7918e+07	
 7.7918e+07	
 7.7918e+07	
 7.7918e+07	
 7.7918e+07	
 7.7918e+07	
 7.7918e+07	
 7.7918e+07	
 7.7918e+07	
 7.7918e+07	
 7.7918e+07	
 7.7918e+07	
 7.7918e+07	
 7.7918e+07	
 7.7918e+07	
 7.7918e+07	
 7.7918e+07	
 7.7918e+07	
 7.7918e+07	
 7.7918e+07	
 7.7918e+07	
 7.7918e+07	
 7.7918e+07	
 7.7918e+07	
 7.7918e+07	
 7.7918e+07	
 7.7918e+07	
 7.7918e+07	
 7.7918e+07	
 7.7918e+07	
 7.7918e+07	
 7.7918e+07	
 7.7918e+07	
 7.7918e+07	
 7.7918e+07	
 7.7918e+07	
 7.7918e+07	
 7.7918e+07	
 7.7918e+07	
 7.7918e+07	
 7.7918e+07	
 7.7918e+07	
 7.7918e+07	
 7.7918e+07	
 7.7918e+07	
 7.7918e+07	
 7.7918e+07	
 7.7918e+07	
 7.7918e+07	
 7.7918e+07	
 7.7918e+07	
 7.7918e+07	
 7.7918e+07	
 7.7918e+07	
 7.7918e+07	
 7.7918e+07	
 7.7918e+07	
 7.7918e+07	
 7.7918e+07	
 7.7918e+07	
 7.7918e+07	
 7.7918e+07	
 7.7918e+07	
 7.7918e+07	
 7.7918e+07	
 7.7918e+07	
 7.7918e+07	
 7.7918e+07	
 7.7918e+07	
 7.7918e+07	
 7.7918e+07	
 7.7918e+07	
 7.7918e+07	
 7.7918e+07	
 7.7918e+07	
 7.7918e+07	
 7.7918e+07	
 7.7918e+07	
 7.7918e+07	
 7.7918e+07	
 7.7918e+07	
 7.7918e+07	
 7.7918e+07	
 7.7918e+07	
 7.7918e+07	
 7.7918e+07	
 7.7918e+07	
 7.7918e+07	
 7.7918e+07	
 7.7918e+07	
 7.7918e+07	
 7.7918e+07	
 7.7918e+07	
 7.7918e+07	
 7.7918e+07	
 7.7918e+07	
 7.7918e+07	
 7.7918e+07	
 7.7918e+07	
 7.7918e+07	
 7.7917e+07	
 7.7917e+07	
 7.7917e+07	
 7.7917e+07	
 7.7917e+07	
 7.7917e+07	
 7.7917e+07	
 7.7917e+07	
 7.7917e+07	
 7.7917e+07	
 7.7917e+07	
 7.7917e+07	
 7.7917e+07	
 7.7917e+07	
 7.7917e+07	
 7.7917e+07	
 7.7917e+07	
 7.7917e+07	
 7.7917e+07	
 7.7917e+07	
 7.7917e+07	
 7.7917e+07	
 7.7917e+07	
 7.7917e+07	
 7.7917e+07	
 7.7917e+07	
 7.7917e+07	
 7.7917e+07	
 7.7917e+07	
 7.7917e+07	
 7.7917e+07	
 7.7917e+07	
 7.7917e+07	
 7.7917e+07	
 7.7917e+07	
 7.7917e+07	
 7.7917e+07	
 7.7917e+07	
 7.7917e+07	
 7.7917e+07	
 7.7917e+07	
 7.7917e+07	
 7.7917e+07	
 7.7917e+07	
 7.7917e+07	
 7.7917e+07	
 7.7917e+07	
 7.7917e+07	
 7.7917e+07	
 7.7917e+07	
 7.7917e+07	
 7.7917e+07	
 7.7917e+07	
 7.7917e+07	
 7.7917e+07	
 7.7917e+07	
 7.7917e+07	
 7.7917e+07	
 7.7917e+07	
 7.7917e+07	
 7.7917e+07	
 7.7917e+07	
 7.7917e+07	
 7.7917e+07	
 7.7917e+07	
 7.7917e+07	
 7.7917e+07	
 7.7917e+07	
 7.7917e+07	
 7.7917e+07	
 7.7917e+07	
 7.7917e+07	
 7.7917e+07	
 7.7917e+07	
 7.7917e+07	
 7.7917e+07	
 7.7917e+07	
 7.7917e+07	
 7.7917e+07	
 7.7917e+07	
 7.7917e+07	
 7.7917e+07	
 7.7917e+07	
 7.7917e+07	
 7.7917e+07	
 7.7917e+07	
 7.7917e+07	
 7.7917e+07	
 7.7917e+07	
 7.7917e+07	
 7.7917e+07	
 7.7917e+07	
 7.7917e+07	
 7.7917e+07	
 7.7917e+07	
 7.7917e+07	
 7.7917e+07	
 7.7917e+07	
 7.7917e+07	
 7.7917e+07	
 7.7917e+07	
 7.7917e+07	
 7.7917e+07	
 7.7917e+07	
 7.7917e+07	
 7.7917e+07	
 7.7917e+07	
 7.7917e+07	
 7.7917e+07	
 7.7917e+07	
 7.7917e+07	
 7.7917e+07	
 7.7917e+07	
 7.7916e+07	
 7.7916e+07	
 7.7916e+07	
 7.7916e+07	
 7.7916e+07	
 7.7916e+07	
 7.7916e+07	
 7.7916e+07	
 7.7916e+07	
 7.7916e+07	
 7.7916e+07	
 7.7916e+07	
 7.7916e+07	
 7.7916e+07	
 7.7916e+07	
 7.7916e+07	
 7.7916e+07	
 7.7916e+07	
 7.7916e+07	
 7.7916e+07	
 7.7916e+07	
 7.7916e+07	
 7.7916e+07	
 7.7916e+07	
 7.7916e+07	
 7.7916e+07	
 7.7916e+07	
 7.7916e+07	
 7.7916e+07	
 7.7916e+07	
 7.7916e+07	
 7.7916e+07	
 7.7916e+07	
 7.7916e+07	
 7.7916e+07	
 7.7916e+07	
 7.7916e+07	
 7.7916e+07	
 7.7916e+07	
 7.7916e+07	
 7.7916e+07	
 7.7916e+07	
 7.7916e+07	
 7.7916e+07	
 7.7916e+07	
 7.7916e+07	
 7.7916e+07	
 7.7916e+07	
 7.7915e+07	
 7.7915e+07	
 7.7915e+07	
 7.7915e+07	
 7.7915e+07	
 7.7915e+07	
 7.7915e+07	
 7.7915e+07	
 7.7915e+07	
 7.7915e+07	
 7.7915e+07	
 7.7915e+07	
 7.7915e+07	
 7.7915e+07	
 7.7915e+07	
 7.7915e+07	
 7.7915e+07	
 7.7915e+07	
 7.7915e+07	
 7.7915e+07	
 7.7915e+07	
 7.7915e+07	
 7.7915e+07	
 7.7915e+07	
 7.7915e+07	
 7.7915e+07	
 7.7915e+07	
 7.7915e+07	
 7.7915e+07	
 7.7915e+07	
 7.7914e+07	
 7.7914e+07	
 7.7914e+07	
 7.7914e+07	
 7.7914e+07	
 7.7914e+07	
 7.7914e+07	
 7.7914e+07	
 7.7914e+07	
 7.7914e+07	
 7.7914e+07	
 7.7914e+07	
 7.7914e+07	
 7.7914e+07	
 7.7914e+07	
 7.7914e+07	
 7.7914e+07	
 7.7914e+07	
 7.7914e+07	
 7.7914e+07	
 7.7913e+07	
 7.7913e+07	
 7.7913e+07	
 7.7913e+07	
 7.7913e+07	
 7.7913e+07	
 7.7913e+07	
 7.7913e+07	
 7.7913e+07	
 7.7913e+07	
 7.7913e+07	
 7.7913e+07	
 7.7913e+07	
 7.7913e+07	
 7.7913e+07	
 7.7913e+07	
 7.7912e+07	
 7.7912e+07	
 7.7912e+07	
 7.7912e+07	
 7.7912e+07	
 7.7912e+07	
 7.7912e+07	
 7.7912e+07	
 7.7912e+07	
 7.7912e+07	
 7.7912e+07	
 7.7912e+07	
 7.7911e+07	
 7.7911e+07	
 7.7911e+07	
 7.7911e+07	
 7.7911e+07	
 7.7911e+07	
 7.7911e+07	
 7.7911e+07	
 7.7911e+07	
 7.7911e+07	
 7.7910e+07	
 7.7910e+07	
 7.7910e+07	
 7.7910e+07	
 7.7910e+07	
 7.7910e+07	
 7.7910e+07	
 7.7910e+07	
 7.7910e+07	
 7.7909e+07	
 7.7909e+07	
 7.7909e+07	
 7.7909e+07	
 7.7909e+07	
 7.7909e+07	
 7.7909e+07	
 7.7908e+07	
 7.7908e+07	
 7.7908e+07	
 7.7908e+07	
 7.7908e+07	
 7.7908e+07	
 7.7907e+07	
 7.7907e+07	
 7.7907e+07	
 7.7907e+07	
 7.7907e+07	
 7.7907e+07	
 7.7906e+07	
 7.7906e+07	
 7.7906e+07	
 7.7906e+07	
 7.7906e+07	
 7.7905e+07	
 7.7905e+07	
 7.7905e+07	
 7.7905e+07	
 7.7905e+07	
 7.7904e+07	
 7.7904e+07	
 7.7904e+07	
 7.7904e+07	
 7.7903e+07	
 7.7903e+07	
 7.7903e+07	
 7.7903e+07	
 7.7902e+07	
 7.7902e+07	
 7.7902e+07	
 7.7901e+07	
 7.7901e+07	
 7.7901e+07	
 7.7901e+07	
 7.7900e+07	
 7.7900e+07	
 7.7899e+07	
 7.7899e+07	
 7.7899e+07	
 7.7898e+07	
 7.7898e+07	
 7.7898e+07	
 7.7897e+07	
 7.7897e+07	
 7.7896e+07	
 7.7896e+07	
 7.7896e+07	
 7.7895e+07	
 7.7895e+07	
 7.7894e+07	
 7.7894e+07	
 7.7893e+07	
 7.7893e+07	
 7.7892e+07	
 7.7892e+07	
 7.7891e+07	
 7.7891e+07	
 7.7890e+07	
 7.7890e+07	
 7.7889e+07	
 7.7888e+07	
 7.7888e+07	
 7.7887e+07	
 7.7886e+07	
 7.7886e+07	
 7.7885e+07	
 7.7884e+07	
 7.7883e+07	
 7.7883e+07	
 7.7882e+07	
 7.7881e+07	
 7.7880e+07	
 7.7879e+07	
 7.7879e+07	
 7.7878e+07	
 7.7877e+07	
 7.7876e+07	
 7.7875e+07	
 7.7874e+07	
 7.7873e+07	
 7.7872e+07	
 7.7871e+07	
 7.7869e+07	
 7.7868e+07	
 7.7867e+07	
 7.7866e+07	
 7.7864e+07	
 7.7863e+07	
 7.7862e+07	
 7.7860e+07	
 7.7859e+07	
 7.7857e+07	
 7.7856e+07	
 7.7854e+07	
 7.7853e+07	
 7.7851e+07	
 7.7849e+07	
 7.7847e+07	
 7.7846e+07	
 7.7844e+07	
 7.7842e+07	
 7.7840e+07	
 7.7838e+07	
 7.7836e+07	
 7.7833e+07	
 7.7831e+07	
 7.7829e+07	
 7.7826e+07	
 7.7824e+07	
 7.7821e+07	
 7.7818e+07	
 7.7815e+07	
 7.7813e+07	
 7.7810e+07	
 7.7807e+07	
 7.7803e+07	
 7.7800e+07	
 7.7797e+07	
 7.7793e+07	
 7.7790e+07	
 7.7786e+07	
 7.7782e+07	
 7.7778e+07	
 7.7774e+07	
 7.7770e+07	
 7.7766e+07	
 7.7761e+07	
 7.7756e+07	
 7.7752e+07	
 7.7747e+07	
 7.7742e+07	
 7.7736e+07	
 7.7731e+07	
 7.7726e+07	
 7.7720e+07	
 7.7714e+07	
 7.7708e+07	
 7.7701e+07	
 7.7695e+07	
 7.7688e+07	
 7.7681e+07	
 7.7674e+07	
 7.7667e+07	
 7.7659e+07	
 7.7651e+07	
 7.7643e+07	
 7.7635e+07	
 7.7626e+07	
 7.7617e+07	
 7.7608e+07	
 7.7598e+07	
 7.7588e+07	
 7.7578e+07	
 7.7568e+07	
 7.7557e+07	
 7.7546e+07	
 7.7535e+07	
 7.7523e+07	
 7.7510e+07	
 7.7497e+07	
 7.7484e+07	
 7.7470e+07	
 7.7456e+07	
 7.7441e+07	
 7.7425e+07	
 7.7409e+07	
 7.7392e+07	
 7.7374e+07	
 7.7355e+07	
 7.7336e+07	
 7.7315e+07	
 7.7293e+07	
 7.7270e+07	
 7.7246e+07	
 7.7222e+07	
 7.7196e+07	
 7.7170e+07	
 7.7141e+07	
 7.7111e+07	
 7.7080e+07	
 7.7047e+07	
 7.7013e+07	
 7.6977e+07	
 7.6941e+07	
 7.6902e+07	
 7.6863e+07	
 7.6821e+07	
 7.6775e+07	
 7.6731e+07	
 7.6686e+07	
 7.6637e+07	
 7.6589e+07	
 7.6543e+07	
 7.6494e+07	
 7.6439e+07	
 7.6393e+07	
 7.6334e+07	
 7.6291e+07	
 7.6230e+07	
 7.6178e+07	
 7.6144e+07	
 7.6067e+07	
 7.6031e+07	
 7.5939e+07	
 7.5875e+07	
 7.5866e+07	
 7.5715e+07	
 7.5649e+07	
 7.5539e+07	
 7.5446e+07	
 7.5292e+07	
 7.5228e+07	
 7.5117e+07	
 7.4908e+07	
 7.4698e+07	
 7.4535e+07	
 7.4151e+07	
 7.3850e+07	
 7.3392e+07	
 7.2989e+07	
 7.2075e+07	
 7.1578e+07	
 7.0417e+07	
 6.9358e+07	
 6.8273e+07	
 6.7649e+07	
 6.7772e+07	
 6.6248e+07	
 6.4870e+07	
 5.9814e+07	
 5.0017e+07	
 4.3080e+07	
 3.7008e+07	
 4.3437e+07	
 3.5925e+07	
 3.7823e+07	
 3.3357e+07	
 6.7477e+07	
 3.4164e+07	
 2.9627e+07	
 2.7709e+07	
 2.9008e+07	
 2.7936e+07	
 4.6219e+07	
 5.8460e+07	
 7.6035e+07	
 8.4555e+07	
 8.2021e+07	
 7.8564e+07	
 7.8237e+07	
 7.7830e+07	
 7.7802e+07	
 7.7743e+07	
 7.7751e+07	
 7.7733e+07	
 7.7657e+07	
 7.7701e+07	
 7.7768e+07	
 7.7682e+07	
 7.7669e+07	
 7.7658e+07	
 7.7620e+07	
 7.7678e+07	
 7.7661e+07	
 7.7575e+07	
 7.7607e+07	
 7.7465e+07	
 7.7058e+07	
 7.6324e+07	
 7.4428e+07	
 7.1893e+07	
 7.0341e+07	
 6.8892e+07	
 6.7259e+07	
 6.5786e+07	
 6.5129e+07	
 6.3285e+07	
 6.1500e+07	
 6.0755e+07	
 5.8700e+07	
 5.7363e+07	
 5.6551e+07	
 5.4985e+07	
 5.4284e+07	
 5.3625e+07	
 5.3104e+07	
 5.2495e+07	
 5.2136e+07	
 5.2224e+07	
 5.1863e+07	
 5.1904e+07	
 5.1677e+07	
 5.1666e+07	
 5.1565e+07	
 5.1561e+07	
 5.1375e+07	
 5.1463e+07	
 5.1369e+07	
 5.1398e+07	
 5.1348e+07	
 5.1470e+07	
 5.1340e+07	
 5.1094e+07	
 5.1174e+07	
 5.1084e+07	
 5.1229e+07	
 5.1307e+07	
 5.1036e+07	
 5.1128e+07	
 5.1224e+07	
 5.1035e+07	
 5.1172e+07	
 5.1093e+07	
 5.1014e+07	
 5.0986e+07	
 5.1153e+07	
 5.0931e+07	
 5.0889e+07	
 5.0941e+07	
 5.0843e+07	
 5.0796e+07	
 5.0662e+07	
 5.0866e+07	
 5.0640e+07	
 5.0853e+07	
 5.0816e+07	
 5.0850e+07	
 5.0573e+07	
 5.0842e+07	
 5.0676e+07	
 5.0728e+07	
 5.0718e+07	
 5.0853e+07	
 5.0686e+07	
 5.0577e+07	
 5.0706e+07	
 5.0523e+07	
 5.0496e+07	
 5.0371e+07	
 5.0465e+07	
 5.0359e+07	
 5.0521e+07	
 5.0233e+07	
 5.0341e+07	
 5.0519e+07	
 5.0310e+07	
 5.0321e+07	
 5.0342e+07	
 5.0282e+07	
 5.0212e+07	
 5.0067e+07	
 5.0251e+07	
 5.0242e+07	
 5.0181e+07	
 5.0084e+07	
 5.0391e+07	
 5.0231e+07	
 4.9969e+07	
 5.0393e+07	
 5.0105e+07	
 5.0127e+07	
 4.9704e+07	
 4.9950e+07	
 4.9758e+07	
 4.9273e+07	
 4.9539e+07	
 4.9776e+07	
 4.9774e+07	
 4.9317e+07	
 4.9972e+07	
 4.9458e+07	
 5.0840e+07	
 5.0486e+07	
 5.1237e+07	
 4.9746e+07	
 5.0024e+07	
 4.9764e+07	
 4.9984e+07	
 4.9783e+07	
 5.0696e+07	
 5.4475e+07	
 8.2694e+07	
 8.4877e+07	
 8.2257e+07	
 7.8197e+07	
 7.7609e+07	
 7.6318e+07	
 7.6272e+07	
 7.6232e+07	
 7.5862e+07	
 7.5818e+07	
 7.5801e+07	
 7.5837e+07	
 7.5645e+07	
 7.5531e+07	
 7.5521e+07	
 7.5353e+07	
 7.5274e+07	
 7.5329e+07	
 7.5128e+07	
 7.4901e+07	
 7.4926e+07	
 7.4726e+07	
 7.4413e+07	
 7.4284e+07	
 7.3941e+07	
 7.3423e+07	
 7.2661e+07	
 7.2211e+07	
 7.1022e+07	
 7.2505e+07	
 7.1832e+07	
 6.7079e+07	
 6.1213e+07	
 5.7935e+07	
 4.7145e+07	
 4.5722e+07	
 7.5706e+07	
 7.7090e+07	
 5.0603e+07	
 5.0520e+07	
 7.8752e+07	
 7.6350e+07	
 7.6080e+07	
 7.5662e+07	
 7.4720e+07	
 4.6666e+07	
 4.4982e+07	
 5.9134e+07	
 5.1373e+07	
 7.6585e+07	
 7.5970e+07	
 7.6102e+07	
 7.5852e+07	
 6.3543e+07	
 4.7514e+07	
 4.3540e+07	
 4.5419e+07	
 4.4420e+07	
 5.3195e+07	
 4.9882e+07	
 7.5990e+07	
 7.5566e+07	
 6.1205e+07	
 4.3743e+07	
 4.3747e+07	
 4.3203e+07	
 4.4620e+07	
 4.5575e+07	
 5.6152e+07	
 4.5368e+07	
 5.7161e+07	
 4.3104e+07	
 4.7353e+07	
 4.7087e+07	
 6.1746e+07	
 4.3189e+07	
 4.2559e+07	
 4.2807e+07	
 4.3011e+07	
 4.4936e+07	
 4.5706e+07	
 5.6029e+07	
 4.4606e+07	
 5.2108e+07	
 4.6461e+07	
 5.9814e+07	
 4.2801e+07	
 4.2685e+07	
 4.2523e+07	
 4.2930e+07	
 4.2897e+07	
 4.4026e+07	
 4.5319e+07	
 5.4301e+07	
 4.4098e+07	
 4.8167e+07	
 4.6744e+07	
 5.8651e+07	
 4.2785e+07	
 4.2639e+07	
 4.2341e+07	
 4.2371e+07	
 4.2654e+07	
 4.2872e+07	
 4.4719e+07	
 4.5761e+07	
 5.5813e+07	
 4.3220e+07	
 4.5397e+07	
 4.4919e+07	
 5.3096e+07	
 4.4624e+07	
 5.1483e+07	
 4.4670e+07	
 5.2249e+07	
 4.3896e+07	
 4.8296e+07	
 4.4692e+07	
 5.1917e+07	
 4.3830e+07	
 4.7988e+07	
 4.4728e+07	
 5.1924e+07	
 4.3901e+07	
 4.7591e+07	
 4.5262e+07	
 5.2515e+07	
 4.3452e+07	
 4.6327e+07	
 4.4441e+07	
 5.0231e+07	
 4.4042e+07	
 4.8795e+07	
 4.3998e+07	
 4.9801e+07	
 4.4335e+07	
 4.9740e+07	
 4.3749e+07	
 4.8322e+07	
 4.4409e+07	
 5.0780e+07	
 4.3710e+07	
 4.7238e+07	
 4.4274e+07	
 4.9204e+07	
 4.3443e+07	
 4.7876e+07	
 4.4024e+07	
 4.9166e+07	
 4.3412e+07	
 4.7610e+07	
 4.4200e+07	
 4.8920e+07	
 4.3360e+07	
 4.8411e+07	
 4.3597e+07	
 4.7401e+07	
 4.4419e+07	
 4.9271e+07	
 4.3549e+07	
 4.6335e+07	
 4.3513e+07	
 4.6947e+07	
 4.4031e+07	
 4.8143e+07	
 4.3078e+07	
 4.6825e+07	
 4.3184e+07	
 4.7072e+07	
 4.3529e+07	
 4.6478e+07	
 4.3069e+07	
 4.7949e+07	
 4.3325e+07	
 4.7668e+07	
 4.3090e+07	
 4.6559e+07	
 4.3079e+07	
 4.7597e+07	
 4.2685e+07	
 4.6322e+07	
 4.3395e+07	
 4.6962e+07	
 4.2865e+07	
 4.6061e+07	
 4.2869e+07	
 4.5480e+07	
 4.2246e+07	
 4.5456e+07	
 4.1260e+07	
 4.4228e+07	
 3.9860e+07	
 3.5334e+07	
 2.6419e+07	
 2.7288e+07	
 2.4623e+07	
 3.0584e+07	
 1.8392e+07	
 1.9836e+07	
 1.9945e+07	
 2.4954e+07	
 1.8695e+07	
 2.2202e+07	
 1.8972e+07	
 2.4963e+07	
 1.8577e+07	
 2.1461e+07	
 1.9031e+07	
 2.3766e+07	
 1.9150e+07	
 2.3584e+07	
 1.8094e+07	
 2.2248e+07	
 1.8900e+07	
 2.3702e+07	
 2.0244e+07	
 2.2729e+07	
 1.8649e+07	
 2.2702e+07	
 1.7995e+07	
 2.1817e+07	
 1.8321e+07	
 2.1920e+07	
 1.9135e+07	
 2.2922e+07	
 1.8689e+07	
 2.2205e+07	
 1.8772e+07	
 2.3079e+07	
 1.9951e+07	
 2.1873e+07	
 1.8833e+07	
 2.2154e+07	
 1.9317e+07	
 2.2300e+07	
 1.8627e+07	
 2.2751e+07	
 1.8782e+07	
 2.1713e+07	
 1.8152e+07	
 2.1625e+07	
 1.7620e+07	
 2.0830e+07	
 1.8701e+07	
 2.3000e+07	
 1.8159e+07	
 2.0731e+07	
 1.8482e+07	
 2.1110e+07	
 1.8345e+07	
 2.2282e+07	
 1.8195e+07	
 2.1337e+07	
 1.7948e+07	
 2.1411e+07	
 1.7630e+07	
 2.0687e+07	
 1.8193e+07	
 2.1951e+07	
 1.7688e+07	
 2.0947e+07	
 1.7658e+07	
 2.0924e+07	
 1.7379e+07	
 2.0154e+07	
 1.6731e+07	
 1.9742e+07	
 1.8195e+07	
 2.3074e+07	
 1.6546e+07	
 1.8562e+07	
 1.7594e+07	
 2.1099e+07	
 1.7802e+07	
 2.0841e+07	
 1.6836e+07	
 1.9850e+07	
 1.7041e+07	
 2.0167e+07	
 1.7457e+07	
 2.0262e+07	
 1.7269e+07	
 2.0903e+07	
 1.6820e+07	
 1.9652e+07	
 1.7186e+07	
 2.0501e+07	
 1.6899e+07	
 1.9840e+07	
 1.6686e+07	
 1.9466e+07	
 1.6158e+07	
 1.9698e+07	
 1.6346e+07	
 1.9477e+07	
 1.6191e+07	
 1.9730e+07	
 1.6088e+07	
 1.8902e+07	
 1.6289e+07	
 2.0311e+07	
 1.5823e+07	
 1.8600e+07	
 1.5653e+07	
 1.8716e+07	
 1.5781e+07	
 1.9508e+07	
 1.5138e+07	
 1.8049e+07	
 1.5478e+07	
 1.9413e+07	
 1.5153e+07	
 1.8213e+07	
 1.4704e+07	
 1.7491e+07	
 1.5306e+07	
 1.8583e+07	
 1.5038e+07	
 1.8207e+07	
 1.4949e+07	
 1.8109e+07	
 1.5371e+07	
 1.8935e+07	
 1.4484e+07	
 1.7067e+07	
 1.4676e+07	
 1.8176e+07	
 1.5292e+07	
 1.9011e+07	
 1.4567e+07	
 1.6840e+07	
 1.4515e+07	
 1.6705e+07	
 1.5062e+07	
 1.8207e+07	
 1.4751e+07	
 1.7712e+07	
 1.4705e+07	
 1.7809e+07	
 1.4900e+07	
 1.8108e+07	
 1.4464e+07	
 1.7457e+07	
 1.4129e+07	
 1.6896e+07	
 1.4538e+07	
 1.6984e+07	
 1.4546e+07	
 1.7606e+07	
 1.4235e+07	
 1.7348e+07	
 1.4161e+07	
 1.7139e+07	
 1.4732e+07	
 1.8166e+07	
 1.3958e+07	
 1.6703e+07	
 1.4059e+07	
 1.6883e+07	
 1.3875e+07	
 1.5503e+07	
 1.4055e+07	
 1.6226e+07	
 1.4785e+07	
 1.7631e+07	
 1.4000e+07	
 1.5680e+07	
 1.3718e+07	
 1.6093e+07	
 1.4101e+07	
 1.7062e+07	
 1.3954e+07	
 1.6574e+07	
 1.3596e+07	
 1.5514e+07	
 1.3626e+07	
 1.6795e+07	
 1.3683e+07	
 1.5666e+07	
 1.3033e+07	
 1.6145e+07	
 1.3431e+07	
 1.6268e+07	
 1.3139e+07	
 1.6714e+07	
 1.3568e+07	
 1.5790e+07	
 1.3187e+07	
 1.5135e+07	
 1.2759e+07	
 1.5760e+07	
 1.2817e+07	
 1.5170e+07	
 1.3304e+07	
 1.6652e+07	
 1.2419e+07	
 1.5357e+07	
 1.2652e+07	
 1.5823e+07	
 1.1577e+07	
 1.4177e+07	
 1.2501e+07	
 1.6049e+07	
 1.1789e+07	
 1.4146e+07	
 1.2334e+07	
 1.5580e+07	
 1.1645e+07	
 1.4535e+07	
 1.0827e+07	
 1.3650e+07	
 1.1235e+07	
 1.5563e+07	
 1.0555e+07	
 1.4077e+07	
 1.1347e+07	
 1.6386e+07	
 9.1500e+06	
 1.1871e+07	
 1.0621e+07	
 1.7793e+07	
 7.0436e+06	
 8.1654e+06	
 9.1649e+06	
 1.5249e+07	
 7.9468e+06	
 1.1815e+07	
 9.2946e+06	
 1.6548e+07	
 6.3102e+06	
 7.9135e+06	
 7.8745e+06	
 1.3380e+07	
 9.2988e+06	
 1.7480e+07	
 6.7802e+06	
 9.8629e+06	
 9.3075e+06	
 1.7189e+07	
 6.1934e+06	
 7.4590e+06	
 7.4918e+06	
 1.3927e+07	
 7.8756e+06	
 1.3941e+07	
 6.7034e+06	
 1.0534e+07	
 7.5361e+06	
 1.1636e+07	
 7.6356e+06	
 1.1922e+07	
 7.4064e+06	
 1.2409e+07	
 8.0552e+06	
 1.3366e+07	
 5.8704e+06	
 8.3533e+06	
 7.6364e+06	
 1.3666e+07	
 5.7371e+06	
 7.2543e+06	
 5.9718e+06	
 9.1720e+06	
 8.0317e+06	
 1.4397e+07	
 5.3138e+06	
 7.7171e+06	
 7.6485e+06	
 1.2394e+07	
 5.6452e+06	
 7.8645e+06	
 6.4804e+06	
 9.9878e+06	
 5.9290e+06	
 8.9482e+06	
 6.7752e+06	
 1.0640e+07	
 7.4022e+06	
 1.0106e+07	
 6.6572e+06	
 1.0315e+07	
 5.7723e+06	
 7.9270e+06	
 6.6186e+06	
 9.7887e+06	
 6.1128e+06	
 9.6008e+06	
 6.9911e+06	
 1.1748e+07	
 5.5662e+06	
 7.6826e+06	
 6.8616e+06	
 1.2106e+07	
 5.7939e+06	
 7.6038e+06	
 6.3478e+06	
 9.6840e+06	
 6.4893e+06	
 9.3152e+06	
 6.5847e+06	
 1.0023e+07	
 6.0912e+06	
 8.4853e+06	
 6.3392e+06	
 9.6883e+06	
 6.0997e+06	
 8.3364e+06	
 6.0326e+06	
 9.2897e+06	
 6.3962e+06	
 8.9664e+06	
 5.6443e+06	
 8.3976e+06	
 7.2811e+06	
 1.1852e+07	
 5.7161e+06	
 7.4449e+06	
 6.4368e+06	
 8.5574e+06	
 6.4463e+06	
 8.9451e+06	
 6.0090e+06	
 7.9680e+06	
 5.8054e+06	
 7.5467e+06	
 6.0649e+06	
 8.7628e+06	
 5.7652e+06	
 8.5331e+06	
 7.2072e+06	
 1.1845e+07	
 5.3442e+06	
 7.5720e+06	
 6.1790e+06	
 8.3867e+06	
 5.7236e+06	
 7.9657e+06	
 6.4094e+06	
 9.5083e+06	
 5.4950e+06	
 7.1858e+06	
 6.3451e+06	
 9.5324e+06	
 6.0382e+06	
 8.1617e+06	
 6.0890e+06	
 8.6612e+06	
 5.7818e+06	
 7.8261e+06	
 5.3650e+06	
 6.4832e+06	
 5.6580e+06	
 7.4535e+06	
 5.5393e+06	
 6.4881e+06	
 5.2297e+06	
 6.4037e+06	
 5.5215e+06	
 6.6958e+06	
 5.7241e+06	
 7.4855e+06	
 5.7296e+06	
 7.1993e+06	
 5.6815e+06	
 7.0008e+06	
 5.5263e+06	
 7.8381e+06	
 5.8041e+06	
 7.7210e+06	
 5.7228e+06	
 8.2023e+06	
 5.8736e+06	
 8.4038e+06	
 6.9233e+06	
 1.1412e+07	
 5.2910e+06	
 7.5605e+06	
 5.6684e+06	
 7.1313e+06	
 5.8694e+06	
 7.2750e+06	
 5.4895e+06	
 6.6800e+06	
 5.2170e+06	
 7.3700e+06	
 5.8219e+06	
 7.9808e+06	
 5.3732e+06	
 6.3849e+06	
 5.2889e+06	
 6.8007e+06	
 6.5170e+06	
 9.8505e+06	
 5.4288e+06	
 6.7788e+06	
 5.0222e+06	
 6.0653e+06	
 5.6541e+06	
 7.7262e+06	
 5.1678e+06	
 6.4680e+06	
 6.4808e+06	
 1.0386e+07	
 5.3498e+06	
 6.7560e+06	
 5.3204e+06	
 6.7273e+06	
 5.1734e+06	
 6.3970e+06	
 5.8119e+06	
 7.1194e+06	
 4.7937e+06	
 5.7977e+06	
 6.4060e+06	
 9.4191e+06	
 5.7813e+06	
 7.8872e+06	
 5.6642e+06	
 7.1411e+06	
 5.8807e+06	
 8.0453e+06	
 5.4824e+06	
 6.9380e+06	
 5.1515e+06	
 6.2588e+06	
 5.2855e+06	
 6.2059e+06	
 5.1293e+06	
 5.3274e+06	
 5.6799e+06	
 8.2649e+06	
 5.4345e+06	
 7.0013e+06	
 5.4854e+06	
 7.0698e+06	
 5.9485e+06	
 7.0231e+06	
 5.1918e+06	
 7.2473e+06	
 5.7929e+06	
 7.8263e+06	
 5.5233e+06	
 7.5885e+06	
 5.1292e+06	
 6.2049e+06	
 5.4088e+06	
 7.2885e+06	
 5.3852e+06	
 6.5003e+06	
 5.7222e+06	
 8.4702e+06	
 5.7798e+06	
 7.7580e+06	
 5.1493e+06	
 6.8632e+06	
 6.2465e+06	
 9.1185e+06	
 4.8634e+06	
 5.5977e+06	
 4.8879e+06	
 5.9099e+06	
 5.2194e+06	
 6.9432e+06	
 6.0893e+06	
 8.3030e+06	
 4.8824e+06	
 5.8592e+06	
 5.2502e+06	
 6.7778e+06	
 5.6417e+06	
 7.2088e+06	
 4.9614e+06	
 6.1407e+06	
 6.2660e+06	
 8.6477e+06	
 5.9538e+06	
 7.3901e+06	
 4.6939e+06	
 4.8586e+06	
 4.5584e+06	
 4.2555e+06	
 4.1428e+06	
 4.2947e+06	
 4.8021e+06	
 5.5574e+06	
 5.4670e+06	
 7.6571e+06	
 5.0840e+06	
 6.1031e+06	
 5.5237e+06	
 7.4093e+06	
 5.8934e+06	
 8.1947e+06	
 5.5671e+06	
 7.5373e+06	
 4.8292e+06	
 5.9195e+06	
 4.9983e+06	
 6.1753e+06	
 5.6370e+06	
 7.1163e+06	
 5.9130e+06	
 8.0889e+06	
 5.0324e+06	
 6.1636e+06	
 4.5779e+06	
 5.2532e+06	
 5.7136e+06	
 7.4318e+06	
 5.6114e+06	
 8.7921e+06	
 5.0554e+06	
 5.8701e+06	
 5.0719e+06	
 5.9697e+06	
 5.3446e+06	
 6.1647e+06	
 5.0838e+06	
 6.0957e+06	
 4.3282e+06	
 4.6789e+06	
 4.9048e+06	
 6.4081e+06	
 5.0149e+06	
 7.1097e+06	
 5.4218e+06	
 7.5322e+06	
 5.4631e+06	
 7.2248e+06	
 5.1962e+06	
 6.3658e+06	
 4.8478e+06	
 4.8461e+06	
 4.7462e+06	
 6.3131e+06	
 5.7904e+06	
 7.3059e+06	
 5.7072e+06	
 6.7783e+06	
 5.0886e+06	
 6.1779e+06	
 5.0295e+06	
 5.5233e+06	
 4.8087e+06	
 5.5221e+06	
 4.9808e+06	
 6.2709e+06	
 5.5135e+06	
 7.8539e+06	
 5.5841e+06	
 8.3606e+06	
 5.1926e+06	
 6.8981e+06	
 4.9709e+06	
 5.4921e+06	
 5.0748e+06	
 5.6837e+06	
 4.2798e+06	
 4.6622e+06	
 5.1351e+06	
 6.4275e+06	
 5.3835e+06	
 6.1909e+06	
 5.4111e+06	
 6.5040e+06	
 5.2168e+06	
 7.1576e+06	
 5.2287e+06	
 6.6170e+06	
 5.1400e+06	
 7.1793e+06	
 5.2284e+06	
 6.3760e+06	
 5.2227e+06	
 5.6184e+06	
 4.5227e+06	
 5.4056e+06	
 5.6352e+06	
 6.5531e+06	
 5.0978e+06	
 6.5997e+06	
 4.8299e+06	
 5.3374e+06	
 5.7323e+06	
 6.5321e+06	
 5.0293e+06	
 5.9067e+06	
 5.5963e+06	
 7.0228e+06	
 5.1407e+06	
 6.2011e+06	
 5.1691e+06	
 7.1555e+06	
 5.4774e+06	
 7.5356e+06	
 5.6964e+06	
 7.3350e+06	
 4.3946e+06	
 4.4281e+06	
 4.6713e+06	
 5.3900e+06	
 4.7591e+06	
 4.8467e+06	
 5.1296e+06	
 6.2861e+06	
 4.5899e+06	
 4.9531e+06	
 4.8241e+06	
 6.6816e+06	
 4.9992e+06	
 5.7899e+06	
 4.6014e+06	
 4.9245e+06	
 4.7521e+06	
 5.1338e+06	
 5.0046e+06	
 5.9164e+06	
 4.6317e+06	
 5.8734e+06	
 5.4531e+06	
 6.0770e+06	
 4.6583e+06	
 5.7053e+06	
 5.0049e+06	
 6.3436e+06	
 6.1365e+06	
 8.8426e+06	
 4.8114e+06	
 5.5965e+06	
 5.1925e+06	
 7.0196e+06	
 5.3039e+06	
 6.6302e+06	
 5.0273e+06	
 5.8985e+06	
 4.8344e+06	
 6.6205e+06	
 5.4192e+06	
 7.9925e+06	
 5.4191e+06	
 7.0580e+06	
 5.2388e+06	
 6.0738e+06	
 5.4107e+06	
 7.5789e+06	
 5.1575e+06	
 6.5229e+06	
 4.9496e+06	
 5.7746e+06	
 4.6116e+06	
 4.8636e+06	
 4.1028e+06	
 4.2915e+06	
 4.4850e+06	
 4.9322e+06	
 4.9222e+06	
 6.5107e+06	
 5.4637e+06	
 7.6911e+06	
 5.6795e+06	
 7.5755e+06	
 4.8111e+06	
 6.1866e+06	
 4.9623e+06	
 5.6893e+06	
 4.8699e+06	
 6.6633e+06	
 5.6274e+06	
 8.1744e+06	
 4.7699e+06	
 5.4954e+06	
 5.2334e+06	
 7.0623e+06	
 4.9895e+06	
 6.2353e+06	
 4.6352e+06	
 5.8327e+06	
 4.5182e+06	
 4.7904e+06	
 3.8581e+06	
 4.0334e+06	
 4.1115e+06	
 4.6128e+06	
 4.6033e+06	
 5.7063e+06	
 4.7195e+06	
 6.2158e+06	
 5.3025e+06	
 7.7442e+06	
 4.5208e+06	
 5.3367e+06	
 5.1565e+06	
 6.2378e+06	
 4.7381e+06	
 5.5007e+06	
 4.3289e+06	
 4.9415e+06	
 4.7766e+06	
 6.0147e+06	
 4.9941e+06	
 6.2624e+06	
 4.4814e+06	
 5.7835e+06	
 6.1764e+06	
 8.9699e+06	
 4.6603e+06	
 5.6703e+06	
 4.7051e+06	
 5.4748e+06	
 4.9299e+06	
 5.8255e+06	
 4.2765e+06	
 4.4716e+06	
 4.8456e+06	
 5.5913e+06	
 4.8419e+06	
 5.3895e+06	
 4.1706e+06	
 4.5859e+06	
 4.6628e+06	
 5.7716e+06	
 4.3547e+06	
 4.2860e+06	
 3.8352e+06	
 4.0064e+06	
 4.1082e+06	
 4.1313e+06	
 3.9283e+06	
 3.7547e+06	
 3.7297e+06	
 3.9296e+06	
 4.0455e+06	
 4.4682e+06	
 3.9607e+06	
 4.2226e+06	
 4.4459e+06	
 5.3286e+06	
 5.0005e+06	
 6.0967e+06	
 4.4927e+06	
 4.5610e+06	
 3.7205e+06	
 3.5326e+06	
 3.5173e+06	
 3.6004e+06	
 3.7836e+06	
 4.0600e+06	
 3.7773e+06	
 4.0668e+06	
 4.1278e+06	
 4.4327e+06	
 4.3037e+06	
 4.3606e+06	
 4.4020e+06	
 5.4342e+06	
 4.5739e+06	
 5.9532e+06	
 4.6109e+06	
 4.9972e+06	
 4.1993e+06	
 5.7064e+06	
 5.7878e+06	
 8.4429e+06	
 5.5370e+06	
 7.8745e+06	
 4.3720e+06	
 5.8998e+06	
 5.1161e+06	
 6.3517e+06	
 4.5693e+06	
 5.6416e+06	
 4.3334e+06	
 4.9159e+06	
 4.5210e+06	
 5.1077e+06	
 4.2203e+06	
 4.4907e+06	
 4.7601e+06	
 5.4271e+06	
 3.9620e+06	
 4.4108e+06	
 4.0975e+06	
 4.2831e+06	
 4.3733e+06	
 4.9697e+06	
 3.8871e+06	
 4.6401e+06	
 5.7812e+06	
 7.5197e+06	
 4.6877e+06	
 5.4594e+06	
 4.9024e+06	
 5.6284e+06	
 4.5991e+06	
 5.2148e+06	
 4.2402e+06	
 4.3003e+06	
 3.9524e+06	
 4.1520e+06	
 3.8154e+06	
 4.2569e+06	
 3.9089e+06	
 4.1557e+06	
 4.7734e+06	
 6.4005e+06	
 5.4243e+06	
 6.9689e+06	
 4.6401e+06	
 5.3058e+06	
 4.5787e+06	
 4.5661e+06	
 4.0831e+06	
 4.4407e+06	
 4.2548e+06	
 4.0453e+06	
 3.9689e+06	
 4.7146e+06	
 4.4529e+06	
 5.3063e+06	
 4.6547e+06	
 6.2312e+06	
 4.8499e+06	
 6.0425e+06	
 4.9923e+06	
 7.2096e+06	
 5.0394e+06	
 6.1551e+06	
 4.7018e+06	
 6.6470e+06	
 5.8088e+06	
 8.4000e+06	
 4.5522e+06	
 5.9534e+06	
 4.4277e+06	
 4.8720e+06	
 4.5438e+06	
 5.4834e+06	
 4.9215e+06	
 6.9331e+06	
 4.8919e+06	
 5.8468e+06	
 4.5763e+06	
 5.5197e+06	
 4.2842e+06	
 4.7375e+06	
 4.6188e+06	
 5.2321e+06	
 4.5532e+06	
 5.7421e+06	
 4.9243e+06	
 5.9688e+06	
 4.0298e+06	
 4.6650e+06	
 4.6362e+06	
 5.8456e+06	
 5.0327e+06	
 5.5825e+06	
 4.8216e+06	
 6.1673e+06	
 4.2145e+06	
 4.4898e+06	
 3.8382e+06	
 4.0253e+06	
 4.5330e+06	
 5.5350e+06	
 4.3629e+06	
 4.9634e+06	
 4.0151e+06	
 4.3822e+06	
 4.8727e+06	
 7.0776e+06	
 3.9752e+06	
 4.2286e+06	
 4.4784e+06	
 5.3934e+06	
 4.5276e+06	
 4.9201e+06	
 3.9063e+06	
 3.7651e+06	
 3.9241e+06	
 4.8882e+06	
 4.3025e+06	
 4.7798e+06	
 4.2546e+06	
 4.7941e+06	
 4.6356e+06	
 4.7336e+06	
 4.2700e+06	
 5.9126e+06	
 4.5350e+06	
 5.9241e+06	
 4.4495e+06	
 5.2485e+06	
 4.3765e+06	
 6.1574e+06	
 5.9607e+06	
 8.2567e+06	
 3.7197e+06	
 3.8851e+06	
 3.8638e+06	
 4.1172e+06	
 4.1881e+06	
 4.7878e+06	
 4.6892e+06	
 5.2691e+06	
 4.0164e+06	
 4.6734e+06	
 4.8206e+06	
 6.2183e+06	
 4.4035e+06	
 5.4588e+06	
 4.0590e+06	
 4.5921e+06	
 4.2736e+06	
 5.3811e+06	
 4.7039e+06	
 5.8460e+06	
 4.1364e+06	
 4.6950e+06	
 4.3299e+06	
 6.3704e+06	
 4.5453e+06	
 5.8812e+06	
 3.7859e+06	
 3.9390e+06	
 3.4923e+06	
 3.7915e+06	
 3.7281e+06	
 3.9663e+06	
 4.4338e+06	
 4.8733e+06	
 3.6384e+06	
 4.5832e+06	
 4.8892e+06	
 6.6780e+06	
 4.3464e+06	
 5.1912e+06	
 4.1421e+06	
 4.5770e+06	
 4.3327e+06	
 4.9612e+06	
 3.9690e+06	
 4.0658e+06	
 3.6003e+06	
 3.8585e+06	
 3.3800e+06	
 3.3809e+06	
 3.3549e+06	
 3.3657e+06	
 3.4070e+06	
 3.8435e+06	
 3.8449e+06	
 4.3568e+06	
 4.5098e+06	
 5.7793e+06	
 3.9326e+06	
 4.4925e+06	
 4.0842e+06	
 5.0137e+06	
 3.9637e+06	
 4.7117e+06	
 4.0802e+06	
 4.7489e+06	
 4.3219e+06	
 5.2079e+06	
 4.3919e+06	
 5.2321e+06	
 3.3966e+06	
 4.1840e+06	
 4.4460e+06	
 5.5475e+06	
 4.3436e+06	
 5.5368e+06	
 4.2960e+06	
 4.6092e+06	
 3.6792e+06	
 3.6637e+06	
 3.7771e+06	
 4.4092e+06	
 3.6257e+06	
 4.0377e+06	
 3.4175e+06	
 3.6729e+06	
 3.6174e+06	
 4.0475e+06	
 4.0244e+06	
 4.9259e+06	
 4.2201e+06	
 4.8382e+06	
 3.8185e+06	
 3.8026e+06	
 3.3875e+06	
 3.4855e+06	
 3.5970e+06	
 4.1216e+06	
 4.0069e+06	
 4.8565e+06	
 3.7185e+06	
 5.0154e+06	
 4.5118e+06	
 5.8024e+06	
 3.5470e+06	
 4.2608e+06	
 4.1988e+06	
 5.7183e+06	
 4.6848e+06	
 5.1640e+06	
 4.3611e+06	
 5.5322e+06	
 4.0532e+06	
 5.0500e+06	
 4.1098e+06	
 5.0448e+06	
 5.0275e+06	
 6.7330e+06	
 3.2115e+06	
 3.1485e+06	
 2.9955e+06	
 2.9757e+06	
 2.7552e+06	
 2.6253e+06	
 2.8336e+06	
 2.9575e+06	
 2.7440e+06	
 2.8428e+06	
 2.9065e+06	
 2.8673e+06	
 2.7623e+06	
 3.0142e+06	
 3.0961e+06	
 3.6911e+06	
 4.5279e+06	
 5.9175e+06	
 3.4284e+06	
 4.2343e+06	
 3.0499e+06	
 3.0689e+06	
 3.0326e+06	
 3.5894e+06	
 3.6139e+06	
 3.5959e+06	
 2.7701e+06	
 3.1064e+06	
 3.7322e+06	
 4.5575e+06	
 3.7522e+06	
 4.3841e+06	
 4.5756e+06	
 5.7451e+06	
 3.4406e+06	
 3.7859e+06	
 3.2652e+06	
 3.8987e+06	
 3.2434e+06	
 3.2322e+06	
 3.0649e+06	
 3.4113e+06	
 2.8609e+06	
 2.8372e+06	
 3.0451e+06	
 4.1155e+06	
 3.4920e+06	
 3.3194e+06	
 2.7145e+06	
 2.9407e+06	
 3.0551e+06	
 3.6990e+06	
 3.8823e+06	
 5.0822e+06	
 3.1739e+06	
 3.7110e+06	
 3.8627e+06	
 5.3400e+06	
 3.2244e+06	
 3.5622e+06	
 3.0256e+06	
 3.2005e+06	
 2.8561e+06	
 3.4722e+06	
 3.5241e+06	
 4.5700e+06	
 3.2550e+06	
 4.4857e+06	
 3.6354e+06	
 4.5398e+06	
 3.6540e+06	
 4.8773e+06	
 3.5424e+06	
 4.1577e+06	
 3.0829e+06	
 3.9117e+06	
 3.7753e+06	
 4.8727e+06	
 3.9168e+06	
 5.2648e+06	
 3.4289e+06	
 4.0171e+06	
 3.3138e+06	
 4.4425e+06	
 2.7101e+06	
 2.4141e+06	
 2.2152e+06	
 2.0373e+06	
 2.2080e+06	
 2.2511e+06	
 2.0895e+06	
 2.0047e+06	
 2.1366e+06	
 2.3651e+06	
 2.5229e+06	
 2.4668e+06	
 2.8021e+06	
 3.2982e+06	
 2.4765e+06	
 2.4922e+06	
 2.3938e+06	
 2.6118e+06	
 2.9211e+06	
 3.8612e+06	
 3.6707e+06	
 5.0507e+06	
 3.9673e+06	
 5.7849e+06	
 3.2084e+06	
 4.4081e+06	
 3.2223e+06	
 4.4505e+06	
 3.4659e+06	
 3.9470e+06	
 2.6763e+06	
 3.2000e+06	
 3.0577e+06	
 3.8240e+06	
 3.8030e+06	
 5.9295e+06	
 2.9069e+06	
 3.6434e+06	
 3.1473e+06	
 4.0985e+06	
 3.2161e+06	
 4.1730e+06	
 3.2521e+06	
 4.7615e+06	
 2.6065e+06	
 2.9237e+06	
 2.6906e+06	
 2.3857e+06	
 2.1374e+06	
 2.1012e+06	
 2.1977e+06	
 2.5749e+06	
 2.5218e+06	
 3.0949e+06	
 2.5017e+06	
 2.5391e+06	
 2.1440e+06	
 1.8976e+06	
 2.1881e+06	
 2.9504e+06	
 3.1001e+06	
 3.8327e+06	
 2.9965e+06	
 4.4749e+06	
 3.1427e+06	
 3.3393e+06	
 2.7551e+06	
 4.7730e+06	
 3.9252e+06	
 6.2315e+06	
 3.1976e+06	
 4.2579e+06	
 2.9932e+06	
 3.9411e+06	
 3.3927e+06	
 4.3227e+06	
 3.0932e+06	
 4.0835e+06	
 3.1511e+06	
 4.2889e+06	
 2.9322e+06	
 3.5623e+06	
 3.1027e+06	
 4.3550e+06	
 3.1349e+06	
 3.6621e+06	
 2.5866e+06	
 3.2419e+06	
 3.6894e+06	
 5.5178e+06	
 3.3332e+06	
 4.9450e+06	
 2.9359e+06	
 2.8536e+06	
 2.3267e+06	
 2.3686e+06	
 2.1578e+06	
 2.3189e+06	
 2.6155e+06	
 3.5676e+06	
 3.0021e+06	
 2.9110e+06	
 2.3017e+06	
 2.5024e+06	
 2.5381e+06	
 3.7646e+06	
 2.9605e+06	
 3.3837e+06	
 2.8439e+06	
 3.4324e+06	
 2.9982e+06	
 4.4764e+06	
 3.3923e+06	
 4.7769e+06	
 3.5739e+06	
 4.3723e+06	
 2.4533e+06	
 2.6859e+06	
 2.2527e+06	
 2.2134e+06	
 2.7470e+06	
 4.2213e+06	
 2.8199e+06	
 3.3841e+06	
 2.8407e+06	
 3.6751e+06	
 2.5411e+06	
 3.0585e+06	
 2.0311e+06	
 1.8360e+06	
 1.6947e+06	
 1.6647e+06	
 1.6685e+06	
 1.7495e+06	
 1.9549e+06	
 2.3075e+06	
 2.0296e+06	
 2.2507e+06	
 2.6053e+06	
 3.6366e+06	
 2.6084e+06	
 2.7753e+06	
 2.3686e+06	
 2.3141e+06	
 2.0536e+06	
 1.9815e+06	
 1.7712e+06	
 1.6706e+06	
 1.6288e+06	
 1.6379e+06	
 1.7443e+06	
 1.6062e+06	
 1.6317e+06	
 1.7068e+06	
 1.7394e+06	
 1.7341e+06	
 1.6751e+06	
 1.6480e+06	
 1.6184e+06	
 1.6126e+06	
 1.6350e+06	
 1.6586e+06	
 1.6865e+06	
 1.7972e+06	
 2.1508e+06	
 1.9421e+06	
 1.9976e+06	
 2.2723e+06	
 2.7864e+06	
 2.7187e+06	
 2.9957e+06	
 2.9987e+06	
 3.8989e+06	
 2.8099e+06	
 4.0172e+06	
 3.2349e+06	
 5.0024e+06	
 3.6191e+06	
 4.2532e+06	
 3.4562e+06	
 5.2337e+06	
 2.8349e+06	
 3.4064e+06	
 2.5970e+06	
 2.7545e+06	
 1.9433e+06	
 2.0239e+06	
 2.0376e+06	
 2.1224e+06	
 2.0445e+06	
 2.3147e+06	
 2.1849e+06	
 2.5011e+06	
 2.4076e+06	
 2.9369e+06	
 2.6132e+06	
 3.3540e+06	
 2.5978e+06	
 3.7400e+06	
 2.4617e+06	
 2.9013e+06	
 2.2468e+06	
 2.6247e+06	
 2.7368e+06	
 3.6598e+06	
 2.4561e+06	
 2.4498e+06	
 1.8175e+06	
 1.8392e+06	
 1.6584e+06	
 1.7217e+06	
 2.8115e+06	
 4.5843e+06	
 3.4268e+06	
 4.8445e+06	
 2.6461e+06	
 3.3585e+06	
 3.0592e+06	
 4.7489e+06	
 2.5764e+06	
 2.4347e+06	
 2.0743e+06	
 2.6455e+06	
 2.9835e+06	
 3.7067e+06	
 2.2379e+06	
 2.6818e+06	
 2.1577e+06	
 2.3782e+06	
 2.3185e+06	
 2.7588e+06	
 2.2902e+06	
 2.6029e+06	
 2.0099e+06	
 2.1943e+06	
 2.5098e+06	
 3.3483e+06	
 2.5038e+06	
 2.9089e+06	
 2.1543e+06	
 2.6561e+06	
 2.4642e+06	
 3.0076e+06	
 2.4578e+06	
 2.5108e+06	
 2.6881e+06	
 4.3982e+06	
 2.7334e+06	
 3.3297e+06	
 2.9696e+06	
 4.2605e+06	
 2.8328e+06	
 3.8314e+06	
 2.5213e+06	
 3.0750e+06	
 2.6355e+06	
 3.2902e+06	
 2.3526e+06	
 3.3585e+06	
 3.1411e+06	
 3.0732e+06	
 2.1482e+06	
 2.3484e+06	
 1.9483e+06	
 1.8470e+06	
 1.5969e+06	
 1.4773e+06	
 1.4896e+06	
 1.5499e+06	
 1.7836e+06	
 1.7998e+06	
 1.7927e+06	
 1.7372e+06	
 1.8157e+06	
 1.7786e+06	
 1.7792e+06	
 1.6174e+06	
 1.7395e+06	
 1.5883e+06	
 1.7082e+06	
 1.8964e+06	
 2.5223e+06	
 2.6141e+06	
 3.0647e+06	
 2.5127e+06	
 3.7482e+06	
 2.4139e+06	
 2.8369e+06	
 2.0580e+06	
 2.1081e+06	
 2.0213e+06	
 2.7005e+06	
 3.4000e+06	
 4.4923e+06	
 2.5300e+06	
 3.8268e+06	
 3.2220e+06	
 5.2063e+06	
 3.2227e+06	
 5.4388e+06	
 3.0154e+06	
 3.8966e+06	
 2.3382e+06	
 2.4357e+06	
 1.8477e+06	
 2.3282e+06	
 3.0217e+06	
 4.0187e+06	
 2.3256e+06	
 3.2377e+06	
 2.6532e+06	
 3.0812e+06	
 2.1953e+06	
 2.8231e+06	
 3.1806e+06	
 4.7150e+06	
 2.2351e+06	
 2.7428e+06	
 1.9854e+06	
 2.1238e+06	
 2.2366e+06	
 2.3576e+06	
 2.1719e+06	
 2.3726e+06	
 2.1190e+06	
 2.7490e+06	
 2.4436e+06	
 4.0124e+06	
 3.1091e+06	
 4.2309e+06	
 2.6170e+06	
 3.2571e+06	
 2.2020e+06	
 3.1350e+06	
 2.7379e+06	
 3.0222e+06	
 2.2961e+06	
 3.5533e+06	
 3.1871e+06	
 4.2913e+06	
 2.5192e+06	
 4.3298e+06	
 2.8905e+06	
 4.3284e+06	
 2.3491e+06	
 3.0778e+06	
 2.5586e+06	
 3.4526e+06	
 2.8867e+06	
 3.7548e+06	
 2.9291e+06	
 4.0383e+06	
 2.0709e+06	
 2.2474e+06	
 2.0326e+06	
 2.5662e+06	
 2.5178e+06	
 2.4443e+06	
 2.3337e+06	
 2.8843e+06	
 2.6332e+06	
 2.7680e+06	
 2.0415e+06	
 2.3752e+06	
 2.6769e+06	
 3.2700e+06	
 2.4969e+06	
 3.5847e+06	
 2.6077e+06	
 4.1945e+06	
 3.2165e+06	
 4.7983e+06	
 2.1263e+06	
 1.9753e+06	
 1.9574e+06	
 2.5840e+06	
 2.0543e+06	
 2.2964e+06	
 1.8692e+06	
 1.9869e+06	
 1.9376e+06	
 2.1957e+06	
 2.0336e+06	
 2.3886e+06	
 1.7641e+06	
 1.9608e+06	
 1.9347e+06	
 1.9794e+06	
 1.7290e+06	
 1.8265e+06	
 1.9225e+06	
 2.6665e+06	
 2.1445e+06	
 2.1224e+06	
 1.5782e+06	
 1.5056e+06	
 1.4691e+06	
 1.3930e+06	
 1.6014e+06	
 1.6177e+06	
 1.8465e+06	
 2.1580e+06	
 2.8530e+06	
 3.2517e+06	
 1.9597e+06	
 2.2035e+06	
 1.9234e+06	
 1.9857e+06	
 2.1734e+06	
 3.6959e+06	
 2.4827e+06	
 3.4880e+06	
 2.9451e+06	
 4.9367e+06	
 2.4858e+06	
 2.9447e+06	
 2.0851e+06	
 2.1272e+06	
 1.5410e+06	
 1.4202e+06	
 1.4485e+06	
 1.6432e+06	
 1.5031e+06	
 1.3406e+06	
 1.4536e+06	
 1.3712e+06	
 1.6437e+06	
 1.6460e+06	
 1.5272e+06	
 1.5641e+06	
 1.7702e+06	
 1.8380e+06	
 1.7343e+06	
 2.3439e+06	
 2.2570e+06	
 2.6914e+06	
 1.8943e+06	
 1.8827e+06	
 1.8294e+06	
 2.5014e+06	
 2.7100e+06	
 4.4177e+06	
 2.0683e+06	
 2.1076e+06	
 1.6033e+06	
 1.7297e+06	
 2.1007e+06	
 2.7639e+06	
 2.6678e+06	
 4.1123e+06	
 2.2322e+06	
 2.8136e+06	
 2.4400e+06	
 2.7345e+06	
 1.9477e+06	
 1.9018e+06	
 1.7394e+06	
 1.9086e+06	
 1.6317e+06	
 1.5019e+06	
 1.3974e+06	
 1.3194e+06	
 1.4319e+06	
 1.4070e+06	
 1.3703e+06	
 1.3769e+06	
 1.4713e+06	
 1.5340e+06	
 1.7275e+06	
 3.0149e+06	
 2.6732e+06	
 3.0878e+06	
 1.9028e+06	
 2.0287e+06	
 2.0091e+06	
 2.4114e+06	
 1.7649e+06	
 2.0411e+06	
 1.5847e+06	
 1.4616e+06	
 1.6424e+06	
 1.9300e+06	
 2.2352e+06	
 3.2476e+06	
 1.9145e+06	
 2.1506e+06	
 3.6991e+06	
 6.1348e+06	
 1.9753e+06	
 2.1492e+06	
 1.9375e+06	
 2.3397e+06	
 1.9791e+06	
 2.1878e+06	
 1.3888e+06	
 1.3380e+06	
 1.2755e+06	
 1.3036e+06	
 1.2918e+06	
 1.5769e+06	
 1.8980e+06	
 1.7027e+06	
 1.9791e+06	
 2.1873e+06	
 3.5063e+06	
 2.5894e+06	
 3.7660e+06	
 3.1622e+06	
 4.9934e+06	
 2.4757e+06	
 4.0129e+06	
 2.5117e+06	
 3.2959e+06	
 2.1516e+06	
 2.8062e+06	
 2.9661e+06	
 4.5403e+06	
 2.1916e+06	
 2.2763e+06	
 1.4452e+06	
 1.3132e+06	
 1.2698e+06	
 1.3227e+06	
 1.2718e+06	
 1.3275e+06	
 1.4691e+06	
 1.4390e+06	
 1.5293e+06	
 1.4329e+06	
 1.3314e+06	
 1.2148e+06	
 1.1864e+06	
 1.1774e+06	
 1.2248e+06	
 1.1839e+06	
 1.2396e+06	
 1.2170e+06	
 1.2757e+06	
 1.2160e+06	
 1.1886e+06	
 1.2171e+06	
 1.2186e+06	
 1.2193e+06	
 1.2251e+06	
 1.4443e+06	
 1.7276e+06	
 2.0356e+06	
 2.0115e+06	
 2.3468e+06	
 1.9811e+06	
 1.8474e+06	
 1.7860e+06	
 2.3823e+06	
 2.0064e+06	
 1.9257e+06	
 1.4087e+06	
 1.2192e+06	
 1.2598e+06	
 1.2215e+06	
 1.2608e+06	
 1.2078e+06	
 1.1984e+06	
 1.3153e+06	
 1.5079e+06	
 1.6789e+06	
 1.5663e+06	
 2.1836e+06	
 2.6036e+06	
 3.0513e+06	
 1.8402e+06	
 2.3598e+06	
 2.8298e+06	
 3.7396e+06	
 2.3100e+06	
 2.6869e+06	
 1.6047e+06	
 1.6073e+06	
 1.3233e+06	
 1.2120e+06	
 1.2963e+06	
 1.4621e+06	
 1.8230e+06	
 1.8768e+06	
 2.2206e+06	
 1.9417e+06	
 2.4003e+06	
 1.5274e+06	
 1.4330e+06	
 1.4403e+06	
 1.8918e+06	
 1.7602e+06	
 2.3529e+06	
 2.0008e+06	
 2.4627e+06	
 2.0511e+06	
 2.7740e+06	
 2.8771e+06	
 3.4354e+06	
 2.2334e+06	
 3.6929e+06	
 3.0922e+06	
 5.3631e+06	
 2.5243e+06	
 3.5350e+06	
 2.6566e+06	
 3.4008e+06	
 2.0857e+06	
 2.8010e+06	
 1.7522e+06	
 1.6408e+06	
 1.4377e+06	
 1.5308e+06	
 1.4617e+06	
 1.6978e+06	
 1.6865e+06	
 1.4159e+06	
 1.3412e+06	
 1.2091e+06	
 1.2332e+06	
 1.3912e+06	
 1.8569e+06	
 2.0756e+06	
 1.6225e+06	
 1.5575e+06	
 1.5663e+06	
 1.5336e+06	
 1.3599e+06	
 1.4674e+06	
 1.6036e+06	
 1.8407e+06	
 1.7868e+06	
 2.0500e+06	
 2.6448e+06	
 4.0081e+06	
 2.2415e+06	
 2.7599e+06	
 2.0232e+06	
 2.2074e+06	
 1.4350e+06	
 1.4524e+06	
 1.6878e+06	
 1.9543e+06	
 2.0246e+06	
 2.5682e+06	
 1.7553e+06	
 2.1547e+06	
 2.5832e+06	
 3.8078e+06	
 2.4684e+06	
 2.7413e+06	
 1.9361e+06	
 2.5918e+06	
 2.1904e+06	
 2.4743e+06	
 1.9979e+06	
 2.6340e+06	
 2.4815e+06	
 3.8018e+06	
 2.0509e+06	
 2.2692e+06	
 2.1815e+06	
 3.1164e+06	
 2.6875e+06	
 3.0203e+06	
 1.7024e+06	
 2.0905e+06	
 2.2341e+06	
 3.1886e+06	
 2.4821e+06	
 3.4195e+06	
 2.0987e+06	
 3.0687e+06	
 2.5699e+06	
 3.3538e+06	
 1.7981e+06	
 2.1768e+06	
 2.1466e+06	
 2.4289e+06	
 1.6874e+06	
 1.9183e+06	
 1.5696e+06	
 1.6657e+06	
 1.5775e+06	
 1.7363e+06	
 1.6706e+06	
 1.6691e+06	
 1.9792e+06	
 1.6633e+06	
 1.4785e+06	
 1.9102e+06	
 1.7544e+06	
 1.9711e+06	
 1.9126e+06	
 2.2236e+06	
 2.1868e+06	
 2.2663e+06	
 2.3881e+06	
 3.3087e+06	
 2.3574e+06	
 3.3910e+06	
 2.3304e+06	
 3.5344e+06	
 2.8206e+06	
 3.4119e+06	
 2.0607e+06	
 2.9626e+06	
 2.1413e+06	
 2.5866e+06	
 2.1634e+06	
 2.7677e+06	
 1.7867e+06	
 1.6895e+06	
 1.3219e+06	
 1.2923e+06	
 1.3015e+06	
 1.2845e+06	
 1.2865e+06	
 1.3925e+06	
 1.4557e+06	
 1.6335e+06	
 1.5146e+06	
 1.5447e+06	
 1.4369e+06	
 1.8845e+06	
 1.7153e+06	
 1.6941e+06	
 1.5853e+06	
 1.3553e+06	
 1.4613e+06	
 1.8737e+06	
 2.1522e+06	
 2.7962e+06	
 1.7207e+06	
 2.1993e+06	
 1.9599e+06	
 2.2379e+06	
 2.0355e+06	
 2.6142e+06	
 1.7745e+06	
 2.1797e+06	
 2.6695e+06	
 4.1100e+06	
 2.0956e+06	
 2.5714e+06	
 1.7273e+06	
 1.8844e+06	
 1.5803e+06	
 1.6264e+06	
 1.2783e+06	
 1.2362e+06	
 1.3599e+06	
 1.5584e+06	
 1.3066e+06	
 1.3630e+06	
 1.6556e+06	
 1.8151e+06	
 1.4594e+06	
 1.3075e+06	
 1.4697e+06	
 1.5089e+06	
 1.4140e+06	
 1.7850e+06	
 1.5809e+06	
 1.5267e+06	
 1.4750e+06	
 1.8708e+06	
 2.2661e+06	
 2.8067e+06	
 1.9028e+06	
 2.2082e+06	
 1.5327e+06	
 1.5867e+06	
 1.6586e+06	
 1.9001e+06	
 2.1589e+06	
 2.9343e+06	
 1.8120e+06	
 1.7170e+06	
 1.5218e+06	
 1.7433e+06	
 1.8051e+06	
 2.3708e+06	
 1.8211e+06	
 2.0131e+06	
 2.0573e+06	
 2.4966e+06	
 1.9286e+06	
 2.1355e+06	
 2.0062e+06	
 2.9017e+06	
 1.9405e+06	
 1.8622e+06	
 1.8104e+06	
 2.3184e+06	
 1.9590e+06	
 2.5758e+06	
 2.2805e+06	
 2.4427e+06	
 2.1163e+06	
 3.3067e+06	
 2.2218e+06	
 3.1774e+06	
 1.9061e+06	
 1.8559e+06	
 1.3864e+06	
 1.3887e+06	
 1.4043e+06	
 1.5431e+06	
 1.3842e+06	
 1.7948e+06	
 1.7190e+06	
 2.0602e+06	
 1.9782e+06	
 2.3879e+06	
 1.7064e+06	
 1.7837e+06	
 1.5268e+06	
 1.5095e+06	
 1.2227e+06	
 1.1287e+06	
 1.1626e+06	
 1.2110e+06	
 1.3218e+06	
 1.3783e+06	
 1.5183e+06	
 1.7941e+06	
 2.0291e+06	
 2.6058e+06	
 1.6521e+06	
 2.1496e+06	
 2.3843e+06	
 3.4537e+06	
 2.1906e+06	
 2.4586e+06	
 1.7545e+06	
 1.5990e+06	
 1.3615e+06	
 1.3722e+06	
 1.2809e+06	
 1.4090e+06	
 1.3563e+06	
 1.3673e+06	
 1.4015e+06	
 1.4773e+06	
 1.2204e+06	
 1.1896e+06	
 1.3863e+06	
 1.5830e+06	
 2.2985e+06	
 3.5301e+06	
 1.8925e+06	
 1.9452e+06	
 1.4696e+06	
 1.5082e+06	
 1.2649e+06	
 1.2688e+06	
 1.2610e+06	
 1.3852e+06	
 1.3408e+06	
 1.1665e+06	
 1.3321e+06	
 1.4253e+06	
 1.2281e+06	
 1.1885e+06	
 1.2069e+06	
 1.2191e+06	
 1.2399e+06	
 1.4901e+06	
 1.4072e+06	
 1.3405e+06	
 1.3348e+06	
 1.5407e+06	
 1.6621e+06	
 1.5243e+06	
 1.3064e+06	
 1.2961e+06	
 1.1703e+06	
 1.1119e+06	
 1.1065e+06	
 1.1332e+06	
 1.1232e+06	
 1.2704e+06	
 1.2728e+06	
 1.5279e+06	
 1.9221e+06	
 1.6808e+06	
 1.6232e+06	
 1.4910e+06	
 1.7584e+06	
 2.2445e+06	
 3.4177e+06	
 1.7019e+06	
 1.6854e+06	
 1.6772e+06	
 1.9849e+06	
 1.6756e+06	
 1.6419e+06	
 1.5805e+06	
 1.9690e+06	
 1.5880e+06	
 2.1264e+06	
 2.0421e+06	
 2.4708e+06	
 1.7432e+06	
 2.1953e+06	
 2.8885e+06	
 5.0292e+06	
 2.1760e+06	
 2.6063e+06	
 2.8681e+06	
 5.1725e+06	
 2.5115e+06	
 3.9457e+06	
 1.9269e+06	
 2.4274e+06	
 1.8674e+06	
 2.3916e+06	
 2.4831e+06	
 3.7734e+06	
 2.1047e+06	
 3.1890e+06	
 2.4629e+06	
 2.8470e+06	
 1.9798e+06	
 2.1252e+06	
 1.6109e+06	
 1.6680e+06	
 1.6031e+06	
 1.7636e+06	
 1.2888e+06	
 1.3091e+06	
 2.1419e+06	
 3.1120e+06	
 1.9040e+06	
 2.2737e+06	
 1.4694e+06	
 1.4283e+06	
 1.3159e+06	
 1.4788e+06	
 1.6108e+06	
 1.5901e+06	
 1.5075e+06	
 1.8367e+06	
 1.3686e+06	
 1.1972e+06	
 1.1260e+06	
 1.1998e+06	
 1.2876e+06	
 1.1905e+06	
 1.2023e+06	
 1.1579e+06	
 1.1663e+06	
 1.1597e+06	
 1.2567e+06	
 1.4195e+06	
 1.6697e+06	
 1.6462e+06	
 1.6465e+06	
 1.2948e+06	
 1.3432e+06	
 1.0990e+06	
 1.0961e+06	
 1.1689e+06	
 1.2469e+06	
 1.1929e+06	
 1.1421e+06	
 1.1668e+06	
 1.3594e+06	
 1.7566e+06	
 1.7609e+06	
 2.5776e+06	
 2.2222e+06	
 3.3734e+06	
 2.1721e+06	
 2.9714e+06	
 2.6996e+06	
 3.4954e+06	
 2.0242e+06	
 2.1554e+06	
 1.6741e+06	
 1.8187e+06	
 1.5246e+06	
 1.5603e+06	
 1.2927e+06	
 1.3397e+06	
 1.2815e+06	
 1.5579e+06	
 1.9490e+06	
 2.6341e+06	
 2.1125e+06	
 2.5100e+06	
 1.5377e+06	
 1.3704e+06	
 1.1943e+06	
 1.2102e+06	
 1.3919e+06	
 1.4363e+06	
 1.3417e+06	
 1.4610e+06	
 1.4334e+06	
 1.5883e+06	
 1.5490e+06	
 1.7189e+06	
 1.8908e+06	
 2.2116e+06	
 2.2342e+06	
 3.0556e+06	
 1.6975e+06	
 2.2437e+06	
 1.8671e+06	
 2.2120e+06	
 1.7718e+06	
 1.7064e+06	
 1.9504e+06	
 2.7751e+06	
 2.0726e+06	
 2.3458e+06	
 1.6064e+06	
 2.0582e+06	
 1.6464e+06	
 1.8731e+06	
 1.9892e+06	
 2.6748e+06	
 1.6304e+06	
 1.2651e+06	
 1.1159e+06	
 1.0867e+06	
 1.1514e+06	
 1.3343e+06	
 1.4841e+06	
 1.3648e+06	
 1.6955e+06	
 1.5313e+06	
 1.4932e+06	
 1.3825e+06	
 1.4833e+06	
 1.3515e+06	
 1.5645e+06	
 2.0668e+06	
 2.4711e+06	
 2.3208e+06	
 3.2901e+06	
 1.6502e+06	
 1.8378e+06	
 1.3623e+06	
 1.3161e+06	
 1.5573e+06	
 1.7490e+06	
 1.4017e+06	
 1.9130e+06	
 2.2218e+06	
 2.4669e+06	
 1.6286e+06	
 2.3559e+06	
 2.1224e+06	
 2.5332e+06	
 1.5129e+06	
 1.3215e+06	
 1.1229e+06	
 1.0666e+06	
 1.0825e+06	
 1.2108e+06	
 1.2343e+06	
 1.2068e+06	
 1.1980e+06	
 1.4797e+06	
 1.4568e+06	
 1.6021e+06	
 1.8460e+06	
 2.2519e+06	
 1.7678e+06	
 2.3358e+06	
 1.9998e+06	
 2.9240e+06	
 2.6721e+06	
 3.3689e+06	
 1.8614e+06	
 2.4230e+06	
 1.9680e+06	
 2.0087e+06	
 1.7254e+06	
 2.2773e+06	
 2.0254e+06	
 2.7532e+06	
 2.6043e+06	
 3.2628e+06	
 1.5968e+06	
 2.0993e+06	
 2.5102e+06	
 3.2365e+06	
 2.1920e+06	
 2.9369e+06	
 2.2969e+06	
 3.3436e+06	
 2.3312e+06	
 3.1985e+06	
 1.8964e+06	
 2.2961e+06	
 1.8967e+06	
 2.0663e+06	
 1.9671e+06	
 1.8204e+06	
 1.7275e+06	
 2.3167e+06	
 1.4777e+06	
 1.5847e+06	
 1.6499e+06	
 1.7164e+06	
 1.5098e+06	
 1.6481e+06	
 1.4624e+06	
 1.8449e+06	
 2.2140e+06	
 2.9613e+06	
 1.6278e+06	
 2.0119e+06	
 2.1279e+06	
 2.8056e+06	
 2.3884e+06	
 3.3330e+06	
 2.0642e+06	
 2.7028e+06	
 1.4166e+06	
 1.5967e+06	
 1.5778e+06	
 1.4123e+06	
 1.2327e+06	
 1.2223e+06	
 1.3067e+06	
 1.4526e+06	
 1.6541e+06	
 2.1029e+06	
 1.4755e+06	
 1.8312e+06	
 1.4854e+06	
 1.5728e+06	
 2.1737e+06	
 2.9523e+06	
 1.6027e+06	
 1.2332e+06	
 1.1482e+06	
 1.0842e+06	
 1.1551e+06	
 1.4127e+06	
 1.2293e+06	
 1.3246e+06	
 1.3756e+06	
 1.1844e+06	
 1.2737e+06	
 1.5213e+06	
 1.4384e+06	
 1.5746e+06	
 1.5018e+06	
 1.4248e+06	
 1.0929e+06	
 1.1844e+06	
 1.4661e+06	
 1.9973e+06	
 1.4876e+06	
 1.3406e+06	
 1.2305e+06	
 1.2163e+06	
 1.2186e+06	
 1.2036e+06	
 1.5210e+06	
 1.5170e+06	
 1.2117e+06	
 1.6119e+06	
 1.9122e+06	
 2.3419e+06	
 1.9760e+06	
 2.9797e+06	
 2.8115e+06	
 4.1969e+06	
 1.5496e+06	
 1.8402e+06	
 1.9276e+06	
 2.7009e+06	
 1.8622e+06	
 1.7170e+06	
 1.3927e+06	
 1.6302e+06	
 1.9949e+06	
 3.0905e+06	
 2.2497e+06	
 3.0013e+06	
 1.8059e+06	
 1.9879e+06	
 1.8976e+06	
 2.8582e+06	
 2.3041e+06	
 3.2252e+06	
 1.6217e+06	
 1.8417e+06	
 2.0620e+06	
 2.2433e+06	
 1.5140e+06	
 1.6372e+06	
 1.5289e+06	
 1.7276e+06	
 1.7479e+06	
 2.4689e+06	
 1.5142e+06	
 1.6593e+06	
 1.2523e+06	
 1.3159e+06	
 1.4339e+06	
 1.3593e+06	
 1.3576e+06	
 1.7134e+06	
 1.6515e+06	
 2.1853e+06	
 1.4066e+06	
 1.3070e+06	
 1.3570e+06	
 1.4286e+06	
 1.5378e+06	
 1.9485e+06	
 2.0996e+06	
 3.2490e+06	
 1.5629e+06	
 1.3161e+06	
 1.1772e+06	
 1.0230e+06	
 1.0299e+06	
 1.0930e+06	
 1.3254e+06	
 1.8627e+06	
 2.0285e+06	
 2.4848e+06	
 1.9132e+06	
 2.4617e+06	
 1.9259e+06	
 2.4440e+06	
 2.0575e+06	
 2.8222e+06	
 1.7510e+06	
 1.9237e+06	
 1.8011e+06	
 2.3300e+06	
 1.6618e+06	
 2.1605e+06	
 1.5636e+06	
 1.3829e+06	
 1.0452e+06	
 9.8967e+05	
 1.1411e+06	
 1.2380e+06	
 1.1649e+06	
 1.2605e+06	
 1.2131e+06	
 1.2843e+06	
 1.4456e+06	
 1.4806e+06	
 1.1881e+06	
 1.0122e+06	
 1.1667e+06	
 1.3155e+06	
 1.1522e+06	
 1.1359e+06	
 1.2450e+06	
 1.2603e+06	
 1.4988e+06	
 1.7060e+06	
 1.5995e+06	
 1.6436e+06	
 2.1999e+06	
 1.4487e+06	
 1.5156e+06	
 1.4421e+06	
 1.3636e+06	
 1.1252e+06	
 1.1594e+06	
 1.0814e+06	
 1.0688e+06	
 1.2271e+06	
 1.4710e+06	
 1.2446e+06	
 1.1167e+06	
 1.1150e+06	
 1.4842e+06	
 1.5715e+06	
 1.3011e+06	
 1.3042e+06	
 1.8109e+06	
 2.3407e+06	
 3.7183e+06	
 1.6815e+06	
 1.7540e+06	
 1.2628e+06	
 1.3342e+06	
 1.6409e+06	
 2.0859e+06	
 1.9062e+06	
 2.1283e+06	
 1.4972e+06	
 1.5257e+06	
 1.1673e+06	
 1.0623e+06	
 9.9426e+05	
 1.0563e+06	
 1.2485e+06	
 1.5621e+06	
 1.3526e+06	
 1.3223e+06	
 1.4502e+06	
 1.7629e+06	
 1.5171e+06	
 1.6105e+06	
 1.7962e+06	
 3.1530e+06	
 2.7452e+06	
 3.9584e+06	
 1.6656e+06	
 1.9490e+06	
 2.1029e+06	
 2.4897e+06	
 1.5975e+06	
 1.8261e+06	
 1.4081e+06	
 1.5433e+06	
 1.1180e+06	
 9.9905e+05	
 1.1019e+06	
 1.1796e+06	
 1.2064e+06	
 1.0409e+06	
 1.0297e+06	
 9.6354e+05	
 1.0553e+06	
 1.0643e+06	
 1.2015e+06	
 1.0910e+06	
 1.0015e+06	
 1.0510e+06	
 1.2829e+06	
 1.3050e+06	
 1.5566e+06	
 1.7058e+06	
 2.0176e+06	
 2.9064e+06	
 1.9687e+06	
 2.8039e+06	
 1.5835e+06	
 1.7512e+06	
 1.5042e+06	
 1.4325e+06	
 1.3724e+06	
 1.2275e+06	
 1.1925e+06	
 1.3004e+06	
 1.0287e+06	
 1.0026e+06	
 1.1563e+06	
 1.2027e+06	
 1.1667e+06	
 1.1086e+06	
 1.0604e+06	
 9.5901e+05	
 9.9060e+05	
 9.6675e+05	
 9.9994e+05	
 9.5658e+05	
 9.5660e+05	
 1.0029e+06	
 9.7585e+05	
 1.1407e+06	
 1.3209e+06	
 1.3515e+06	
 1.4917e+06	
 1.5405e+06	
 1.6973e+06	
 1.2338e+06	
 1.1339e+06	
 1.1993e+06	
 1.2476e+06	
 1.2233e+06	
 1.5212e+06	
 1.1585e+06	
 1.1080e+06	
 1.0154e+06	
 9.4408e+05	
 1.0006e+06	
 1.0404e+06	
 1.2772e+06	
 1.3172e+06	
 1.2549e+06	
 1.3186e+06	
 1.3237e+06	
 1.3495e+06	
 1.5031e+06	
 1.6124e+06	
 1.5938e+06	
 2.3811e+06	
 2.2911e+06	
 3.9838e+06	
 2.4458e+06	
 3.7760e+06	
 1.9242e+06	
 2.2666e+06	
 1.5715e+06	
 1.9707e+06	
 1.8429e+06	
 2.1092e+06	
 1.8546e+06	
 2.9607e+06	
 1.9881e+06	
 1.7273e+06	
 1.1641e+06	
 1.2146e+06	
 1.3336e+06	
 1.4984e+06	
 1.3310e+06	
 1.5304e+06	
 1.3196e+06	
 1.4343e+06	
 1.2559e+06	
 1.2461e+06	
 1.3546e+06	
 1.6002e+06	
 1.6031e+06	
 1.8515e+06	
 1.6091e+06	
 1.7908e+06	
 1.4130e+06	
 1.9060e+06	
 2.0625e+06	
 2.3693e+06	
 1.9782e+06	
 2.2680e+06	
 1.3519e+06	
 1.6141e+06	
 1.4025e+06	
 1.4807e+06	
 1.4649e+06	
 1.6589e+06	
 1.2881e+06	
 1.4652e+06	
 1.4122e+06	
 1.3933e+06	
 1.6936e+06	
 2.1160e+06	
 2.3848e+06	
 3.3277e+06	
 2.7085e+06	
 4.9854e+06	
 2.0080e+06	
 2.2519e+06	
 1.3867e+06	
 1.5646e+06	
 1.7327e+06	
 1.6649e+06	
 1.1665e+06	
 1.3248e+06	
 1.4215e+06	
 1.7056e+06	
 1.5658e+06	
 1.6803e+06	
 1.4278e+06	
 2.0743e+06	
 1.7823e+06	
 2.0219e+06	
 1.4383e+06	
 1.2572e+06	
 1.2351e+06	
 1.6455e+06	
 1.4725e+06	
 1.8211e+06	
 1.4620e+06	
 1.8074e+06	
 1.8944e+06	
 2.2125e+06	
 1.7400e+06	
 2.1129e+06	
 1.1612e+06	
 1.0388e+06	
 1.1711e+06	
 1.2750e+06	
 1.2581e+06	
 1.3782e+06	
 1.5371e+06	
 1.8106e+06	
 1.8963e+06	
 2.8135e+06	
 2.1757e+06	
 2.9015e+06	
 1.0774e+06	
 9.5674e+05	
 1.0510e+06	
 1.6775e+06	
 1.8470e+06	
 1.8582e+06	
 1.8486e+06	
 2.7631e+06	
 2.2866e+06	
 3.4266e+06	
 1.7056e+06	
 1.8877e+06	
 2.1129e+06	
 2.9112e+06	
 1.7550e+06	
 2.0312e+06	
 1.7838e+06	
 2.7799e+06	
 1.9449e+06	
 1.8665e+06	
 1.2761e+06	
 1.0179e+06	
 9.3082e+05	
 9.3173e+05	
 9.5616e+05	
 1.2939e+06	
 2.0553e+06	
 1.8986e+06	
 2.7269e+06	
 1.9570e+06	
 2.5847e+06	
 1.7780e+06	
 2.1919e+06	
 1.3097e+06	
 1.2426e+06	
 1.0536e+06	
 1.1439e+06	
 1.1579e+06	
 1.4040e+06	
 1.0744e+06	
 1.0547e+06	
 1.1021e+06	
 1.1170e+06	
 1.1995e+06	
 1.0159e+06	
 1.0598e+06	
 1.2803e+06	
 9.9180e+05	
 9.6048e+05	
 1.1441e+06	
 1.3310e+06	
 1.0439e+06	
 1.0056e+06	
 1.0949e+06	
 1.4831e+06	
 1.5382e+06	
 1.6717e+06	
 1.7689e+06	
 2.9869e+06	
 1.7148e+06	
 1.3645e+06	
 1.0177e+06	
 1.1403e+06	
 1.1307e+06	
 1.2185e+06	
 1.2337e+06	
 1.2789e+06	
 1.3775e+06	
 1.5450e+06	
 1.7291e+06	
 2.4057e+06	
 1.4546e+06	
 1.2571e+06	
 1.2339e+06	
 1.5435e+06	
 1.7635e+06	
 2.4106e+06	
 2.1670e+06	
 2.8869e+06	
 2.0416e+06	
 2.9037e+06	
 2.5245e+06	
 4.0208e+06	
 1.9152e+06	
 2.9481e+06	
 1.6229e+06	
 1.7172e+06	
 1.5798e+06	
 2.1909e+06	
 2.0022e+06	
 2.2029e+06	
 1.3843e+06	
 1.4591e+06	
 1.4621e+06	
 1.3869e+06	
 9.5312e+05	
 9.8364e+05	
 9.8174e+05	
 1.0046e+06	
 1.0649e+06	
 1.1211e+06	
 1.7667e+06	
 1.3404e+06	
 1.1445e+06	
 1.0559e+06	
 1.0786e+06	
 9.6825e+05	
 9.7113e+05	
 9.8657e+05	
 1.4418e+06	
 1.7016e+06	
 1.6819e+06	
 2.2342e+06	
 1.6510e+06	
 1.9697e+06	
 1.9103e+06	
 2.3348e+06	
 1.2575e+06	
 1.3308e+06	
 1.3871e+06	
 1.4675e+06	
 1.7408e+06	
 1.9388e+06	
 1.5368e+06	
 1.7311e+06	
 1.3677e+06	
 1.9731e+06	
 1.4283e+06	
 1.2295e+06	
 1.2584e+06	
 1.7624e+06	
 1.8651e+06	
 2.5871e+06	
 1.6372e+06	
 1.5782e+06	
 1.2127e+06	
 1.3975e+06	
 1.2443e+06	
 1.1145e+06	
 9.1828e+05	
 9.2941e+05	
 9.0901e+05	
 8.7749e+05	
 9.2733e+05	
 9.4294e+05	
 9.7529e+05	
 1.0174e+06	
 1.1396e+06	
 1.3228e+06	
 1.0372e+06	
 1.1614e+06	
 1.2546e+06	
 1.4328e+06	
 1.6703e+06	
 2.0041e+06	
 1.2629e+06	
 1.5617e+06	
 1.8552e+06	
 2.0304e+06	
 1.5399e+06	
 1.4612e+06	
 1.3411e+06	
 1.5270e+06	
 1.1453e+06	
 1.1757e+06	
 1.4282e+06	
 1.7296e+06	
 1.4104e+06	
 1.3807e+06	
 1.1672e+06	
 1.2948e+06	
 1.2679e+06	
 9.7598e+05	
 1.0556e+06	
 1.2610e+06	
 1.2014e+06	
 1.2416e+06	
 1.1607e+06	
 1.2473e+06	
 1.0283e+06	
 1.0220e+06	
 1.1588e+06	
 1.3535e+06	
 1.4356e+06	
 1.5004e+06	
 1.1725e+06	
 1.2604e+06	
 9.7493e+05	
 8.7576e+05	
 9.3922e+05	
 9.8277e+05	
 9.0965e+05	
 8.6463e+05	
 8.7736e+05	
 1.0972e+06	
 1.3872e+06	
 1.1670e+06	
 1.0960e+06	
 1.0259e+06	
 1.0644e+06	
 1.1165e+06	
 1.1104e+06	
 9.9115e+05	
 9.2166e+05	
 1.3109e+06	
 1.6219e+06	
 1.8611e+06	
 1.3303e+06	
 1.7803e+06	
 1.2196e+06	
 1.1146e+06	
 1.2777e+06	
 1.6046e+06	
 1.4927e+06	
 1.4009e+06	
 1.3869e+06	
 1.6928e+06	
 1.3274e+06	
 1.5578e+06	
 1.4963e+06	
 1.9265e+06	
 1.4942e+06	
 1.7896e+06	
 1.8896e+06	
 2.1638e+06	
 1.4586e+06	
 1.7126e+06	
 1.2226e+06	
 1.3801e+06	
 1.4993e+06	
 1.7434e+06	
 1.4069e+06	
 1.7800e+06	
 1.6857e+06	
 1.4291e+06	
 9.9446e+05	
 9.5242e+05	
 9.4529e+05	
 8.3009e+05	
 8.4854e+05	
 8.8521e+05	
 1.0192e+06	
 9.8645e+05	
 8.5169e+05	
 9.0698e+05	
 9.0374e+05	
 8.2487e+05	
 8.1908e+05	
 9.6725e+05	
 1.0053e+06	
 8.9298e+05	
 8.3528e+05	
 9.1998e+05	
 9.6358e+05	
 1.0172e+06	
 1.0459e+06	
 1.2008e+06	
 1.3599e+06	
 1.0800e+06	
 1.0648e+06	
 1.4807e+06	
 2.0891e+06	
 1.7234e+06	
 2.3358e+06	
 1.5480e+06	
 1.5688e+06	
 1.3792e+06	
 1.6419e+06	
 1.9874e+06	
 3.3551e+06	
 2.0524e+06	
 2.4557e+06	
 1.3474e+06	
 1.9772e+06	
 1.9397e+06	
 2.2332e+06	
 1.5413e+06	
 2.0098e+06	
 1.6714e+06	
 2.1398e+06	
 1.6352e+06	
 2.3168e+06	
 1.3268e+06	
 1.3748e+06	
 9.9807e+05	
 1.1019e+06	
 1.5377e+06	
 1.4946e+06	
 1.3469e+06	
 1.3982e+06	
 1.4552e+06	
 2.0619e+06	
 1.2607e+06	
 1.3105e+06	
 1.3526e+06	
 1.7839e+06	
 1.8260e+06	
 2.1340e+06	
 1.6206e+06	
 1.8718e+06	
 1.3301e+06	
 1.3961e+06	
 1.1063e+06	
 1.2805e+06	
 1.1755e+06	
 1.0650e+06	
 1.3929e+06	
 1.6567e+06	
 9.7789e+05	
 8.8011e+05	
 9.6607e+05	
 1.0334e+06	
 8.3729e+05	
 8.7153e+05	
 1.1922e+06	
 1.0828e+06	
 1.0972e+06	
 1.2717e+06	
 1.3056e+06	
 1.2705e+06	
 1.1223e+06	
 1.1458e+06	
 8.8147e+05	
 8.8469e+05	
 8.0486e+05	
 8.5524e+05	
 9.1360e+05	
 1.0453e+06	
 1.0997e+06	
 9.7715e+05	
 1.1339e+06	
 1.0425e+06	
 1.0437e+06	
 1.0587e+06	
 1.0439e+06	
 8.3185e+05	
 8.5076e+05	
 9.3420e+05	
 1.1524e+06	
 1.0717e+06	
 1.0139e+06	
 1.2237e+06	
 1.5919e+06	
 1.1112e+06	
 1.0790e+06	
 1.3344e+06	
 1.4235e+06	
 1.8017e+06	
 2.4930e+06	
 1.5474e+06	
 1.5304e+06	
 1.4667e+06	
 1.2625e+06	
 9.0768e+05	
 9.5048e+05	
 9.5312e+05	
 8.7925e+05	
 7.9073e+05	
 8.1797e+05	
 8.4557e+05	
 9.5262e+05	
 1.0147e+06	
 9.6174e+05	
 1.1078e+06	
 1.1833e+06	
 1.4358e+06	
 1.3936e+06	
 1.0659e+06	
 1.0174e+06	
 9.4368e+05	
 9.0511e+05	
 8.6005e+05	
 8.9717e+05	
 9.0058e+05	
 8.6606e+05	
 8.2810e+05	
 7.9453e+05	
 8.3380e+05	
 8.6722e+05	
 8.7746e+05	
 8.4164e+05	
 8.3262e+05	
 8.2115e+05	
 9.3760e+05	
 1.0666e+06	
 1.3232e+06	
 1.3859e+06	
 1.2181e+06	
 1.5719e+06	
 1.6230e+06	
 2.2247e+06	
 1.3813e+06	
 1.5316e+06	
 1.2635e+06	
 1.1713e+06	
 1.0141e+06	
 1.1567e+06	
 1.1551e+06	
 1.4203e+06	
 1.4622e+06	
 1.6585e+06	
 1.5053e+06	
 1.9163e+06	
 1.6795e+06	
 2.1892e+06	
 1.7331e+06	
 2.4258e+06	
 2.2359e+06	
 2.9064e+06	
 1.2573e+06	
 1.5230e+06	
 1.5917e+06	
 1.9418e+06	
 1.5105e+06	
 1.9842e+06	
 1.1692e+06	
 1.2054e+06	
 1.9323e+06	
 2.7679e+06	
 1.9520e+06	
 2.3957e+06	
 1.1570e+06	
 1.0113e+06	
 1.0724e+06	
 1.0598e+06	
 9.7037e+05	
 1.0824e+06	
 1.2869e+06	
 1.5053e+06	
 1.6093e+06	
 2.5917e+06	
 2.0054e+06	
 2.4446e+06	
 1.4851e+06	
 2.1513e+06	
 1.7415e+06	
 2.0181e+06	
 1.7358e+06	
 2.2024e+06	
 1.4788e+06	
 1.8989e+06	
 1.7673e+06	
 2.7967e+06	
 1.2403e+06	
 1.1612e+06	
 1.0344e+06	
 1.2273e+06	
 1.2036e+06	
 9.1318e+05	
 9.4985e+05	
 8.6438e+05	
 8.9748e+05	
 9.9522e+05	
 9.7302e+05	
 1.1260e+06	
 1.0727e+06	
 1.0305e+06	
 8.5424e+05	
 8.1646e+05	
 8.7836e+05	
 8.8153e+05	
 1.1530e+06	
 1.4976e+06	
 1.0835e+06	
 1.1796e+06	
 1.2085e+06	
 1.9336e+06	
 1.7763e+06	
 2.1041e+06	
 1.5988e+06	
 2.0689e+06	
 2.6402e+06	
 4.7062e+06	
 1.3533e+06	
 1.9911e+06	
 1.9553e+06	
 2.1542e+06	
 1.2481e+06	
 1.1222e+06	
 1.2187e+06	
 1.7967e+06	
 1.7777e+06	
 2.6401e+06	
 1.2629e+06	
 1.1097e+06	
 1.0105e+06	
 9.1022e+05	
 8.0311e+05	
 7.5739e+05	
 7.4170e+05	
 7.6551e+05	
 8.2947e+05	
 9.0928e+05	
 8.2939e+05	
 8.0765e+05	
 7.8080e+05	
 8.2302e+05	
 1.0257e+06	
 8.8825e+05	
 8.0498e+05	
 7.7600e+05	
 8.4499e+05	
 8.6093e+05	
 8.6558e+05	
 1.0086e+06	
 1.0634e+06	
 8.4212e+05	
 8.7773e+05	
 8.9999e+05	
 9.2597e+05	
 9.1011e+05	
 1.0664e+06	
 1.0606e+06	
 1.0026e+06	
 8.0936e+05	
 7.6788e+05	
 7.6210e+05	
 7.8016e+05	
 7.6638e+05	
 8.0208e+05	
 8.2694e+05	
 7.9457e+05	
 7.2557e+05	
 9.0330e+05	
 9.8591e+05	
 7.6285e+05	
 7.5818e+05	
 8.3279e+05	
 1.1088e+06	
 1.3021e+06	
 1.3888e+06	
 1.0557e+06	
 8.8426e+05	
 8.3680e+05	
 8.0723e+05	
 8.8399e+05	
 8.9449e+05	
 7.7118e+05	
 8.1766e+05	
 8.4292e+05	
 7.6044e+05	
 7.6344e+05	
 7.4839e+05	
 7.5475e+05	
 8.4166e+05	
 1.0593e+06	
 1.0430e+06	
 1.0890e+06	
 9.6842e+05	
 9.6761e+05	
 1.0468e+06	
 1.2184e+06	
 1.5307e+06	
 1.7549e+06	
 9.8459e+05	
 1.1237e+06	
 1.1895e+06	
 1.4386e+06	
 1.4689e+06	
 1.9577e+06	
 2.2174e+06	
 3.6043e+06	
 1.7465e+06	
 2.0372e+06	
 1.1900e+06	
 9.7037e+05	
 1.0137e+06	
 8.8009e+05	
 7.9526e+05	
 7.7479e+05	
 8.2071e+05	
 9.2769e+05	
 7.7166e+05	
 7.2720e+05	
 7.8392e+05	
 9.2531e+05	
 8.1308e+05	
 7.4428e+05	
 7.7286e+05	
 8.6385e+05	
 9.4792e+05	
 9.0936e+05	
 8.0159e+05	
 9.3817e+05	
 9.0803e+05	
 8.8760e+05	
 9.4088e+05	
 9.9132e+05	
 9.2361e+05	
 1.0943e+06	
 8.5521e+05	
 8.3305e+05	
 9.8057e+05	
 7.8523e+05	
 8.5838e+05	
 9.7261e+05	
 9.0139e+05	
 1.1278e+06	
 1.5646e+06	
 1.5445e+06	
 2.1517e+06	
 2.7891e+06	
 4.7119e+06	
 1.8327e+06	
 2.5781e+06	
 1.7605e+06	
 1.9830e+06	
 1.6069e+06	
 2.2405e+06	
 1.5177e+06	
 1.4854e+06	
 1.1325e+06	
 1.5792e+06	
 1.7255e+06	
 1.7967e+06	
 1.1693e+06	
 1.3454e+06	
 1.1886e+06	
 1.0419e+06	
 1.0257e+06	
 1.6571e+06	
 1.3208e+06	
 1.6025e+06	
 1.4220e+06	
 1.3839e+06	
 8.6348e+05	
 8.2571e+05	
 8.9062e+05	
 9.6773e+05	
 1.0227e+06	
 1.2601e+06	
 1.4036e+06	
 1.7424e+06	
 1.4955e+06	
 1.8490e+06	
 1.6061e+06	
 2.1034e+06	
 1.7266e+06	
 2.6010e+06	
 1.8821e+06	
 2.8986e+06	
 1.4493e+06	
 1.4953e+06	
 1.5874e+06	
 2.0871e+06	
 1.3494e+06	
 1.4265e+06	
 1.3270e+06	
 1.7397e+06	
 1.0358e+06	
 1.0182e+06	
 1.2829e+06	
 2.4403e+06	
 1.7795e+06	
 1.8140e+06	
 1.5129e+06	
 1.5032e+06	
 1.0279e+06	
 1.0428e+06	
 1.2268e+06	
 1.5244e+06	
 1.2239e+06	
 1.1995e+06	
 8.6029e+05	
 7.4244e+05	
 7.4221e+05	
 7.4121e+05	
 7.6487e+05	
 7.3275e+05	
 7.2125e+05	
 7.0158e+05	
 7.2374e+05	
 7.1231e+05	
 7.3409e+05	
 6.8816e+05	
 6.8470e+05	
 6.9806e+05	
 9.0078e+05	
 8.8149e+05	
 7.5949e+05	
 8.2197e+05	
 8.4575e+05	
 7.5262e+05	
 6.8939e+05	
 7.0137e+05	
 7.5763e+05	
 7.4075e+05	
 7.0900e+05	
 7.0843e+05	
 8.5691e+05	
 1.0964e+06	
 1.0856e+06	
 1.1408e+06	
 1.0378e+06	
 1.2332e+06	
 1.0244e+06	
 9.4079e+05	
 8.3806e+05	
 8.6200e+05	
 8.5261e+05	
 7.8394e+05	
 8.4452e+05	
 9.8010e+05	
 9.0310e+05	
 9.6240e+05	
 1.0939e+06	
 1.1762e+06	
 1.0265e+06	
 1.2196e+06	
 9.6815e+05	
 9.9366e+05	
 8.8544e+05	
 1.1193e+06	
 1.1887e+06	
 1.0168e+06	
 8.6711e+05	
 1.1263e+06	
 1.5595e+06	
 2.1151e+06	
 1.0537e+06	
 1.0305e+06	
 9.9324e+05	
 1.0778e+06	
 8.8529e+05	
 7.2203e+05	
 7.5215e+05	
 6.6369e+05	
 8.6746e+05	
 1.1309e+06	
 9.9144e+05	
 1.0499e+06	
 1.0827e+06	
 1.2608e+06	
 1.1479e+06	
 1.0920e+06	
 7.7987e+05	
 7.2100e+05	
 7.0198e+05	
 7.8001e+05	
 1.0112e+06	
 9.5382e+05	
 7.5244e+05	
 6.6542e+05	
 7.0774e+05	
 7.1023e+05	
 7.1917e+05	
 6.6426e+05	
 7.7503e+05	
 1.0035e+06	
 9.5549e+05	
 9.6556e+05	
 8.1637e+05	
 7.7095e+05	
 8.0923e+05	
 7.9628e+05	
 1.1616e+06	
 1.3934e+06	
 1.0119e+06	
 1.2216e+06	
 1.1150e+06	
 1.1574e+06	
 8.7453e+05	
 1.0208e+06	
 1.5202e+06	
 1.9995e+06	
 1.3013e+06	
 1.5421e+06	
 1.3895e+06	
 1.7504e+06	
 1.3576e+06	
 1.4752e+06	
 1.0618e+06	
 1.3261e+06	
 1.2412e+06	
 1.0953e+06	
 8.5946e+05	
 7.6379e+05	
 8.2749e+05	
 8.4309e+05	
 7.2137e+05	
 7.7178e+05	
 8.3473e+05	
 8.4785e+05	
 8.7179e+05	
 8.5857e+05	
 8.3408e+05	
 9.1614e+05	
 9.5794e+05	
 9.7595e+05	
 8.5694e+05	
 7.3491e+05	
 6.7195e+05	
 7.4408e+05	
 7.4914e+05	
 7.7139e+05	
 7.2023e+05	
 6.5535e+05	
 7.5478e+05	
 8.3183e+05	
 8.6823e+05	
 8.7232e+05	
 9.9412e+05	
 8.9005e+05	
 8.8863e+05	
 9.5734e+05	
 1.1706e+06	
 9.1507e+05	
 8.8377e+05	
 1.0242e+06	
 9.8775e+05	
 7.0848e+05	
 6.8152e+05	
 7.1164e+05	
 6.9804e+05	
 6.5762e+05	
 6.5387e+05	
 7.5551e+05	
 8.8015e+05	
 7.2207e+05	
 6.6221e+05	
 6.6863e+05	
 7.7588e+05	
 7.9803e+05	
 1.0883e+06	
 1.3339e+06	
 9.9847e+05	
 1.2149e+06	
 1.6322e+06	
 2.0822e+06	
 1.5413e+06	
 1.9691e+06	
 1.0552e+06	
 1.1458e+06	
 1.3569e+06	
 2.0533e+06	
 1.4619e+06	
 1.9262e+06	
 2.0731e+06	
 2.4906e+06	
 9.5972e+05	
 9.1964e+05	
 8.4301e+05	
 9.0409e+05	
 9.3499e+05	
 1.0572e+06	
 8.5933e+05	
 7.9554e+05	
 8.4301e+05	
 7.7743e+05	
 6.6294e+05	
 6.5877e+05	
 6.8089e+05	
 7.1107e+05	
 8.4125e+05	
 8.0511e+05	
 7.2375e+05	
 6.8158e+05	
 6.7736e+05	
 7.0813e+05	
 8.4392e+05	
 7.8536e+05	
 7.0835e+05	
 7.1031e+05	
 8.7796e+05	
 1.2294e+06	
 1.5339e+06	
 1.8835e+06	
 1.3064e+06	
 1.3611e+06	
 7.3999e+05	
 6.7440e+05	
 7.8797e+05	
 1.0382e+06	
 1.1023e+06	
 9.3853e+05	
 9.2534e+05	
 7.8708e+05	
 9.6392e+05	
 1.2774e+06	
 1.5602e+06	
 1.5621e+06	
 2.3734e+06	
 2.3006e+06	
 3.4085e+06	
 1.3850e+06	
 1.4444e+06	
 9.9697e+05	
 1.1453e+06	
 1.1448e+06	
 1.4282e+06	
 1.2528e+06	
 1.2517e+06	
 1.2464e+06	
 1.4815e+06	
 1.2673e+06	
 1.4255e+06	
 1.8302e+06	
 2.6860e+06	
 1.4759e+06	
 1.6875e+06	
 9.1408e+05	
 8.0437e+05	
 7.2649e+05	
 7.3631e+05	
 7.0416e+05	
 6.9045e+05	
 6.7166e+05	
 6.7125e+05	
 7.7550e+05	
 9.1626e+05	
 1.1606e+06	
 1.1681e+06	
 8.3253e+05	
 6.7873e+05	
 6.7343e+05	
 6.6330e+05	
 6.9754e+05	
 6.5177e+05	
 6.8332e+05	
 6.7201e+05	
 7.6823e+05	
 7.3376e+05	
 7.7212e+05	
 7.0065e+05	
 6.8147e+05	
 6.4972e+05	
 6.8491e+05	
 7.4476e+05	
 8.8399e+05	
 1.0544e+06	
 1.0401e+06	
 1.0172e+06	
 9.6970e+05	
 8.3359e+05	
 9.0546e+05	
 7.5061e+05	
 8.1869e+05	
 9.0512e+05	
 8.5138e+05	
 9.8814e+05	
 9.0112e+05	
 1.1780e+06	
 1.3150e+06	
 1.1175e+06	
 9.5503e+05	
 1.1293e+06	
 1.2234e+06	
 1.1899e+06	
 6.8139e+05	
 6.6196e+05	
 6.8910e+05	
 7.1720e+05	
 7.6332e+05	
 7.6618e+05	
 7.8608e+05	
 9.0451e+05	
 8.7876e+05	
 9.6404e+05	
 7.0296e+05	
 6.7456e+05	
 7.4027e+05	
 7.8075e+05	
 8.0336e+05	
 6.9591e+05	
 6.4533e+05	
 6.6387e+05	
 6.5598e+05	
 6.4499e+05	
 7.8836e+05	
 8.8914e+05	
 8.3865e+05	
 7.7608e+05	
 8.2413e+05	
 8.4820e+05	
 8.5462e+05	
 1.0021e+06	
 9.3309e+05	
 1.0647e+06	
 1.1374e+06	
 1.2197e+06	
 1.0164e+06	
 1.2290e+06	
 1.2247e+06	
 1.2856e+06	
 1.3175e+06	
 1.8027e+06	
 1.5534e+06	
 2.1682e+06	
 2.0250e+06	
 3.3438e+06	
 2.0309e+06	
 3.0810e+06	
 1.2855e+06	
 1.2653e+06	
 7.0320e+05	
 6.4251e+05	
 6.7721e+05	
 6.7162e+05	
 7.8715e+05	
 8.3060e+05	
 8.0560e+05	
 8.4719e+05	
 9.3384e+05	
 8.7562e+05	
 8.7257e+05	
 1.0769e+06	
 1.3910e+06	
 7.8537e+05	
 7.4294e+05	
 8.6521e+05	
 8.0279e+05	
 6.6005e+05	
 6.7355e+05	
 6.9135e+05	
 7.3608e+05	
 6.9196e+05	
 8.7232e+05	
 1.6451e+06	
 1.5070e+06	
 2.2072e+06	
 1.8580e+06	
 2.5313e+06	
 1.6281e+06	
 1.5318e+06	
 1.1067e+06	
 1.5512e+06	
 1.6860e+06	
 2.4157e+06	
 1.6268e+06	
 2.6785e+06	
 1.7151e+06	
 2.2219e+06	
 1.5227e+06	
 1.7867e+06	
 1.0015e+06	
 9.2896e+05	
 8.6111e+05	
 1.5116e+06	
 1.3974e+06	
 1.4803e+06	
 1.2791e+06	
 1.3792e+06	
 9.2682e+05	
 9.6170e+05	
 9.5766e+05	
 9.6168e+05	
 1.1446e+06	
 1.6566e+06	
 1.2732e+06	
 2.0655e+06	
 1.8423e+06	
 2.1608e+06	
 1.7311e+06	
 2.2368e+06	
 1.6970e+06	
 2.3026e+06	
 1.1913e+06	
 1.3859e+06	
 1.0765e+06	
 9.5316e+05	
 8.7461e+05	
 1.1362e+06	
 1.4299e+06	
 1.5554e+06	
 9.1032e+05	
 8.0785e+05	
 6.9557e+05	
 6.8861e+05	
 7.8608e+05	
 8.7695e+05	
 6.6125e+05	
 6.4277e+05	
 6.4573e+05	
 6.9621e+05	
 1.0228e+06	
 1.2110e+06	
 1.2902e+06	
 1.2547e+06	
 1.7903e+06	
 1.6245e+06	
 1.7139e+06	
 8.2074e+05	
 7.3867e+05	
 7.8809e+05	
 1.0630e+06	
 1.1171e+06	
 1.4025e+06	
 1.4900e+06	
 2.3897e+06	
 1.7125e+06	
 2.0298e+06	
 1.1265e+06	
 1.3295e+06	
 1.2867e+06	
 1.7480e+06	
 9.7161e+05	
 8.6665e+05	
 8.0066e+05	
 7.3224e+05	
 6.5006e+05	
 7.1852e+05	
 7.9202e+05	
 7.5443e+05	
 6.7474e+05	
 7.0738e+05	
 6.5406e+05	
 8.2158e+05	
 1.2208e+06	
 9.9079e+05	
 1.3185e+06	
 1.4625e+06	
 1.7147e+06	
 1.0201e+06	
 1.1374e+06	
 1.5558e+06	
 1.9291e+06	
 9.4040e+05	
 8.6940e+05	
 8.3762e+05	
 8.1687e+05	
 6.6065e+05	
 6.6669e+05	
 6.2431e+05	
 6.3083e+05	
 6.4906e+05	
 6.4328e+05	
 6.2242e+05	
 7.1285e+05	
 7.8923e+05	
 7.7216e+05	
 8.0916e+05	
 7.8260e+05	
 8.4103e+05	
 7.9764e+05	
 1.0306e+06	
 9.7437e+05	
 1.1067e+06	
 8.3434e+05	
 7.0295e+05	
 7.1391e+05	
 8.5007e+05	
 1.1300e+06	
 1.6113e+06	
 1.2738e+06	
 1.9880e+06	
 2.3058e+06	
 3.0081e+06	
 1.5836e+06	
 1.6783e+06	
 9.8301e+05	
 1.2788e+06	
 1.1996e+06	
 1.3269e+06	
 1.2723e+06	
 1.8035e+06	
 1.4833e+06	
 1.5044e+06	
 1.0010e+06	
 1.0209e+06	
 1.0331e+06	
 1.0365e+06	
 9.2174e+05	
 1.0582e+06	
 8.0984e+05	
 7.9600e+05	
 7.5091e+05	
 6.7914e+05	
 7.0764e+05	
 7.7928e+05	
 7.1814e+05	
 8.0384e+05	
 9.6358e+05	
 1.1411e+06	
 1.1693e+06	
 1.4891e+06	
 1.3817e+06	
 1.8031e+06	
 1.5339e+06	
 2.5151e+06	
 2.2306e+06	
 3.3756e+06	
 2.0050e+06	
 3.2943e+06	
 1.6531e+06	
 2.7836e+06	
 2.5000e+06	
 3.5718e+06	
 1.2791e+06	
 1.5667e+06	
 1.8418e+06	
 3.1517e+06	
 1.7830e+06	
 2.8377e+06	
 1.7813e+06	
 2.0086e+06	
 1.3523e+06	
 1.3300e+06	
 1.3594e+06	
 2.8864e+06	
 2.2302e+06	
 3.0301e+06	
 1.0283e+06	
 1.0393e+06	
 1.1209e+06	
 1.3489e+06	
 9.7928e+05	
 1.2908e+06	
 1.4531e+06	
 1.9619e+06	
 1.4477e+06	
 2.0181e+06	
 1.8161e+06	
 2.3749e+06	
 1.3777e+06	
 1.8502e+06	
 1.2738e+06	
 1.9547e+06	
 1.6856e+06	
 2.3820e+06	
 1.2774e+06	
 1.9281e+06	
 2.3153e+06	
 3.0055e+06	
 9.5410e+05	
 9.4985e+05	
 8.4009e+05	
 8.5769e+05	
 8.7289e+05	
 1.4785e+06	
 1.6553e+06	
 2.0505e+06	
 1.4370e+06	
 1.5763e+06	
 1.1546e+06	
 1.2334e+06	
 1.2660e+06	
 1.4906e+06	
 1.0730e+06	
 1.3522e+06	
 1.1576e+06	
 9.2342e+05	
 8.3863e+05	
 1.0516e+06	
 1.1638e+06	
 1.6025e+06	
 1.3705e+06	
 1.5931e+06	
 1.2064e+06	
 1.4186e+06	
 7.5226e+05	
 6.4399e+05	
 6.7056e+05	
 6.9123e+05	
 7.9659e+05	
 6.8965e+05	
 7.3162e+05	
 1.1133e+06	
 1.4109e+06	
 1.7636e+06	
 1.1800e+06	
 1.5134e+06	
 1.3791e+06	
 1.9462e+06	
 1.1701e+06	
 1.0186e+06	
 8.8494e+05	
 1.1396e+06	
 1.0192e+06	
 7.6345e+05	
 6.6908e+05	
 7.2659e+05	
 7.5518e+05	
 9.4087e+05	
 8.7011e+05	
 9.1688e+05	
 9.0509e+05	
 8.3646e+05	
 7.3779e+05	
 8.0133e+05	
 1.0641e+06	
 1.1626e+06	
 9.5616e+05	
 9.6021e+05	
 1.1713e+06	
 1.7082e+06	
 1.1560e+06	
 1.4644e+06	
 1.1834e+06	
 1.4362e+06	
 1.3101e+06	
 1.1415e+06	
 6.2001e+05	
 6.4674e+05	
 8.9283e+05	
 8.8687e+05	
 8.3867e+05	
 7.2762e+05	
 7.6636e+05	
 8.8955e+05	
 7.6241e+05	
 7.0620e+05	
 6.9551e+05	
 8.1917e+05	
 8.2951e+05	
 6.6428e+05	
 6.3661e+05	
 6.0225e+05	
 6.7988e+05	
 9.8879e+05	
 1.1950e+06	
 1.2240e+06	
 1.2280e+06	
 9.8129e+05	
 1.3644e+06	
 1.2703e+06	
 1.5824e+06	
 1.4471e+06	
 2.3463e+06	
 2.4206e+06	
 4.1874e+06	
 2.1034e+06	
 2.5136e+06	
 2.0262e+06	
 2.5757e+06	
 1.1414e+06	
 1.3080e+06	
 1.2514e+06	
 1.5671e+06	
 7.7674e+05	
 6.1406e+05	
 6.4166e+05	
 6.3235e+05	
 6.0967e+05	
 6.1916e+05	
 6.2826e+05	
 6.0066e+05	
 7.1975e+05	
 8.6430e+05	
 6.8904e+05	
 6.4872e+05	
 8.1427e+05	
 7.1682e+05	
 6.9358e+05	
 6.3049e+05	
 7.2134e+05	
 7.6259e+05	
 9.2895e+05	
 1.7694e+06	
 2.0945e+06	
 9.0857e+05	
 1.1734e+06	
 1.2837e+06	
 1.4376e+06	
 1.0212e+06	
 1.2539e+06	
 1.2411e+06	
 1.7112e+06	
 1.0121e+06	
 7.7089e+05	
 7.0643e+05	
 8.5860e+05	
 7.6569e+05	
 7.0249e+05	
 6.5565e+05	
 6.6260e+05	
 6.8735e+05	
 6.4794e+05	
 6.8356e+05	
 5.9789e+05	
 6.4338e+05	
 8.0921e+05	
 9.5497e+05	
 8.0464e+05	
 6.2350e+05	
 6.2666e+05	
 6.8652e+05	
 6.6826e+05	
 6.3156e+05	
 6.5643e+05	
 8.3189e+05	
 7.9825e+05	
 7.9957e+05	
 6.8064e+05	
 6.1481e+05	
 6.3643e+05	
 6.3244e+05	
 6.1539e+05	
 6.2697e+05	
 6.7433e+05	
 6.4535e+05	
 5.9052e+05	
 6.0923e+05	
 6.4031e+05	
 8.6401e+05	
 9.2724e+05	
 7.6892e+05	
 9.3904e+05	
 9.8802e+05	
 1.4214e+06	
 1.4904e+06	
 1.6271e+06	
 1.1148e+06	
 1.4262e+06	
 1.6264e+06	
 2.2137e+06	
 1.2999e+06	
 1.9012e+06	
 1.4317e+06	
 1.5542e+06	
 9.9723e+05	
 1.3190e+06	
 1.3321e+06	
 1.7829e+06	
 1.4479e+06	
 1.8810e+06	
 1.1867e+06	
 1.3958e+06	
 1.5737e+06	
 1.7956e+06	
 9.1702e+05	
 8.2834e+05	
 1.1232e+06	
 1.4445e+06	
 8.8968e+05	
 9.5896e+05	
 9.0189e+05	
 1.3031e+06	
 1.9501e+06	
 2.3874e+06	
 1.1661e+06	
 1.0329e+06	
 9.0625e+05	
 1.4085e+06	
 1.1260e+06	
 1.6081e+06	
 1.1651e+06	
 1.1206e+06	
 8.4004e+05	
 6.8754e+05	
 6.0725e+05	
 6.7978e+05	
 6.6073e+05	
 6.5322e+05	
 5.9651e+05	
 6.1715e+05	
 6.8093e+05	
 6.6997e+05	
 6.2577e+05	
 6.2484e+05	
 6.5896e+05	
 7.2350e+05	
 7.8021e+05	
 9.5322e+05	
 8.6153e+05	
 9.3520e+05	
 8.7080e+05	
 7.7282e+05	
 6.7234e+05	
 7.0856e+05	
 9.6694e+05	
 1.1952e+06	
 7.2460e+05	
 6.8857e+05	
 7.5412e+05	
 8.4618e+05	
 8.6322e+05	
 1.2951e+06	
 1.6159e+06	
 1.7366e+06	
 9.3744e+05	
 1.3688e+06	
 1.8727e+06	
 2.1738e+06	
 1.2841e+06	
 1.7473e+06	
 1.3393e+06	
 2.1187e+06	
 2.0223e+06	
 2.7190e+06	
 1.3937e+06	
 1.9455e+06	
 1.0776e+06	
 1.3858e+06	
 1.4578e+06	
 1.8575e+06	
 1.7337e+06	
 2.5571e+06	
 1.2181e+06	
 1.4820e+06	
 9.6542e+05	
 1.2949e+06	
 1.6326e+06	
 1.8114e+06	
 1.4410e+06	
 2.2553e+06	
 2.0071e+06	
 3.9899e+06	
 1.4590e+06	
 1.4713e+06	
 1.0321e+06	
 1.0806e+06	
 8.4915e+05	
 7.6901e+05	
 7.2185e+05	
 8.0384e+05	
 7.2949e+05	
 8.2283e+05	
 1.1250e+06	
 1.7984e+06	
 1.6702e+06	
 2.3386e+06	
 1.8255e+06	
 2.3502e+06	
 1.4171e+06	
 1.5359e+06	
 1.0426e+06	
 1.4427e+06	
 1.4448e+06	
 1.5163e+06	
 1.1366e+06	
 1.6760e+06	
 1.7469e+06	
 2.0502e+06	
 1.1962e+06	
 1.3024e+06	
 1.1301e+06	
 1.4031e+06	
 9.2115e+05	
 7.6706e+05	
 7.4090e+05	
 7.9789e+05	
 6.3400e+05	
 5.9979e+05	
 6.1507e+05	
 7.4090e+05	
 1.0068e+06	
 1.1865e+06	
 1.0260e+06	
 1.1854e+06	
 1.2864e+06	
 1.5565e+06	
 1.2848e+06	
 1.8779e+06	
 1.3763e+06	
 2.1811e+06	
 1.6148e+06	
 1.9970e+06	
 1.4468e+06	
 1.5244e+06	
 8.4648e+05	
 1.0223e+06	
 6.8693e+05	
 6.4589e+05	
 7.1279e+05	
 6.4440e+05	
 6.1641e+05	
 6.5642e+05	
 1.0307e+06	
 1.6088e+06	
 1.7283e+06	
 2.2770e+06	
 1.2006e+06	
 1.1104e+06	
 1.0138e+06	
 1.2192e+06	
 9.2238e+05	
 9.9234e+05	
 9.1957e+05	
 6.7818e+05	
 6.8649e+05	
 6.7683e+05	
 6.9884e+05	
 6.9235e+05	
