mean angle loss	
 8.5702e+01	
 8.5684e+01	
 8.5669e+01	
 8.5672e+01	
 8.5690e+01	
 8.5676e+01	
 8.5674e+01	
 8.5677e+01	
 8.5665e+01	
 8.5656e+01	
 8.5637e+01	
 8.5657e+01	
 8.5666e+01	
 8.5629e+01	
 8.5625e+01	
 8.5663e+01	
 8.5630e+01	
 8.5638e+01	
 8.5638e+01	
 8.5644e+01	
 8.5594e+01	
 8.5631e+01	
 8.5609e+01	
 8.5590e+01	
 8.5627e+01	
 8.5604e+01	
 8.5586e+01	
 8.5594e+01	
 8.5597e+01	
 8.5576e+01	
 8.5568e+01	
 8.5594e+01	
 8.5578e+01	
 8.5581e+01	
 8.5585e+01	
 8.5578e+01	
 8.5560e+01	
 8.5551e+01	
 8.5530e+01	
 8.5553e+01	
 8.5537e+01	
 8.5546e+01	
 8.5514e+01	
 8.5520e+01	
 8.5503e+01	
 8.5515e+01	
 8.5523e+01	
 8.5505e+01	
 8.5488e+01	
 8.5492e+01	
 8.5505e+01	
 8.5523e+01	
 8.5480e+01	
 8.5482e+01	
 8.5461e+01	
 8.5464e+01	
 8.5469e+01	
 8.5469e+01	
 8.5444e+01	
 8.5469e+01	
 8.5448e+01	
 8.5449e+01	
 8.5452e+01	
 8.5456e+01	
 8.5449e+01	
 8.5444e+01	
 8.5418e+01	
 8.5427e+01	
 8.5410e+01	
 8.5408e+01	
 8.5435e+01	
 8.5397e+01	
 8.5411e+01	
 8.5405e+01	
 8.5387e+01	
 8.5412e+01	
 8.5396e+01	
 8.5363e+01	
 8.5356e+01	
 8.5367e+01	
 8.5384e+01	
 8.5352e+01	
 8.5336e+01	
 8.5342e+01	
 8.5344e+01	
 8.5355e+01	
 8.5320e+01	
 8.5341e+01	
 8.5347e+01	
 8.5322e+01	
 8.5322e+01	
 8.5283e+01	
 8.5323e+01	
 8.5290e+01	
 8.5305e+01	
 8.5303e+01	
 8.5279e+01	
 8.5283e+01	
 8.5266e+01	
 8.5271e+01	
 8.5269e+01	
 8.5258e+01	
 8.5280e+01	
 8.5247e+01	
 8.5242e+01	
 8.5242e+01	
 8.5249e+01	
 8.5251e+01	
 8.5218e+01	
 8.5226e+01	
 8.5237e+01	
 8.5235e+01	
 8.5216e+01	
 8.5188e+01	
 8.5214e+01	
 8.5188e+01	
 8.5171e+01	
 8.5194e+01	
 8.5183e+01	
 8.5158e+01	
 8.5158e+01	
 8.5189e+01	
 8.5173e+01	
 8.5158e+01	
 8.5149e+01	
 8.5141e+01	
 8.5160e+01	
 8.5124e+01	
 8.5135e+01	
 8.5118e+01	
 8.5119e+01	
 8.5120e+01	
 8.5124e+01	
 8.5088e+01	
 8.5113e+01	
 8.5065e+01	
 8.5105e+01	
 8.5067e+01	
 8.5048e+01	
 8.5094e+01	
 8.5083e+01	
 8.5046e+01	
 8.5070e+01	
 8.5039e+01	
 8.5035e+01	
 8.5019e+01	
 8.5029e+01	
 8.4990e+01	
 8.5013e+01	
 8.5029e+01	
 8.5006e+01	
 8.5025e+01	
 8.4976e+01	
 8.4980e+01	
 8.4959e+01	
 8.4968e+01	
 8.4957e+01	
 8.4977e+01	
 8.4970e+01	
 8.4945e+01	
 8.4963e+01	
 8.4932e+01	
 8.4943e+01	
 8.4917e+01	
 8.4942e+01	
 8.4936e+01	
 8.4909e+01	
 8.4871e+01	
 8.4912e+01	
 8.4891e+01	
 8.4905e+01	
 8.4891e+01	
 8.4871e+01	
 8.4877e+01	
 8.4854e+01	
 8.4846e+01	
 8.4863e+01	
 8.4834e+01	
 8.4833e+01	
 8.4833e+01	
 8.4811e+01	
 8.4815e+01	
 8.4819e+01	
 8.4792e+01	
 8.4779e+01	
 8.4770e+01	
 8.4780e+01	
 8.4770e+01	
 8.4764e+01	
 8.4767e+01	
 8.4756e+01	
 8.4753e+01	
 8.4748e+01	
 8.4731e+01	
 8.4740e+01	
 8.4714e+01	
 8.4708e+01	
 8.4723e+01	
 8.4712e+01	
 8.4713e+01	
 8.4707e+01	
 8.4697e+01	
 8.4693e+01	
 8.4681e+01	
 8.4673e+01	
 8.4650e+01	
 8.4643e+01	
 8.4639e+01	
 8.4659e+01	
 8.4646e+01	
 8.4631e+01	
 8.4619e+01	
 8.4635e+01	
 8.4618e+01	
 8.4581e+01	
 8.4623e+01	
 8.4619e+01	
 8.4575e+01	
 8.4582e+01	
 8.4586e+01	
 8.4578e+01	
 8.4534e+01	
 8.4546e+01	
 8.4542e+01	
 8.4539e+01	
 8.4528e+01	
 8.4530e+01	
 8.4512e+01	
 8.4513e+01	
 8.4513e+01	
 8.4536e+01	
 8.4497e+01	
 8.4474e+01	
 8.4479e+01	
 8.4441e+01	
 8.4440e+01	
 8.4454e+01	
 8.4462e+01	
 8.4458e+01	
 8.4442e+01	
 8.4428e+01	
 8.4431e+01	
 8.4410e+01	
 8.4424e+01	
 8.4380e+01	
 8.4379e+01	
 8.4399e+01	
 8.4391e+01	
 8.4365e+01	
 8.4395e+01	
 8.4354e+01	
 8.4363e+01	
 8.4334e+01	
 8.4337e+01	
 8.4328e+01	
 8.4348e+01	
 8.4334e+01	
 8.4308e+01	
 8.4312e+01	
 8.4317e+01	
 8.4307e+01	
 8.4300e+01	
 8.4285e+01	
 8.4296e+01	
 8.4281e+01	
 8.4264e+01	
 8.4270e+01	
 8.4267e+01	
 8.4231e+01	
 8.4248e+01	
 8.4239e+01	
 8.4228e+01	
 8.4215e+01	
 8.4214e+01	
 8.4201e+01	
 8.4187e+01	
 8.4185e+01	
 8.4160e+01	
 8.4190e+01	
 8.4174e+01	
 8.4182e+01	
 8.4169e+01	
 8.4166e+01	
 8.4161e+01	
 8.4149e+01	
 8.4121e+01	
 8.4109e+01	
 8.4117e+01	
 8.4124e+01	
 8.4103e+01	
 8.4095e+01	
 8.4111e+01	
 8.4069e+01	
 8.4088e+01	
 8.4047e+01	
 8.4065e+01	
 8.4065e+01	
 8.4046e+01	
 8.4040e+01	
 8.4052e+01	
 8.4038e+01	
 8.3989e+01	
 8.4007e+01	
 8.4004e+01	
 8.3994e+01	
 8.4001e+01	
 8.3973e+01	
 8.3990e+01	
 8.3966e+01	
 8.3976e+01	
 8.3985e+01	
 8.3961e+01	
 8.3950e+01	
 8.3961e+01	
 8.3946e+01	
 8.3931e+01	
 8.3928e+01	
 8.3916e+01	
 8.3906e+01	
 8.3928e+01	
 8.3904e+01	
 8.3899e+01	
 8.3898e+01	
 8.3896e+01	
 8.3863e+01	
 8.3863e+01	
 8.3860e+01	
 8.3841e+01	
 8.3835e+01	
 8.3823e+01	
 8.3840e+01	
 8.3827e+01	
 8.3835e+01	
 8.3810e+01	
 8.3820e+01	
 8.3792e+01	
 8.3801e+01	
 8.3793e+01	
 8.3792e+01	
 8.3806e+01	
 8.3781e+01	
 8.3788e+01	
 8.3749e+01	
 8.3777e+01	
 8.3784e+01	
 8.3755e+01	
 8.3739e+01	
 8.3750e+01	
 8.3743e+01	
 8.3729e+01	
 8.3711e+01	
 8.3727e+01	
 8.3716e+01	
 8.3693e+01	
 8.3703e+01	
 8.3683e+01	
 8.3687e+01	
 8.3689e+01	
 8.3661e+01	
 8.3639e+01	
 8.3660e+01	
 8.3666e+01	
 8.3663e+01	
 8.3638e+01	
 8.3623e+01	
 8.3643e+01	
 8.3637e+01	
 8.3632e+01	
 8.3641e+01	
 8.3606e+01	
 8.3592e+01	
 8.3615e+01	
 8.3590e+01	
 8.3588e+01	
 8.3581e+01	
 8.3601e+01	
 8.3570e+01	
 8.3568e+01	
 8.3551e+01	
 8.3534e+01	
 8.3537e+01	
 8.3554e+01	
 8.3547e+01	
 8.3545e+01	
 8.3531e+01	
 8.3520e+01	
 8.3514e+01	
 8.3513e+01	
 8.3478e+01	
 8.3489e+01	
 8.3503e+01	
 8.3490e+01	
 8.3504e+01	
 8.3474e+01	
 8.3460e+01	
 8.3467e+01	
 8.3464e+01	
 8.3449e+01	
 8.3452e+01	
 8.3452e+01	
 8.3441e+01	
 8.3433e+01	
 8.3418e+01	
 8.3432e+01	
 8.3416e+01	
 8.3410e+01	
 8.3402e+01	
 8.3421e+01	
 8.3378e+01	
 8.3404e+01	
 8.3390e+01	
 8.3378e+01	
 8.3374e+01	
 8.3367e+01	
 8.3371e+01	
 8.3364e+01	
 8.3348e+01	
 8.3339e+01	
 8.3338e+01	
 8.3330e+01	
 8.3333e+01	
 8.3319e+01	
 8.3346e+01	
 8.3310e+01	
 8.3308e+01	
 8.3315e+01	
 8.3280e+01	
 8.3296e+01	
 8.3284e+01	
 8.3273e+01	
 8.3289e+01	
 8.3272e+01	
 8.3274e+01	
 8.3264e+01	
 8.3240e+01	
 8.3246e+01	
 8.3251e+01	
 8.3246e+01	
 8.3238e+01	
 8.3228e+01	
 8.3252e+01	
 8.3240e+01	
 8.3234e+01	
 8.3232e+01	
 8.3203e+01	
 8.3199e+01	
 8.3189e+01	
 8.3187e+01	
 8.3199e+01	
 8.3183e+01	
 8.3184e+01	
 8.3157e+01	
 8.3181e+01	
 8.3180e+01	
 8.3177e+01	
 8.3168e+01	
 8.3165e+01	
 8.3142e+01	
 8.3133e+01	
 8.3125e+01	
 8.3145e+01	
 8.3146e+01	
 8.3127e+01	
 8.3127e+01	
 8.3136e+01	
 8.3130e+01	
 8.3105e+01	
 8.3122e+01	
 8.3108e+01	
 8.3101e+01	
 8.3092e+01	
 8.3078e+01	
 8.3097e+01	
 8.3082e+01	
 8.3067e+01	
 8.3095e+01	
 8.3067e+01	
 8.3052e+01	
 8.3068e+01	
 8.3057e+01	
 8.3056e+01	
 8.3045e+01	
 8.3059e+01	
 8.3047e+01	
 8.3034e+01	
 8.3047e+01	
 8.3028e+01	
 8.3028e+01	
 8.3038e+01	
 8.3016e+01	
 8.3011e+01	
 8.3024e+01	
 8.3016e+01	
 8.3011e+01	
 8.3007e+01	
 8.3001e+01	
 8.2994e+01	
 8.3003e+01	
 8.2989e+01	
 8.2974e+01	
 8.2964e+01	
 8.2968e+01	
 8.2975e+01	
 8.2976e+01	
 8.2977e+01	
 8.2982e+01	
 8.2971e+01	
 8.2973e+01	
 8.2962e+01	
 8.2955e+01	
 8.2954e+01	
 8.2954e+01	
 8.2947e+01	
 8.2946e+01	
 8.2944e+01	
 8.2928e+01	
 8.2947e+01	
 8.2928e+01	
 8.2923e+01	
 8.2934e+01	
 8.2913e+01	
 8.2921e+01	
 8.2919e+01	
 8.2917e+01	
 8.2915e+01	
 8.2911e+01	
 8.2908e+01	
 8.2903e+01	
 8.2890e+01	
 8.2896e+01	
 8.2909e+01	
 8.2902e+01	
 8.2906e+01	
 8.2897e+01	
 8.2882e+01	
 8.2878e+01	
 8.2902e+01	
 8.2883e+01	
 8.2879e+01	
 8.2869e+01	
 8.2877e+01	
 8.2869e+01	
 8.2896e+01	
 8.2877e+01	
 8.2872e+01	
 8.2873e+01	
 8.2870e+01	
 8.2875e+01	
 8.2864e+01	
 8.2864e+01	
 8.2865e+01	
 8.2865e+01	
 8.2862e+01	
 8.2852e+01	
 8.2851e+01	
 8.2859e+01	
 8.2833e+01	
 8.2851e+01	
 8.2848e+01	
 8.2854e+01	
 8.2823e+01	
 8.2841e+01	
 8.2837e+01	
 8.2832e+01	
 8.2842e+01	
 8.2830e+01	
 8.2832e+01	
 8.2842e+01	
 8.2834e+01	
 8.2826e+01	
 8.2826e+01	
 8.2822e+01	
 8.2818e+01	
 8.2823e+01	
 8.2820e+01	
 8.2829e+01	
 8.2808e+01	
 8.2816e+01	
 8.2824e+01	
 8.2813e+01	
 8.2797e+01	
 8.2799e+01	
 8.2808e+01	
 8.2803e+01	
 8.2809e+01	
 8.2808e+01	
 8.2795e+01	
 8.2801e+01	
 8.2811e+01	
 8.2802e+01	
 8.2787e+01	
 8.2785e+01	
 8.2806e+01	
 8.2789e+01	
 8.2807e+01	
 8.2784e+01	
 8.2781e+01	
 8.2794e+01	
 8.2786e+01	
 8.2790e+01	
 8.2792e+01	
 8.2783e+01	
 8.2776e+01	
 8.2787e+01	
 8.2786e+01	
 8.2770e+01	
 8.2784e+01	
 8.2783e+01	
 8.2779e+01	
 8.2781e+01	
 8.2772e+01	
 8.2777e+01	
 8.2779e+01	
 8.2776e+01	
 8.2774e+01	
 8.2774e+01	
 8.2779e+01	
 8.2783e+01	
 8.2776e+01	
 8.2769e+01	
 8.2776e+01	
 8.2778e+01	
 8.2772e+01	
 8.2774e+01	
 8.2781e+01	
 8.2783e+01	
 8.2774e+01	
 8.2773e+01	
 8.2780e+01	
 8.2781e+01	
 8.2782e+01	
 8.2775e+01	
 8.2780e+01	
 8.2783e+01	
 8.2783e+01	
 8.2772e+01	
 8.2779e+01	
 8.2773e+01	
 8.2779e+01	
 8.2783e+01	
 8.2774e+01	
 8.2779e+01	
 8.2783e+01	
 8.2781e+01	
 8.2776e+01	
 8.2789e+01	
 8.2782e+01	
 8.2775e+01	
 8.2776e+01	
 8.2782e+01	
 8.2782e+01	
 8.2780e+01	
 8.2789e+01	
 8.2788e+01	
 8.2786e+01	
 8.2785e+01	
 8.2786e+01	
 8.2781e+01	
 8.2788e+01	
 8.2789e+01	
 8.2783e+01	
 8.2795e+01	
 8.2788e+01	
 8.2799e+01	
 8.2792e+01	
 8.2799e+01	
 8.2795e+01	
 8.2789e+01	
 8.2796e+01	
 8.2801e+01	
 8.2791e+01	
 8.2802e+01	
 8.2798e+01	
 8.2809e+01	
 8.2798e+01	
 8.2793e+01	
 8.2804e+01	
 8.2806e+01	
 8.2806e+01	
 8.2806e+01	
 8.2809e+01	
 8.2807e+01	
 8.2805e+01	
 8.2812e+01	
 8.2809e+01	
 8.2814e+01	
 8.2811e+01	
 8.2815e+01	
 8.2819e+01	
 8.2814e+01	
 8.2815e+01	
 8.2817e+01	
 8.2819e+01	
 8.2817e+01	
 8.2821e+01	
 8.2823e+01	
 8.2823e+01	
 8.2825e+01	
 8.2824e+01	
 8.2825e+01	
 8.2830e+01	
 8.2833e+01	
 8.2829e+01	
 8.2832e+01	
 8.2836e+01	
 8.2833e+01	
 8.2830e+01	
 8.2838e+01	
 8.2838e+01	
 8.2840e+01	
 8.2841e+01	
 8.2844e+01	
 8.2840e+01	
 8.2842e+01	
 8.2849e+01	
 8.2850e+01	
 8.2849e+01	
 8.2851e+01	
 8.2855e+01	
 8.2857e+01	
 8.2860e+01	
 8.2856e+01	
 8.2855e+01	
 8.2862e+01	
 8.2859e+01	
 8.2856e+01	
 8.2866e+01	
 8.2867e+01	
 8.2863e+01	
 8.2870e+01	
 8.2872e+01	
 8.2873e+01	
 8.2874e+01	
 8.2870e+01	
 8.2873e+01	
 8.2879e+01	
 8.2882e+01	
 8.2885e+01	
 8.2882e+01	
 8.2884e+01	
 8.2889e+01	
 8.2887e+01	
 8.2891e+01	
 8.2887e+01	
 8.2892e+01	
 8.2893e+01	
 8.2896e+01	
 8.2898e+01	
 8.2901e+01	
 8.2904e+01	
 8.2903e+01	
 8.2901e+01	
 8.2906e+01	
 8.2907e+01	
 8.2907e+01	
 8.2914e+01	
 8.2914e+01	
 8.2918e+01	
 8.2912e+01	
 8.2919e+01	
 8.2922e+01	
 8.2920e+01	
 8.2922e+01	
 8.2925e+01	
 8.2922e+01	
 8.2929e+01	
 8.2929e+01	
 8.2929e+01	
 8.2933e+01	
 8.2936e+01	
 8.2931e+01	
 8.2938e+01	
 8.2942e+01	
 8.2939e+01	
 8.2942e+01	
 8.2944e+01	
 8.2942e+01	
 8.2944e+01	
 8.2948e+01	
 8.2948e+01	
 8.2954e+01	
 8.2957e+01	
 8.2953e+01	
 8.2960e+01	
 8.2955e+01	
 8.2959e+01	
 8.2960e+01	
 8.2964e+01	
 8.2970e+01	
 8.2965e+01	
 8.2966e+01	
 8.2968e+01	
 8.2973e+01	
 8.2970e+01	
 8.2974e+01	
 8.2975e+01	
 8.2977e+01	
 8.2977e+01	
 8.2976e+01	
 8.2981e+01	
 8.2983e+01	
 8.2985e+01	
 8.2985e+01	
 8.2987e+01	
 8.2990e+01	
 8.2990e+01	
 8.2987e+01	
 8.2994e+01	
 8.2997e+01	
 8.2997e+01	
 8.2999e+01	
 8.3001e+01	
 8.3000e+01	
 8.3002e+01	
 8.3004e+01	
 8.3005e+01	
 8.3008e+01	
 8.3009e+01	
 8.3007e+01	
 8.3009e+01	
 8.3013e+01	
 8.3012e+01	
 8.3013e+01	
 8.3021e+01	
 8.3018e+01	
 8.3022e+01	
 8.3020e+01	
 8.3024e+01	
 8.3027e+01	
 8.3029e+01	
 8.3030e+01	
 8.3029e+01	
 8.3029e+01	
 8.3034e+01	
 8.3032e+01	
 8.3036e+01	
 8.3037e+01	
 8.3040e+01	
 8.3038e+01	
 8.3039e+01	
 8.3048e+01	
 8.3043e+01	
 8.3041e+01	
 8.3048e+01	
 8.3049e+01	
 8.3049e+01	
 8.3050e+01	
 8.3051e+01	
 8.3055e+01	
 8.3059e+01	
 8.3057e+01	
 8.3056e+01	
 8.3063e+01	
 8.3063e+01	
 8.3060e+01	
 8.3067e+01	
 8.3071e+01	
 8.3071e+01	
 8.3066e+01	
 8.3069e+01	
 8.3075e+01	
 8.3075e+01	
 8.3079e+01	
 8.3079e+01	
 8.3086e+01	
 8.3082e+01	
 8.3083e+01	
 8.3082e+01	
 8.3085e+01	
 8.3084e+01	
 8.3087e+01	
 8.3093e+01	
 8.3098e+01	
 8.3093e+01	
 8.3092e+01	
 8.3104e+01	
 8.3102e+01	
 8.3103e+01	
 8.3108e+01	
 8.3104e+01	
 8.3112e+01	
 8.3114e+01	
 8.3111e+01	
 8.3115e+01	
 8.3117e+01	
 8.3123e+01	
 8.3119e+01	
 8.3118e+01	
 8.3130e+01	
 8.3127e+01	
 8.3128e+01	
 8.3131e+01	
 8.3136e+01	
 8.3136e+01	
 8.3130e+01	
 8.3138e+01	
 8.3148e+01	
 8.3143e+01	
 8.3142e+01	
 8.3138e+01	
 8.3155e+01	
 8.3147e+01	
 8.3148e+01	
 8.3150e+01	
 8.3161e+01	
 8.3161e+01	
 8.3153e+01	
 8.3159e+01	
 8.3170e+01	
 8.3167e+01	
 8.3160e+01	
 8.3167e+01	
 8.3178e+01	
 8.3174e+01	
 8.3165e+01	
 8.3173e+01	
 8.3187e+01	
 8.3182e+01	
 8.3172e+01	
 8.3181e+01	
 8.3193e+01	
 8.3190e+01	
 8.3178e+01	
 8.3186e+01	
 8.3200e+01	
 8.3196e+01	
 8.3186e+01	
 8.3195e+01	
 8.3205e+01	
 8.3203e+01	
 8.3191e+01	
 8.3202e+01	
 8.3209e+01	
 8.3209e+01	
 8.3200e+01	
 8.3208e+01	
 8.3216e+01	
 8.3214e+01	
 8.3209e+01	
 8.3215e+01	
 8.3220e+01	
 8.3218e+01	
 8.3218e+01	
 8.3223e+01	
 8.3224e+01	
 8.3226e+01	
 8.3222e+01	
 8.3224e+01	
 8.3229e+01	
 8.3225e+01	
 8.3227e+01	
 8.3226e+01	
 8.3233e+01	
 8.3231e+01	
 8.3235e+01	
 8.3237e+01	
 8.3237e+01	
 8.3238e+01	
 8.3242e+01	
 8.3247e+01	
 8.3253e+01	
 8.3253e+01	
 8.3251e+01	
 8.3254e+01	
 8.3254e+01	
 8.3266e+01	
 8.3271e+01	
 8.3274e+01	
 8.3296e+01	
 8.3304e+01	
 8.3312e+01	
 8.3321e+01	
 8.3323e+01	
 8.3347e+01	
 8.3354e+01	
 8.3397e+01	
 8.3396e+01	
 8.3401e+01	
 8.3406e+01	
 8.3407e+01	
 8.3405e+01	
 8.3402e+01	
 8.3400e+01	
 8.3398e+01	
 8.3395e+01	
 8.3391e+01	
 8.3370e+01	
 8.3376e+01	
 8.3374e+01	
 8.3381e+01	
 8.3391e+01	
 8.3398e+01	
 8.3395e+01	
 8.3393e+01	
 8.3398e+01	
 8.3382e+01	
 8.3385e+01	
 8.3376e+01	
 8.3390e+01	
 8.3394e+01	
 8.3398e+01	
 8.3470e+01	
 8.3469e+01	
 8.3517e+01	
 8.3492e+01	
 8.3421e+01	
 8.3378e+01	
 8.3350e+01	
 8.3340e+01	
 8.3335e+01	
 8.3335e+01	
 8.3319e+01	
 8.3324e+01	
 8.3296e+01	
 8.3324e+01	
 8.3392e+01	
 8.3443e+01	
 8.3510e+01	
 8.3613e+01	
 8.3624e+01	
 8.3625e+01	
 8.3718e+01	
 8.3890e+01	
 8.3903e+01	
 8.3977e+01	
 8.3953e+01	
 8.4036e+01	
 8.4037e+01	
 8.4143e+01	
 8.4213e+01	
 8.4202e+01	
 8.4102e+01	
 8.4150e+01	
 8.4376e+01	
 8.4254e+01	
 8.4212e+01	
 8.4190e+01	
 8.4061e+01	
 8.4489e+01	
 8.4449e+01	
 8.4442e+01	
 8.4481e+01	
 8.4581e+01	
 8.4868e+01	
 8.4568e+01	
 8.4962e+01	
 8.5082e+01	
 8.5272e+01	
 8.5469e+01	
 8.6054e+01	
 8.6118e+01	
 8.6220e+01	
 8.6259e+01	
 8.6390e+01	
 8.6452e+01	
 8.6614e+01	
 8.6554e+01	
 8.6621e+01	
 8.6658e+01	
 8.6685e+01	
 8.6730e+01	
 8.6630e+01	
 8.6699e+01	
 8.6558e+01	
 8.6595e+01	
 8.6700e+01	
 8.6795e+01	
 8.6750e+01	
 8.6693e+01	
 8.6504e+01	
 8.6702e+01	
 8.6474e+01	
 8.6379e+01	
 8.6183e+01	
 8.6367e+01	
 8.6297e+01	
 8.6469e+01	
 8.6518e+01	
 8.6423e+01	
 8.6314e+01	
 8.6421e+01	
 8.6220e+01	
 8.6467e+01	
 8.6293e+01	
 8.6463e+01	
 8.6305e+01	
 8.5860e+01	
 8.5929e+01	
 8.6354e+01	
 8.5881e+01	
 8.5760e+01	
 8.6335e+01	
 8.6117e+01	
 8.5579e+01	
 8.4992e+01	
 8.4578e+01	
 8.4218e+01	
 8.3309e+01	
 8.2999e+01	
 8.2434e+01	
 8.2421e+01	
 8.1953e+01	
 8.2940e+01	
 8.2151e+01	
 8.2759e+01	
 8.2832e+01	
 8.3148e+01	
 8.2393e+01	
 8.0935e+01	
 8.3119e+01	
 8.3943e+01	
 8.3993e+01	
 8.5090e+01	
 8.3458e+01	
 8.4176e+01	
 8.7073e+01	
 8.5402e+01	
 9.3189e+01	
 8.4793e+01	
 8.9572e+01	
 8.8170e+01	
 9.2415e+01	
 9.0097e+01	
 9.0241e+01	
 9.5666e+01	
 9.2263e+01	
 8.8241e+01	
 8.7402e+01	
 8.7895e+01	
 8.8112e+01	
 8.7036e+01	
 8.8741e+01	
 8.8643e+01	
 8.6966e+01	
 8.8242e+01	
 8.8561e+01	
 8.8396e+01	
 8.8181e+01	
 8.6930e+01	
 8.8929e+01	
 9.0835e+01	
 8.9613e+01	
 9.1165e+01	
 8.9774e+01	
 9.0633e+01	
 9.0021e+01	
 8.9309e+01	
 8.8746e+01	
 8.8921e+01	
 9.0767e+01	
 8.9156e+01	
 9.1126e+01	
 8.9442e+01	
 8.8270e+01	
 8.9308e+01	
 9.0133e+01	
 8.9770e+01	
 8.9275e+01	
 9.1777e+01	
 9.0605e+01	
 9.0881e+01	
 9.0121e+01	
 8.8907e+01	
 8.9376e+01	
 8.9105e+01	
 8.8809e+01	
 8.8417e+01	
 8.9320e+01	
 8.7700e+01	
 8.8903e+01	
 8.7257e+01	
 8.6769e+01	
 8.7584e+01	
 8.6627e+01	
 8.6228e+01	
 8.6423e+01	
 8.6213e+01	
 8.7084e+01	
 8.5993e+01	
 8.5994e+01	
 8.5463e+01	
 8.5607e+01	
 8.5718e+01	
 8.6049e+01	
 8.5989e+01	
 8.5263e+01	
 8.4776e+01	
 8.5498e+01	
 8.5507e+01	
 8.6241e+01	
 8.4129e+01	
 8.5155e+01	
 8.4617e+01	
 8.5472e+01	
 8.6060e+01	
 8.4638e+01	
 8.4535e+01	
 8.5368e+01	
 8.5713e+01	
 8.4775e+01	
 8.5380e+01	
 8.5762e+01	
 8.5387e+01	
 8.4382e+01	
 8.4598e+01	
 8.5776e+01	
 8.3960e+01	
 8.5651e+01	
 8.5788e+01	
 8.4670e+01	
 8.4557e+01	
 8.5244e+01	
 8.5065e+01	
 8.4699e+01	
 8.6283e+01	
 8.5143e+01	
 8.5558e+01	
 8.5224e+01	
 8.4399e+01	
 8.5196e+01	
 8.5270e+01	
 8.6362e+01	
 8.4634e+01	
 8.6548e+01	
 8.5173e+01	
 8.6510e+01	
 8.6195e+01	
 8.5556e+01	
 8.5290e+01	
 8.4681e+01	
 8.7449e+01	
 8.7281e+01	
 8.5285e+01	
 8.7053e+01	
 8.5903e+01	
 8.6399e+01	
 8.3874e+01	
 9.1589e+01	
 9.1776e+01	
 8.5826e+01	
 8.7798e+01	
 8.7340e+01	
 8.5554e+01	
 8.5734e+01	
 8.8644e+01	
 8.5185e+01	
 9.1158e+01	
 8.8455e+01	
 8.9192e+01	
 8.3058e+01	
 8.9362e+01	
 8.8137e+01	
 9.1603e+01	
 8.5256e+01	
 8.6943e+01	
 8.8196e+01	
 8.5672e+01	
 9.2785e+01	
 8.9158e+01	
 9.1919e+01	
 8.2884e+01	
 7.7860e+01	
 8.2215e+01	
 8.5418e+01	
 8.7376e+01	
 9.0077e+01	
 9.0251e+01	
 8.8847e+01	
 8.7297e+01	
 8.6782e+01	
 8.7106e+01	
 8.6960e+01	
 8.6953e+01	
 8.6329e+01	
 8.6512e+01	
 8.7466e+01	
 8.6363e+01	
 8.5879e+01	
 8.5992e+01	
 8.4322e+01	
 8.5584e+01	
 8.2554e+01	
 8.3634e+01	
 8.1100e+01	
 8.2044e+01	
 8.1761e+01	
 8.2755e+01	
 8.3633e+01	
 8.5830e+01	
 8.5713e+01	
 8.7438e+01	
 8.6540e+01	
 8.2736e+01	
 8.5168e+01	
 9.4023e+01	
 8.3342e+01	
 9.0158e+01	
 8.9050e+01	
 9.1951e+01	
 8.9813e+01	
 8.8053e+01	
 8.8440e+01	
 8.7297e+01	
 8.7872e+01	
 8.6202e+01	
 9.0695e+01	
 8.5319e+01	
 8.5447e+01	
 8.6399e+01	
 8.7559e+01	
 8.8672e+01	
 8.7941e+01	
 8.8115e+01	
 8.6796e+01	
 8.8808e+01	
 8.7103e+01	
 8.7194e+01	
 8.5680e+01	
 8.7927e+01	
 8.6714e+01	
 8.7887e+01	
 8.6369e+01	
 8.9030e+01	
 8.6290e+01	
 8.8064e+01	
 8.6684e+01	
 8.6802e+01	
 8.6998e+01	
 8.6985e+01	
 8.6490e+01	
 8.6553e+01	
 8.6885e+01	
 8.5452e+01	
 8.7736e+01	
 8.5309e+01	
 8.7803e+01	
 8.4693e+01	
 8.7678e+01	
 8.6235e+01	
 8.6000e+01	
 8.4770e+01	
 8.8030e+01	
 8.7638e+01	
 8.6980e+01	
 8.6230e+01	
 8.9276e+01	
 8.6980e+01	
 8.7537e+01	
 8.7031e+01	
 8.8933e+01	
 8.5740e+01	
 8.7896e+01	
 8.6483e+01	
 8.6828e+01	
 8.6535e+01	
 8.6708e+01	
 8.7403e+01	
 8.5735e+01	
 8.7381e+01	
 8.5496e+01	
 8.9767e+01	
 8.5934e+01	
 8.8602e+01	
 8.6165e+01	
 8.8499e+01	
 8.4926e+01	
 8.8655e+01	
 8.7222e+01	
 8.8762e+01	
 8.6646e+01	
 8.7359e+01	
 8.8095e+01	
 8.9660e+01	
 8.5331e+01	
 8.8505e+01	
 8.4779e+01	
 8.6823e+01	
 8.5526e+01	
 8.7244e+01	
 8.5105e+01	
 8.8176e+01	
 8.5749e+01	
 8.8129e+01	
 8.6487e+01	
 8.6676e+01	
 8.5936e+01	
 8.6824e+01	
 8.7225e+01	
 8.8082e+01	
 8.4456e+01	
 8.7396e+01	
 8.4743e+01	
 8.6988e+01	
 8.5851e+01	
 8.7921e+01	
 8.5994e+01	
 8.7552e+01	
 8.5830e+01	
 8.7568e+01	
 8.5273e+01	
 8.6451e+01	
 8.5723e+01	
 8.6957e+01	
 8.7676e+01	
 8.7129e+01	
 8.4004e+01	
 8.8543e+01	
 8.6341e+01	
 8.6957e+01	
 8.7737e+01	
 8.7894e+01	
 8.5511e+01	
 8.5935e+01	
 8.3967e+01	
 8.7358e+01	
 8.5174e+01	
 8.5963e+01	
 8.4148e+01	
 8.6662e+01	
 8.4930e+01	
 8.7045e+01	
 8.5294e+01	
 8.7571e+01	
 8.4559e+01	
 8.5102e+01	
 8.6531e+01	
 8.8532e+01	
 8.5896e+01	
 8.6938e+01	
 8.4373e+01	
 8.6181e+01	
 8.5575e+01	
 8.7288e+01	
 8.4729e+01	
 8.7373e+01	
 8.3541e+01	
 8.7369e+01	
 8.3003e+01	
 8.7614e+01	
 8.4994e+01	
 8.6311e+01	
 8.4465e+01	
 8.6846e+01	
 8.4914e+01	
 8.6825e+01	
 8.4220e+01	
 8.6120e+01	
 8.4532e+01	
 8.5029e+01	
 8.3219e+01	
 8.7025e+01	
 8.4380e+01	
 8.6224e+01	
 8.6919e+01	
 8.5586e+01	
 8.4935e+01	
 8.3491e+01	
 8.5033e+01	
 8.3347e+01	
 8.6983e+01	
 8.5539e+01	
 8.6416e+01	
 8.5826e+01	
 8.7018e+01	
 8.7096e+01	
 8.6832e+01	
 8.6264e+01	
 8.5500e+01	
 8.7282e+01	
 8.7734e+01	
 9.0535e+01	
 8.7713e+01	
 8.8495e+01	
 8.6373e+01	
 8.5635e+01	
 8.4875e+01	
 8.5535e+01	
 8.5056e+01	
 8.9531e+01	
 8.7511e+01	
 9.0572e+01	
 8.4839e+01	
 8.8979e+01	
 8.6065e+01	
 9.0709e+01	
 8.7555e+01	
 8.8491e+01	
 8.4865e+01	
 8.9016e+01	
 8.6533e+01	
 8.6436e+01	
 8.6049e+01	
 9.0308e+01	
 8.6771e+01	
 8.5035e+01	
 8.6485e+01	
 8.7244e+01	
 8.4538e+01	
 8.7546e+01	
 8.4047e+01	
 8.7161e+01	
 8.6535e+01	
 8.7290e+01	
 8.3591e+01	
 8.7395e+01	
 8.6278e+01	
 8.8694e+01	
 8.5556e+01	
 8.7924e+01	
 8.4175e+01	
 8.6944e+01	
 8.6225e+01	
 8.6847e+01	
 8.4730e+01	
 8.7363e+01	
 8.4709e+01	
 8.7732e+01	
 8.3829e+01	
 8.5467e+01	
 8.3543e+01	
 8.5840e+01	
 8.4511e+01	
 8.4503e+01	
 8.2977e+01	
 8.6733e+01	
 8.1504e+01	
 8.5991e+01	
 8.4479e+01	
 8.6849e+01	
 8.5284e+01	
 8.5342e+01	
 8.3748e+01	
 8.6626e+01	
 8.3420e+01	
 8.7715e+01	
 8.4489e+01	
 8.6801e+01	
 8.3469e+01	
 8.6660e+01	
 8.3347e+01	
 8.6130e+01	
 8.3319e+01	
 8.6980e+01	
 8.3664e+01	
 8.6267e+01	
 8.3379e+01	
 8.5582e+01	
 8.2894e+01	
 8.6502e+01	
 8.1845e+01	
 8.4251e+01	
 8.2529e+01	
 8.5044e+01	
 8.3392e+01	
 8.5292e+01	
 8.3024e+01	
 8.4565e+01	
 8.3091e+01	
 8.5639e+01	
 8.2261e+01	
 8.5071e+01	
 8.4353e+01	
 8.3514e+01	
 8.2411e+01	
 8.2767e+01	
 8.3558e+01	
 8.3572e+01	
 8.3136e+01	
 8.3993e+01	
 8.3245e+01	
 8.4398e+01	
 8.2614e+01	
 8.5791e+01	
 8.3002e+01	
 8.3875e+01	
 8.4734e+01	
 8.4037e+01	
 8.2121e+01	
 8.4480e+01	
 8.4939e+01	
 8.3361e+01	
 8.3911e+01	
 8.3300e+01	
 8.3600e+01	
 8.4738e+01	
 8.4924e+01	
 8.2835e+01	
 8.2297e+01	
 8.5008e+01	
 8.3172e+01	
 8.6351e+01	
 8.5331e+01	
 8.5039e+01	
 8.3098e+01	
 8.3716e+01	
 8.2130e+01	
 8.2986e+01	
 8.5204e+01	
 8.4695e+01	
 8.4900e+01	
 8.3995e+01	
 8.7726e+01	
 8.5841e+01	
 8.4598e+01	
 8.5824e+01	
 8.6406e+01	
 8.6438e+01	
 8.4940e+01	
 8.4746e+01	
 8.5662e+01	
 8.5208e+01	
 8.3871e+01	
 8.5596e+01	
 8.7692e+01	
 8.5361e+01	
 8.5405e+01	
 8.8801e+01	
 8.3644e+01	
 8.8644e+01	
 8.4478e+01	
 8.7474e+01	
 8.2822e+01	
 8.6441e+01	
 8.5136e+01	
 8.7581e+01	
 8.4806e+01	
 8.4322e+01	
 8.5467e+01	
 8.3689e+01	
 8.4262e+01	
 8.4936e+01	
 8.7831e+01	
 8.4288e+01	
 9.0506e+01	
 8.6913e+01	
 8.7241e+01	
 8.5383e+01	
 8.6711e+01	
 8.5421e+01	
 8.4567e+01	
 8.6316e+01	
 8.7307e+01	
 8.4451e+01	
 8.6209e+01	
 8.4589e+01	
 8.8408e+01	
 8.5112e+01	
 9.0074e+01	
 8.6468e+01	
 8.6399e+01	
 8.5687e+01	
 8.8292e+01	
 8.7212e+01	
 8.7234e+01	
 8.4529e+01	
 8.7313e+01	
 8.4528e+01	
 8.6465e+01	
 8.7301e+01	
 8.6931e+01	
 8.6601e+01	
 8.8070e+01	
 8.5885e+01	
 8.6287e+01	
 8.7034e+01	
 8.6933e+01	
 8.5707e+01	
 8.9128e+01	
 8.6020e+01	
 8.4858e+01	
 8.6485e+01	
 8.6576e+01	
 8.7923e+01	
 8.9111e+01	
 8.5766e+01	
 8.6544e+01	
 8.6695e+01	
 8.7143e+01	
 8.9314e+01	
 8.4944e+01	
 9.0375e+01	
 8.3686e+01	
 9.0688e+01	
 8.4631e+01	
 9.0950e+01	
 8.5055e+01	
 8.9757e+01	
 8.5405e+01	
 9.3342e+01	
 8.4293e+01	
 9.1045e+01	
 8.8150e+01	
 9.1801e+01	
 8.5756e+01	
 9.2445e+01	
 8.6607e+01	
 9.2762e+01	
 8.1005e+01	
 9.4914e+01	
 8.2982e+01	
 9.3987e+01	
 8.5645e+01	
 9.2788e+01	
 8.3044e+01	
 9.3221e+01	
 8.3716e+01	
 9.2213e+01	
 8.2267e+01	
 9.3452e+01	
 8.3040e+01	
 9.2962e+01	
 8.3349e+01	
 9.1879e+01	
 8.2571e+01	
 9.3124e+01	
 8.4623e+01	
 9.1072e+01	
 8.2665e+01	
 9.3091e+01	
 8.4009e+01	
 9.0526e+01	
 8.5312e+01	
 9.1609e+01	
 8.2867e+01	
 9.2070e+01	
 8.2578e+01	
 9.1475e+01	
 8.1760e+01	
 9.3936e+01	
 8.0890e+01	
 9.3079e+01	
 8.5888e+01	
 9.0518e+01	
 8.0543e+01	
 9.2538e+01	
 8.2300e+01	
 9.1946e+01	
 8.2008e+01	
 9.2086e+01	
 8.2630e+01	
 8.8766e+01	
 8.2537e+01	
 8.9871e+01	
 8.2989e+01	
 9.0762e+01	
 8.1740e+01	
 9.4365e+01	
 8.0562e+01	
 9.5526e+01	
 8.3224e+01	
 9.4077e+01	
 8.2066e+01	
 9.1035e+01	
 8.2692e+01	
        nan	
 8.4099e+01	
 9.0002e+01	
 8.2163e+01	
 8.8722e+01	
 8.3138e+01	
 9.1493e+01	
 8.1698e+01	
 9.3212e+01	
 7.8446e+01	
        nan	
 8.0298e+01	
 9.4316e+01	
 8.1488e+01	
 9.3747e+01	
 8.0932e+01	
 9.2855e+01	
 8.4049e+01	
 8.8481e+01	
 8.2817e+01	
 8.7468e+01	
 8.4411e+01	
 8.4670e+01	
 8.4323e+01	
 8.4242e+01	
        nan	
 8.3286e+01	
 8.6362e+01	
 8.3080e+01	
 8.7549e+01	
 8.3620e+01	
 8.7024e+01	
 8.2731e+01	
 8.6842e+01	
 8.2067e+01	
 8.7219e+01	
 8.1815e+01	
 8.7585e+01	
 8.2525e+01	
 9.0703e+01	
 8.1802e+01	
 9.2226e+01	
 8.1033e+01	
 9.1673e+01	
 8.1640e+01	
 8.7717e+01	
 8.3226e+01	
 8.6755e+01	
 8.3878e+01	
 8.7064e+01	
 8.2511e+01	
 8.7582e+01	
 8.0883e+01	
 8.8579e+01	
 8.2687e+01	
 8.7331e+01	
 8.1593e+01	
 8.8300e+01	
 8.1111e+01	
 9.1415e+01	
 8.0840e+01	
 8.8400e+01	
 8.0638e+01	
 8.7563e+01	
 8.0957e+01	
 9.0501e+01	
 8.2227e+01	
 9.0844e+01	
 8.4765e+01	
 8.9280e+01	
 8.4042e+01	
 8.5553e+01	
 8.3477e+01	
 8.5493e+01	
 8.2927e+01	
 8.4772e+01	
 8.3394e+01	
 8.5689e+01	
 8.2432e+01	
 8.4870e+01	
 8.1780e+01	
 8.8564e+01	
 8.2512e+01	
 8.9387e+01	
 8.1479e+01	
 8.9241e+01	
 8.2346e+01	
 8.6205e+01	
 8.3827e+01	
 8.8433e+01	
 8.2525e+01	
 8.6604e+01	
 8.2553e+01	
 8.5649e+01	
 8.3393e+01	
 8.5308e+01	
 8.2499e+01	
 8.5469e+01	
 8.1314e+01	
 8.6282e+01	
 8.0628e+01	
 8.7155e+01	
 8.2389e+01	
 8.6465e+01	
 8.2874e+01	
 8.3517e+01	
 8.1495e+01	
 8.3169e+01	
 8.3900e+01	
 8.4422e+01	
 8.4203e+01	
 8.4641e+01	
 8.1350e+01	
 8.3754e+01	
 8.0417e+01	
 8.4927e+01	
 8.0985e+01	
 8.7192e+01	
 8.1872e+01	
 8.8222e+01	
 8.3433e+01	
 8.8138e+01	
 8.2310e+01	
 8.9333e+01	
 7.9524e+01	
 8.9461e+01	
 7.9098e+01	
 8.7832e+01	
 7.9937e+01	
 8.8628e+01	
 7.9162e+01	
 9.1088e+01	
 8.3196e+01	
 8.9889e+01	
 8.0132e+01	
 8.6214e+01	
 8.1908e+01	
 8.7606e+01	
 8.1246e+01	
 8.8475e+01	
 8.2657e+01	
 8.7301e+01	
 8.2068e+01	
 8.6637e+01	
 8.1623e+01	
 8.6029e+01	
 8.2735e+01	
 8.4316e+01	
 8.1277e+01	
 8.4080e+01	
 8.0536e+01	
 8.4572e+01	
 7.9801e+01	
 8.6168e+01	
 8.1095e+01	
 8.4985e+01	
 8.0815e+01	
 8.6094e+01	
 8.2530e+01	
 8.7030e+01	
 8.1888e+01	
 8.8588e+01	
 8.1325e+01	
 8.7196e+01	
 8.2095e+01	
 8.8754e+01	
 8.1684e+01	
 8.7490e+01	
 7.9106e+01	
 8.5195e+01	
 7.9547e+01	
 8.5250e+01	
 8.0270e+01	
 8.4241e+01	
 8.0972e+01	
 8.4166e+01	
 8.1069e+01	
 8.9167e+01	
 8.1434e+01	
 8.9717e+01	
 8.0909e+01	
 9.1832e+01	
 7.5796e+01	
 9.0842e+01	
 7.7562e+01	
 8.7109e+01	
 7.8513e+01	
 9.0762e+01	
 8.1716e+01	
 8.8796e+01	
 7.9938e+01	
 8.7206e+01	
 8.0389e+01	
 8.6796e+01	
 8.1654e+01	
 8.5574e+01	
 8.2213e+01	
 8.5012e+01	
 8.0492e+01	
 8.5344e+01	
 7.8421e+01	
 8.6758e+01	
 7.9691e+01	
 8.5398e+01	
 7.9367e+01	
 8.5462e+01	
 8.0212e+01	
 8.6425e+01	
 7.8336e+01	
 8.5526e+01	
 8.1168e+01	
 8.9025e+01	
 8.4080e+01	
 8.3103e+01	
 7.8775e+01	
 8.3695e+01	
 8.0199e+01	
 8.6010e+01	
 8.0075e+01	
 8.4522e+01	
 7.9467e+01	
 8.5427e+01	
 8.0770e+01	
 8.5271e+01	
 8.1907e+01	
 8.2113e+01	
 8.1526e+01	
 8.3767e+01	
 7.9833e+01	
 8.5159e+01	
 7.7861e+01	
 8.4890e+01	
 7.9118e+01	
 8.6273e+01	
 7.7645e+01	
 8.5009e+01	
 7.6410e+01	
 8.9279e+01	
 8.1048e+01	
 9.2477e+01	
 8.0204e+01	
 9.4161e+01	
 7.9029e+01	
 8.9413e+01	
 7.9295e+01	
 8.6704e+01	
 8.0511e+01	
 8.5964e+01	
 7.8278e+01	
 8.7908e+01	
 8.2073e+01	
 8.7268e+01	
 8.2516e+01	
 8.4721e+01	
 7.9748e+01	
 8.4626e+01	
 8.0471e+01	
 8.5545e+01	
 8.1221e+01	
 8.4675e+01	
 7.7202e+01	
 8.6406e+01	
 7.9501e+01	
 8.5859e+01	
 7.9852e+01	
 8.5442e+01	
 7.9702e+01	
 8.6352e+01	
 8.2125e+01	
 8.7188e+01	
 8.0782e+01	
 8.4276e+01	
 7.9142e+01	
 8.4956e+01	
 7.8419e+01	
 8.5007e+01	
 7.5455e+01	
 8.8372e+01	
 7.5588e+01	
 8.9103e+01	
 7.6200e+01	
 9.1161e+01	
 8.1096e+01	
 9.2493e+01	
 8.2228e+01	
 9.0255e+01	
 7.9916e+01	
 8.6768e+01	
 7.6681e+01	
 8.7100e+01	
 7.8272e+01	
 8.6059e+01	
 8.2871e+01	
 8.7156e+01	
 8.3368e+01	
 8.5620e+01	
 7.8290e+01	
 8.2292e+01	
 7.8393e+01	
 8.3013e+01	
 7.5937e+01	
 8.6086e+01	
 7.5724e+01	
 8.4732e+01	
 7.7142e+01	
 8.6046e+01	
 7.6729e+01	
 8.5872e+01	
 8.0807e+01	
 8.7077e+01	
 8.1859e+01	
 8.5267e+01	
 7.5772e+01	
 8.4897e+01	
 7.7937e+01	
 8.4887e+01	
 7.8503e+01	
 8.4875e+01	
 7.6258e+01	
 8.4442e+01	
 8.0895e+01	
 8.9278e+01	
 8.0355e+01	
 8.6223e+01	
 7.6750e+01	
 8.4318e+01	
 7.8639e+01	
 8.3862e+01	
 7.6953e+01	
 8.5877e+01	
 7.6972e+01	
 8.5481e+01	
 8.0169e+01	
 8.4887e+01	
 8.1332e+01	
 8.4267e+01	
 7.9648e+01	
 8.1582e+01	
 7.8802e+01	
 7.9838e+01	
 7.8848e+01	
 7.9778e+01	
 8.0220e+01	
 7.9285e+01	
 8.0323e+01	
 7.9778e+01	
 8.3419e+01	
 8.2433e+01	
 8.5448e+01	
 7.6617e+01	
 8.1049e+01	
 7.6097e+01	
 8.0838e+01	
 7.6784e+01	
 8.0652e+01	
 7.8867e+01	
 8.2012e+01	
 7.6740e+01	
 8.4582e+01	
 8.0978e+01	
 8.5450e+01	
 7.6298e+01	
 7.7986e+01	
 7.8685e+01	
 8.0823e+01	
 7.6702e+01	
 8.0449e+01	
 7.5886e+01	
 8.3856e+01	
 7.4962e+01	
 8.3676e+01	
 7.8401e+01	
 7.7843e+01	
 7.9466e+01	
 8.1683e+01	
 7.6596e+01	
 8.1212e+01	
 7.4800e+01	
 8.1165e+01	
 7.4554e+01	
 8.2577e+01	
 7.4603e+01	
 8.1687e+01	
 7.4811e+01	
 8.5352e+01	
 7.4813e+01	
 8.6126e+01	
 7.2990e+01	
 9.1810e+01	
 7.5468e+01	
 9.1675e+01	
 7.6815e+01	
 8.8972e+01	
 7.7014e+01	
 8.5406e+01	
 7.6913e+01	
 8.3245e+01	
 7.5143e+01	
 8.5780e+01	
 7.6171e+01	
 8.8858e+01	
 7.6678e+01	
 8.7910e+01	
 7.6484e+01	
 8.3572e+01	
 7.8417e+01	
 7.9651e+01	
 7.9134e+01	
 7.8724e+01	
 7.7298e+01	
 8.0398e+01	
 8.2310e+01	
 8.1052e+01	
 8.0838e+01	
 7.9127e+01	
 8.1468e+01	
 7.6101e+01	
 8.0919e+01	
 7.7467e+01	
 8.1115e+01	
 7.8204e+01	
 8.2003e+01	
 8.2411e+01	
 8.7494e+01	
 8.3109e+01	
 8.4995e+01	
 7.4231e+01	
 8.3697e+01	
 7.7391e+01	
 8.3730e+01	
 7.6533e+01	
 8.6135e+01	
 7.8927e+01	
 8.9293e+01	
 7.8685e+01	
 8.8366e+01	
 7.7416e+01	
 8.5824e+01	
 7.7081e+01	
 8.1750e+01	
 7.7426e+01	
 8.3273e+01	
 7.7051e+01	
 8.2189e+01	
 7.5828e+01	
 8.4392e+01	
 8.0472e+01	
 8.5353e+01	
 8.0359e+01	
 7.8912e+01	
 7.8759e+01	
 8.0058e+01	
 7.8577e+01	
 7.9731e+01	
 8.0290e+01	
 8.1616e+01	
 8.3175e+01	
 8.1501e+01	
 8.3464e+01	
 7.8080e+01	
 7.8899e+01	
 8.0566e+01	
 7.8439e+01	
 7.9339e+01	
 7.9766e+01	
 7.7507e+01	
        nan	
 7.4828e+01	
 8.3534e+01	
 7.5368e+01	
 8.4203e+01	
 7.6854e+01	
 7.9739e+01	
 7.6458e+01	
 7.8491e+01	
 7.9008e+01	
 7.8713e+01	
 7.9496e+01	
 7.8990e+01	
 8.4420e+01	
 8.2003e+01	
 8.2531e+01	
 7.6098e+01	
 8.1977e+01	
 7.4475e+01	
 8.4192e+01	
 7.5784e+01	
 8.2084e+01	
 7.7239e+01	
 8.2981e+01	
 7.8140e+01	
 8.4765e+01	
 7.5586e+01	
 8.5098e+01	
 7.5072e+01	
 8.8177e+01	
 7.4527e+01	
 8.9878e+01	
 7.4580e+01	
 8.6573e+01	
 7.6240e+01	
 8.4271e+01	
 7.5585e+01	
 8.7027e+01	
 7.6877e+01	
 8.6589e+01	
 7.9340e+01	
 8.9859e+01	
 8.3927e+01	
 8.6383e+01	
 7.9050e+01	
 8.3127e+01	
 7.8356e+01	
 8.3586e+01	
 7.9883e+01	
 7.9391e+01	
 8.1315e+01	
 7.5940e+01	
 8.4873e+01	
 8.0551e+01	
 8.4158e+01	
 7.5558e+01	
 8.0662e+01	
 8.0537e+01	
 7.6251e+01	
 8.0128e+01	
 7.4620e+01	
 8.2381e+01	
 7.7237e+01	
 8.4518e+01	
 8.2869e+01	
 8.4112e+01	
 8.1771e+01	
 8.2108e+01	
 7.6274e+01	
 8.2581e+01	
 8.0290e+01	
 7.9691e+01	
 7.8228e+01	
 8.2761e+01	
 8.3897e+01	
 8.0022e+01	
 7.8305e+01	
 7.9360e+01	
 7.7162e+01	
 8.0348e+01	
 7.6676e+01	
 8.1867e+01	
 7.7535e+01	
 8.1312e+01	
 8.0389e+01	
 8.5268e+01	
 8.3004e+01	
 8.1915e+01	
 7.6845e+01	
 8.1132e+01	
 7.6283e+01	
 7.9945e+01	
 7.8209e+01	
 8.0106e+01	
 8.1813e+01	
 8.4847e+01	
 8.0879e+01	
 8.3617e+01	
 7.6121e+01	
 8.2539e+01	
 7.6634e+01	
 8.2473e+01	
 7.7919e+01	
 8.0652e+01	
 7.9672e+01	
 8.4444e+01	
 8.4114e+01	
 8.1127e+01	
 7.5507e+01	
        nan	
 7.5439e+01	
 8.1000e+01	
 7.6789e+01	
 8.3207e+01	
 7.7979e+01	
 8.7178e+01	
 8.4090e+01	
 8.0846e+01	
 7.6394e+01	
 8.1213e+01	
 7.7458e+01	
 8.1939e+01	
 7.6510e+01	
 8.2743e+01	
 8.0744e+01	
 8.5773e+01	
 8.2637e+01	
 8.5425e+01	
 7.7192e+01	
 8.2068e+01	
 7.5672e+01	
 8.0879e+01	
 7.8039e+01	
 8.1479e+01	
 7.8989e+01	
 8.3443e+01	
 7.7025e+01	
 8.4140e+01	
 7.5844e+01	
 8.2414e+01	
 7.9527e+01	
 7.9373e+01	
 7.7992e+01	
 8.1527e+01	
 8.3279e+01	
 8.4063e+01	
 8.3694e+01	
 7.9683e+01	
 7.7807e+01	
 8.0460e+01	
        nan	
 7.9130e+01	
 7.8967e+01	
 7.9554e+01	
 8.0498e+01	
 8.0098e+01	
 7.9045e+01	
 8.2187e+01	
        nan	
 8.3331e+01	
 7.6472e+01	
 8.3335e+01	
 7.6005e+01	
 8.1581e+01	
 7.8686e+01	
 8.1220e+01	
 7.6820e+01	
 8.2972e+01	
 7.7728e+01	
 8.6582e+01	
 8.4077e+01	
 8.0022e+01	
 7.7456e+01	
 8.1474e+01	
 7.7496e+01	
 8.2539e+01	
 7.9254e+01	
 8.2000e+01	
 8.1189e+01	
 8.6191e+01	
 8.3124e+01	
 8.3037e+01	
 7.8183e+01	
 7.9709e+01	
 7.6662e+01	
 8.0306e+01	
 7.7382e+01	
 7.9807e+01	
 7.8139e+01	
 8.2124e+01	
 7.9289e+01	
 8.5058e+01	
 7.7051e+01	
 8.8507e+01	
 7.5024e+01	
 8.5381e+01	
 7.6504e+01	
 8.3599e+01	
 7.5848e+01	
 8.4344e+01	
 7.6960e+01	
 8.3618e+01	
 8.1693e+01	
 8.5366e+01	
 8.1459e+01	
 8.7313e+01	
 8.3051e+01	
 7.8133e+01	
 7.7364e+01	
 7.9175e+01	
 7.9479e+01	
 7.9449e+01	
 7.8620e+01	
 7.8100e+01	
 8.3403e+01	
 7.9282e+01	
 7.8821e+01	
 7.8690e+01	
 7.7684e+01	
 8.0318e+01	
 7.4842e+01	
 8.2016e+01	
 8.0898e+01	
 7.9934e+01	
 7.7061e+01	
 8.7137e+01	
 7.3750e+01	
 8.6516e+01	
 7.6763e+01	
 8.7165e+01	
 7.5855e+01	
 8.3946e+01	
 7.6401e+01	
 8.4789e+01	
 7.6760e+01	
 8.0870e+01	
 7.6283e+01	
 8.3223e+01	
 7.5628e+01	
 8.0520e+01	
 7.5127e+01	
 8.4208e+01	
 7.9497e+01	
 8.7385e+01	
 8.3454e+01	
 8.2088e+01	
 7.7765e+01	
 8.0639e+01	
 7.6439e+01	
 8.4345e+01	
 8.3382e+01	
 8.0013e+01	
 7.4970e+01	
 7.9700e+01	
 7.4817e+01	
 8.2842e+01	
 7.7439e+01	
 8.0905e+01	
 7.8224e+01	
 8.1322e+01	
 7.6236e+01	
 7.7672e+01	
 7.7086e+01	
 7.8144e+01	
 7.7439e+01	
 7.8830e+01	
 8.1199e+01	
 7.9014e+01	
 8.2807e+01	
 7.8111e+01	
 7.7459e+01	
 8.0141e+01	
 7.8216e+01	
 7.6568e+01	
 7.9549e+01	
 7.9057e+01	
 8.0120e+01	
 8.0859e+01	
 7.8386e+01	
 8.2306e+01	
 7.5023e+01	
 7.9305e+01	
 7.6904e+01	
 8.0977e+01	
 7.7030e+01	
 8.2831e+01	
 8.1227e+01	
 8.3645e+01	
 7.8651e+01	
 8.4779e+01	
 7.6150e+01	
 8.1579e+01	
 7.7317e+01	
 8.0005e+01	
 7.4763e+01	
 8.0149e+01	
 8.1226e+01	
 8.3133e+01	
 7.6871e+01	
 8.2384e+01	
 7.6003e+01	
 8.3072e+01	
 7.4696e+01	
 8.2622e+01	
 8.1525e+01	
 8.2418e+01	
 7.6277e+01	
 8.2244e+01	
 7.7317e+01	
 8.0694e+01	
 7.7277e+01	
 7.8485e+01	
 7.6577e+01	
 8.3165e+01	
 8.0313e+01	
 7.7615e+01	
 7.9296e+01	
 8.1489e+01	
 7.7221e+01	
 7.8409e+01	
 7.9695e+01	
 7.7725e+01	
 8.1282e+01	
 8.1947e+01	
 8.2550e+01	
 7.9813e+01	
 7.7185e+01	
 8.0810e+01	
 7.7179e+01	
 8.1420e+01	
 8.1038e+01	
 8.4694e+01	
 7.8398e+01	
 8.2241e+01	
 7.7230e+01	
 8.3289e+01	
 7.6571e+01	
 8.1043e+01	
 7.4036e+01	
 8.3173e+01	
 7.8636e+01	
 8.2205e+01	
 7.5142e+01	
 7.9352e+01	
 7.6906e+01	
 8.1281e+01	
 7.3293e+01	
 8.1010e+01	
 7.6287e+01	
 8.4205e+01	
 7.9142e+01	
 8.5518e+01	
 7.3181e+01	
 8.4541e+01	
 7.6869e+01	
 8.1780e+01	
 7.7072e+01	
 8.3153e+01	
 7.8400e+01	
 8.3022e+01	
 7.4663e+01	
 8.3030e+01	
 7.5789e+01	
 8.2963e+01	
 7.3861e+01	
 8.4434e+01	
 7.4946e+01	
 8.3502e+01	
 7.4024e+01	
 8.5108e+01	
 8.1591e+01	
 8.5188e+01	
 7.6173e+01	
 8.3509e+01	
 7.5264e+01	
 8.2008e+01	
 7.5911e+01	
 8.4585e+01	
 8.3139e+01	
 8.1099e+01	
 7.4680e+01	
 8.0717e+01	
 7.5745e+01	
 8.3702e+01	
 7.5615e+01	
 8.2771e+01	
 7.6559e+01	
 8.1550e+01	
 7.6148e+01	
 8.1235e+01	
 7.3594e+01	
 8.2929e+01	
 7.3263e+01	
 8.2839e+01	
 7.6351e+01	
 7.9461e+01	
 7.8601e+01	
 7.7887e+01	
 7.9630e+01	
 7.7249e+01	
 7.8388e+01	
 7.6487e+01	
 8.1025e+01	
 7.8529e+01	
 7.6338e+01	
 7.8414e+01	
 7.8563e+01	
 7.7028e+01	
 8.1232e+01	
 7.6751e+01	
 8.2049e+01	
 7.7929e+01	
 7.6585e+01	
 8.0147e+01	
 7.8690e+01	
 7.8755e+01	
 7.5227e+01	
 7.8498e+01	
 7.8904e+01	
 7.7446e+01	
 7.8010e+01	
 7.9095e+01	
 7.3271e+01	
 8.0369e+01	
 7.9575e+01	
 8.0613e+01	
 7.8473e+01	
 8.0547e+01	
 7.5236e+01	
 7.9473e+01	
 7.4188e+01	
 8.2078e+01	
 7.3263e+01	
 8.3646e+01	
 7.3695e+01	
 8.1907e+01	
 7.4847e+01	
 8.7400e+01	
 7.3482e+01	
 8.6898e+01	
 7.4396e+01	
 8.5402e+01	
 7.5729e+01	
 8.3874e+01	
 7.5795e+01	
 8.1665e+01	
 8.1596e+01	
 8.5215e+01	
 7.8540e+01	
 8.3709e+01	
 7.6172e+01	
 8.2738e+01	
 7.6186e+01	
 8.0810e+01	
 7.5112e+01	
 7.9606e+01	
 7.9149e+01	
 8.1908e+01	
 7.4291e+01	
 8.4533e+01	
 7.6833e+01	
 8.1166e+01	
 7.6011e+01	
 7.8513e+01	
 7.6251e+01	
 7.8337e+01	
 7.5014e+01	
 7.8569e+01	
 7.4803e+01	
 7.8510e+01	
 7.7937e+01	
 7.8894e+01	
 7.4975e+01	
 7.9645e+01	
 7.6977e+01	
 7.8149e+01	
 7.6212e+01	
 7.9162e+01	
 7.4722e+01	
 8.2219e+01	
 7.2927e+01	
 8.4483e+01	
 7.2328e+01	
 8.3640e+01	
 7.4419e+01	
 8.1975e+01	
 7.3782e+01	
 8.4202e+01	
 7.4500e+01	
 8.2054e+01	
 7.9320e+01	
 7.6442e+01	
 7.6134e+01	
 7.6883e+01	
 7.7934e+01	
 7.7615e+01	
 7.7665e+01	
 7.9149e+01	
 7.6918e+01	
 7.5612e+01	
 7.7486e+01	
 7.6374e+01	
 7.8329e+01	
 7.8649e+01	
 7.5994e+01	
 7.7157e+01	
 7.9323e+01	
 7.8271e+01	
 7.9614e+01	
 7.4862e+01	
 7.8285e+01	
 7.4792e+01	
 7.9705e+01	
 7.6418e+01	
 8.0494e+01	
 7.9919e+01	
 7.9109e+01	
 7.7064e+01	
 7.8348e+01	
 7.5557e+01	
 8.0692e+01	
 7.7516e+01	
 7.7488e+01	
 7.7828e+01	
 7.6554e+01	
 7.6199e+01	
 7.9823e+01	
 7.7799e+01	
 7.7793e+01	
 7.8965e+01	
 7.7347e+01	
 8.0064e+01	
 7.9878e+01	
 7.6146e+01	
 8.1381e+01	
 7.6471e+01	
 7.8604e+01	
 7.6019e+01	
 7.7667e+01	
 7.6215e+01	
 8.0015e+01	
 7.7053e+01	
 8.3006e+01	
 7.4816e+01	
 8.2229e+01	
 7.3114e+01	
 8.2117e+01	
 7.3780e+01	
 8.1904e+01	
 7.6759e+01	
 8.2890e+01	
 7.3281e+01	
 8.2626e+01	
 7.4178e+01	
 8.1859e+01	
 7.2539e+01	
 8.0783e+01	
 7.5034e+01	
 8.1290e+01	
 7.2000e+01	
 8.2381e+01	
 7.3658e+01	
 8.4377e+01	
 7.2767e+01	
 8.8420e+01	
 7.7391e+01	
 8.3603e+01	
 7.2101e+01	
 8.3726e+01	
 7.3690e+01	
 8.2918e+01	
 7.5168e+01	
 8.2588e+01	
 7.3640e+01	
 8.4993e+01	
 7.3382e+01	
 8.2543e+01	
 7.1980e+01	
 8.3895e+01	
 7.2690e+01	
 8.0958e+01	
 7.4927e+01	
 8.2220e+01	
 7.3564e+01	
 8.0001e+01	
 7.3752e+01	
 8.0008e+01	
 7.6832e+01	
 8.0403e+01	
 7.6040e+01	
 7.9874e+01	
 7.6452e+01	
 8.0436e+01	
 7.3412e+01	
 7.9904e+01	
 7.9217e+01	
 7.9192e+01	
 7.8223e+01	
 7.7817e+01	
 7.5702e+01	
 7.7365e+01	
 7.4730e+01	
 8.0552e+01	
 7.3941e+01	
 8.2912e+01	
 7.1619e+01	
 7.8592e+01	
 7.5428e+01	
 7.9387e+01	
 7.3037e+01	
 8.4352e+01	
 7.3463e+01	
 8.2846e+01	
 7.2233e+01	
 8.0101e+01	
 7.3898e+01	
 8.1302e+01	
 7.4829e+01	
 8.1100e+01	
 7.4844e+01	
 8.5691e+01	
 7.4537e+01	
 8.4386e+01	
 7.1393e+01	
 8.5811e+01	
 7.1547e+01	
 8.1592e+01	
 7.4308e+01	
 7.9604e+01	
 7.4324e+01	
 8.4231e+01	
 7.2513e+01	
 8.2152e+01	
 7.4800e+01	
 8.3823e+01	
 7.5281e+01	
 8.2412e+01	
 7.3934e+01	
 7.9621e+01	
 7.3036e+01	
 8.0213e+01	
 7.4531e+01	
 8.0910e+01	
 7.4125e+01	
 7.9795e+01	
 7.5563e+01	
 7.9951e+01	
 7.4037e+01	
 7.8227e+01	
 7.7786e+01	
 7.7519e+01	
 7.6172e+01	
 7.9861e+01	
 7.9325e+01	
 7.2836e+01	
 8.0564e+01	
 7.2706e+01	
 8.0788e+01	
 7.1872e+01	
 8.2816e+01	
 7.3013e+01	
 8.4046e+01	
 7.4959e+01	
 8.2569e+01	
 7.3461e+01	
 8.0246e+01	
 7.2902e+01	
 8.5739e+01	
        nan	
 8.2396e+01	
 7.5913e+01	
 8.0254e+01	
 7.4529e+01	
 7.9152e+01	
 7.7974e+01	
 7.9291e+01	
 7.4858e+01	
 7.9255e+01	
 7.4327e+01	
 7.9388e+01	
 7.4082e+01	
 8.0072e+01	
 7.7617e+01	
 7.8428e+01	
 7.6575e+01	
 8.0382e+01	
 7.5823e+01	
 7.9071e+01	
 7.1694e+01	
 8.3315e+01	
        nan	
 8.1420e+01	
 7.1327e+01	
 8.5856e+01	
 7.3090e+01	
 8.5580e+01	
 7.1767e+01	
 8.4111e+01	
 7.2246e+01	
 8.3054e+01	
 7.4129e+01	
 8.5533e+01	
 7.9495e+01	
 8.2419e+01	
 7.5691e+01	
 8.0825e+01	
 7.3187e+01	
 7.8231e+01	
 7.5181e+01	
 8.2134e+01	
 7.6433e+01	
 7.9495e+01	
 7.3443e+01	
 8.1072e+01	
 7.2187e+01	
 8.1350e+01	
 7.3659e+01	
 8.3616e+01	
 7.6920e+01	
 8.3431e+01	
 7.2750e+01	
 8.0615e+01	
 7.3874e+01	
 7.7619e+01	
 7.3468e+01	
 8.2214e+01	
 7.8137e+01	
 8.2579e+01	
 7.1389e+01	
 8.1009e+01	
 7.1461e+01	
 8.2227e+01	
 7.2018e+01	
 8.1782e+01	
 7.1956e+01	
 8.5381e+01	
 7.3190e+01	
 8.3603e+01	
 7.6217e+01	
 8.0816e+01	
 7.5278e+01	
 7.9807e+01	
 7.3614e+01	
 8.0792e+01	
 7.7810e+01	
 7.8820e+01	
 7.7886e+01	
 7.8073e+01	
 7.6001e+01	
 8.0782e+01	
 7.5915e+01	
 7.7451e+01	
 7.3524e+01	
 7.8964e+01	
 7.4261e+01	
 7.6875e+01	
 7.4643e+01	
 7.6189e+01	
 7.4461e+01	
 7.8360e+01	
 7.5838e+01	
 7.5322e+01	
 7.8196e+01	
 7.7840e+01	
        nan	
 7.4153e+01	
 7.5550e+01	
 7.4748e+01	
 7.6114e+01	
 7.6558e+01	
 7.5853e+01	
 7.5236e+01	
 7.5125e+01	
 7.6239e+01	
 8.0580e+01	
 7.5332e+01	
 7.7737e+01	
 7.7436e+01	
 7.3944e+01	
 7.7560e+01	
 7.3697e+01	
 7.6981e+01	
 7.6293e+01	
 7.6846e+01	
 7.8388e+01	
 8.0199e+01	
 7.3365e+01	
 8.0277e+01	
 7.3715e+01	
 8.1097e+01	
 7.0259e+01	
 8.3354e+01	
 7.5406e+01	
 8.6362e+01	
 7.1368e+01	
 8.1063e+01	
 7.0822e+01	
 8.1251e+01	
 7.1404e+01	
 8.2471e+01	
 7.1941e+01	
 8.0427e+01	
 7.2410e+01	
 8.0528e+01	
 7.6728e+01	
 8.1920e+01	
 7.4215e+01	
 8.1135e+01	
 7.1014e+01	
 8.7228e+01	
 7.4606e+01	
 8.5797e+01	
 7.4150e+01	
 8.3651e+01	
 7.1758e+01	
 8.1725e+01	
 7.0597e+01	
 8.0517e+01	
 7.8380e+01	
 8.0294e+01	
 7.4374e+01	
 7.8459e+01	
 7.8378e+01	
 7.9382e+01	
 7.4815e+01	
 7.7478e+01	
 7.7462e+01	
 7.7559e+01	
 7.5689e+01	
 7.8674e+01	
 7.1198e+01	
 7.8460e+01	
 7.1695e+01	
 8.1826e+01	
 7.1889e+01	
 8.3324e+01	
 7.2525e+01	
 8.2948e+01	
 7.2169e+01	
 8.1576e+01	
 7.3127e+01	
 7.9842e+01	
 7.5118e+01	
 8.1403e+01	
 7.3067e+01	
 8.2632e+01	
 7.2133e+01	
 7.7769e+01	
 7.4212e+01	
 7.7319e+01	
 7.4048e+01	
 7.9614e+01	
 7.3393e+01	
 7.6439e+01	
 7.4911e+01	
 7.5242e+01	
 7.5389e+01	
 7.5020e+01	
 7.7767e+01	
 7.2838e+01	
 7.6576e+01	
 7.2493e+01	
 7.7849e+01	
 7.3504e+01	
 7.6160e+01	
 7.3990e+01	
 7.3100e+01	
 7.3788e+01	
 7.4233e+01	
 7.5618e+01	
 7.3071e+01	
 7.3056e+01	
 7.5694e+01	
 7.3894e+01	
 7.5580e+01	
 7.2768e+01	
 7.5731e+01	
 7.2991e+01	
 7.6763e+01	
 7.2601e+01	
 7.7193e+01	
 7.3196e+01	
 7.7328e+01	
 7.1540e+01	
 7.9603e+01	
 7.0969e+01	
 7.8901e+01	
 7.3513e+01	
 8.0086e+01	
 7.2673e+01	
 8.0729e+01	
 6.9906e+01	
 7.8414e+01	
 7.2966e+01	
 7.6772e+01	
 7.1235e+01	
 7.9358e+01	
 7.5536e+01	
 8.1212e+01	
 7.5848e+01	
 7.7519e+01	
 7.2390e+01	
 8.0855e+01	
 7.2809e+01	
 8.1131e+01	
 7.3978e+01	
 8.4047e+01	
 7.6972e+01	
 8.2447e+01	
 7.4026e+01	
 8.0118e+01	
 7.2778e+01	
 8.2969e+01	
 7.1194e+01	
 8.2800e+01	
 7.1563e+01	
 7.9796e+01	
 7.3972e+01	
 7.9606e+01	
 7.2491e+01	
 8.0554e+01	
 7.1191e+01	
 8.3626e+01	
 7.0571e+01	
 8.1465e+01	
 7.2497e+01	
 7.8524e+01	
 7.3504e+01	
 7.5572e+01	
 7.2947e+01	
 7.8107e+01	
 7.3869e+01	
 7.7218e+01	
 7.3808e+01	
 7.9222e+01	
 7.3819e+01	
 7.9818e+01	
 7.6001e+01	
 7.3468e+01	
 7.7995e+01	
 7.4324e+01	
 7.8163e+01	
 7.6056e+01	
 7.7867e+01	
 7.5517e+01	
 8.1813e+01	
 7.3840e+01	
 7.8917e+01	
 7.1114e+01	
 8.0451e+01	
 7.1400e+01	
 7.8637e+01	
 7.2086e+01	
 8.4967e+01	
 6.8782e+01	
 8.0580e+01	
 7.1496e+01	
 8.1939e+01	
 7.0077e+01	
 8.2304e+01	
 7.2808e+01	
 8.1713e+01	
 6.9029e+01	
 8.4040e+01	
 7.3321e+01	
 8.0805e+01	
 7.1326e+01	
 7.8755e+01	
 7.6985e+01	
 7.9873e+01	
 7.3573e+01	
 7.8692e+01	
 7.2879e+01	
 7.9703e+01	
 7.1011e+01	
 7.8928e+01	
 7.3412e+01	
 8.1846e+01	
 7.3982e+01	
 7.8667e+01	
 7.1450e+01	
 7.7167e+01	
 7.3370e+01	
 7.8429e+01	
 7.3491e+01	
 7.8794e+01	
 7.3156e+01	
 8.0009e+01	
 7.3587e+01	
 8.2912e+01	
 7.5964e+01	
 7.8798e+01	
 7.4587e+01	
 7.9290e+01	
 7.4504e+01	
 7.9983e+01	
 7.3800e+01	
 7.9836e+01	
 7.5010e+01	
 8.0343e+01	
 7.1652e+01	
 7.8907e+01	
 7.3946e+01	
 7.8474e+01	
 7.4799e+01	
 8.0001e+01	
 7.3276e+01	
 7.8888e+01	
 7.2680e+01	
 8.0251e+01	
 7.1147e+01	
 7.9086e+01	
 7.5529e+01	
 7.8867e+01	
 7.5010e+01	
 7.8490e+01	
 7.0947e+01	
 7.8880e+01	
 7.2221e+01	
 7.8681e+01	
 7.3340e+01	
 7.7582e+01	
 7.2954e+01	
 8.0902e+01	
 7.8924e+01	
 7.8124e+01	
 7.4240e+01	
 7.5456e+01	
 7.2105e+01	
 7.7896e+01	
 7.2285e+01	
 7.7610e+01	
 7.3003e+01	
 7.7754e+01	
 7.4655e+01	
 7.7651e+01	
 7.4605e+01	
 7.8030e+01	
 7.2652e+01	
 7.9898e+01	
 7.1069e+01	
 7.9800e+01	
 7.3953e+01	
 8.0303e+01	
 7.4946e+01	
 7.9206e+01	
 7.2394e+01	
 7.6657e+01	
 7.0677e+01	
 7.8786e+01	
 7.2302e+01	
 7.5472e+01	
 7.4178e+01	
 7.9821e+01	
 7.6397e+01	
 7.7986e+01	
 7.1959e+01	
 7.6975e+01	
 7.1695e+01	
 7.7367e+01	
 7.3669e+01	
 7.9168e+01	
 7.4236e+01	
 7.6322e+01	
 7.7977e+01	
 8.2460e+01	
 7.9379e+01	
 7.6248e+01	
 7.3507e+01	
 7.8176e+01	
 7.4602e+01	
 7.6675e+01	
 7.1725e+01	
 7.8034e+01	
 7.6793e+01	
 7.6007e+01	
 7.6903e+01	
 7.6833e+01	
 7.2730e+01	
 7.7416e+01	
 7.2797e+01	
 7.7928e+01	
 7.1456e+01	
 7.7797e+01	
 6.9969e+01	
 8.0117e+01	
 7.3396e+01	
 7.8230e+01	
 7.1081e+01	
 7.8037e+01	
 7.1187e+01	
 7.7651e+01	
 7.3561e+01	
 7.6503e+01	
 7.2367e+01	
 7.5993e+01	
 7.4879e+01	
 7.6826e+01	
 7.1283e+01	
 7.6413e+01	
 6.9202e+01	
 7.9897e+01	
 7.1579e+01	
 8.0456e+01	
 7.3102e+01	
 8.1370e+01	
 7.3358e+01	
 7.9774e+01	
 7.1705e+01	
 7.9472e+01	
 7.2093e+01	
 8.0130e+01	
 6.9390e+01	
 8.4000e+01	
 7.2662e+01	
 8.1589e+01	
 7.5578e+01	
 7.8649e+01	
 7.0869e+01	
 7.8634e+01	
 7.2278e+01	
 7.8482e+01	
 7.0488e+01	
 7.8444e+01	
 7.6937e+01	
 7.8564e+01	
 7.4163e+01	
 7.7861e+01	
 7.1433e+01	
 7.7747e+01	
 7.3131e+01	
 7.7173e+01	
 7.1723e+01	
 7.7647e+01	
 7.6301e+01	
 7.9196e+01	
 7.8526e+01	
 7.7249e+01	
 7.2035e+01	
 7.6786e+01	
 7.0898e+01	
 7.6236e+01	
 7.2004e+01	
 7.6715e+01	
 7.4864e+01	
 7.5791e+01	
 7.1583e+01	
 7.4499e+01	
 7.2350e+01	
 7.4271e+01	
 7.2951e+01	
 7.5803e+01	
 7.5379e+01	
 7.9722e+01	
 7.1277e+01	
 7.6356e+01	
 7.0025e+01	
 7.7265e+01	
 7.0779e+01	
 7.8016e+01	
 7.2773e+01	
 7.9353e+01	
 7.4700e+01	
 7.8553e+01	
 7.1366e+01	
 7.9658e+01	
 7.0745e+01	
 7.8730e+01	
 6.9439e+01	
 7.8841e+01	
 7.0425e+01	
 7.9140e+01	
 7.3909e+01	
 7.9687e+01	
 7.3674e+01	
 7.9857e+01	
 7.1243e+01	
 7.9256e+01	
 7.1207e+01	
 7.6591e+01	
 7.1320e+01	
 7.6951e+01	
 7.1120e+01	
 7.7074e+01	
 7.2098e+01	
 7.6688e+01	
 7.4039e+01	
 7.6891e+01	
 7.4646e+01	
 7.8875e+01	
 7.4166e+01	
 7.6728e+01	
 7.0382e+01	
 7.7002e+01	
 7.1774e+01	
 7.7113e+01	
 7.3518e+01	
 7.6510e+01	
 7.1528e+01	
 7.8708e+01	
 7.6854e+01	
 7.8625e+01	
 7.9502e+01	
 7.4324e+01	
 7.1901e+01	
 7.3625e+01	
 7.3831e+01	
 7.4285e+01	
 7.1288e+01	
 7.8153e+01	
 7.4811e+01	
 7.9014e+01	
 7.1790e+01	
 7.6494e+01	
 6.9256e+01	
 7.5661e+01	
 7.2051e+01	
 7.5384e+01	
 7.1779e+01	
 7.3553e+01	
 7.1902e+01	
 7.9446e+01	
 7.2576e+01	
 7.7246e+01	
 7.2019e+01	
 7.4174e+01	
 7.4601e+01	
 7.3641e+01	
 7.4838e+01	
 7.1956e+01	
 7.4013e+01	
 7.4129e+01	
 7.8741e+01	
 7.6426e+01	
 7.5729e+01	
 7.3786e+01	
 7.7532e+01	
 7.3258e+01	
 7.6854e+01	
 7.0757e+01	
 7.8169e+01	
 7.3056e+01	
 7.8688e+01	
 7.1985e+01	
 8.0057e+01	
 7.5525e+01	
 8.0351e+01	
 7.2788e+01	
 7.7442e+01	
 7.1542e+01	
 7.9375e+01	
 7.0421e+01	
 8.0109e+01	
 7.4883e+01	
 7.7660e+01	
 7.1196e+01	
 7.8644e+01	
 7.0957e+01	
 7.8582e+01	
 6.9914e+01	
 7.9656e+01	
 6.9885e+01	
 7.7878e+01	
 7.1474e+01	
 8.1618e+01	
 7.0525e+01	
 7.6258e+01	
 7.4817e+01	
 7.8628e+01	
 7.0488e+01	
 7.8722e+01	
 7.1809e+01	
 7.8237e+01	
 7.1536e+01	
 7.8705e+01	
 7.5552e+01	
 8.0210e+01	
 7.5100e+01	
 7.5167e+01	
 7.1805e+01	
 7.6242e+01	
 7.2822e+01	
 7.4743e+01	
 7.1882e+01	
 7.8622e+01	
 7.1252e+01	
 7.9658e+01	
 6.9696e+01	
 7.8161e+01	
 7.0780e+01	
 7.7649e+01	
 7.1396e+01	
 7.8222e+01	
 7.0496e+01	
 8.1996e+01	
 7.1562e+01	
 7.4398e+01	
 7.2160e+01	
 7.5445e+01	
 7.2405e+01	
 7.7744e+01	
 7.1032e+01	
 7.5266e+01	
 7.7928e+01	
 7.7278e+01	
 7.6722e+01	
 7.4924e+01	
 7.1859e+01	
 7.6331e+01	
 7.1438e+01	
 7.8968e+01	
 7.0745e+01	
 8.0792e+01	
 7.1412e+01	
 7.9634e+01	
 7.1281e+01	
 8.2050e+01	
 7.1577e+01	
 7.9816e+01	
 6.9062e+01	
 7.9083e+01	
 7.1279e+01	
 7.8176e+01	
 7.1666e+01	
 7.7785e+01	
 7.0342e+01	
 7.7991e+01	
 6.8982e+01	
 7.8948e+01	
 7.3000e+01	
 7.9174e+01	
 7.2705e+01	
 8.0786e+01	
 7.1507e+01	
 7.7217e+01	
 7.2783e+01	
 7.9553e+01	
 7.3107e+01	
 7.5848e+01	
 7.1463e+01	
 7.9476e+01	
 8.0602e+01	
 7.7828e+01	
 7.1952e+01	
 7.7102e+01	
 7.1374e+01	
 7.8246e+01	
 7.1493e+01	
 7.8042e+01	
 7.1339e+01	
 7.9524e+01	
 7.5589e+01	
 7.8992e+01	
 7.4293e+01	
 7.8792e+01	
 7.0076e+01	
 7.8288e+01	
 7.0600e+01	
 7.7785e+01	
 7.0487e+01	
 7.9083e+01	
 6.9290e+01	
 8.1015e+01	
 6.8944e+01	
 8.0734e+01	
 6.8796e+01	
 7.9635e+01	
 6.9283e+01	
 7.7015e+01	
 7.2937e+01	
 7.7551e+01	
 7.2223e+01	
 7.6854e+01	
 7.2030e+01	
 8.1263e+01	
 7.1968e+01	
 8.2650e+01	
 7.0065e+01	
 7.5931e+01	
 7.0962e+01	
 7.5157e+01	
 7.1990e+01	
 7.4654e+01	
 7.1120e+01	
 7.8529e+01	
 7.0849e+01	
 7.7364e+01	
 7.2784e+01	
 7.5955e+01	
 7.2878e+01	
 7.3739e+01	
 7.4330e+01	
 7.1353e+01	
 7.5645e+01	
 7.0304e+01	
 7.7646e+01	
 7.0655e+01	
 7.7130e+01	
 7.3013e+01	
 7.5803e+01	
 7.1670e+01	
 7.5399e+01	
 7.0230e+01	
 7.6272e+01	
 7.0560e+01	
 7.5161e+01	
 7.2047e+01	
 7.8099e+01	
 7.4575e+01	
 7.9150e+01	
 7.4459e+01	
 7.9190e+01	
 6.9152e+01	
 7.9923e+01	
 6.9988e+01	
 7.9496e+01	
 7.0760e+01	
 8.0473e+01	
 7.5061e+01	
 8.0397e+01	
 7.2978e+01	
 7.9857e+01	
 7.1081e+01	
 7.8961e+01	
 7.0332e+01	
 8.1772e+01	
 7.5109e+01	
 8.1421e+01	
 7.5290e+01	
 7.9046e+01	
 7.1887e+01	
 7.8636e+01	
 6.9852e+01	
 7.9276e+01	
 6.8972e+01	
 7.7859e+01	
 7.1294e+01	
 7.8359e+01	
 7.5369e+01	
 8.2948e+01	
 7.1826e+01	
 7.8390e+01	
 6.9804e+01	
 7.6668e+01	
 7.0224e+01	
 7.7967e+01	
 6.9484e+01	
 7.6291e+01	
 7.4992e+01	
 7.5815e+01	
 7.0440e+01	
 7.5873e+01	
 7.0178e+01	
 7.6598e+01	
 7.5171e+01	
 7.7820e+01	
 7.6150e+01	
 8.0087e+01	
 7.1088e+01	
 7.8959e+01	
 7.1363e+01	
 7.8449e+01	
 7.1638e+01	
 7.5778e+01	
 7.1382e+01	
 7.6981e+01	
 8.0229e+01	
 7.7533e+01	
 7.2810e+01	
 7.6594e+01	
 7.0959e+01	
 7.6732e+01	
 7.2553e+01	
 7.5562e+01	
 6.9964e+01	
 7.8413e+01	
 7.1124e+01	
 7.7948e+01	
 7.3953e+01	
 7.4647e+01	
 7.0952e+01	
 7.3959e+01	
 7.1143e+01	
 7.3056e+01	
 7.0337e+01	
 7.3171e+01	
 7.0489e+01	
 7.3271e+01	
 7.2327e+01	
 7.3839e+01	
 7.0345e+01	
 7.5298e+01	
 7.2360e+01	
 7.5744e+01	
 7.1745e+01	
 7.6655e+01	
 7.0132e+01	
 7.6067e+01	
 6.8394e+01	
 7.4873e+01	
 6.9351e+01	
 7.5871e+01	
 7.0394e+01	
 7.6926e+01	
 6.9678e+01	
 7.7521e+01	
 7.4650e+01	
 8.0304e+01	
 7.7888e+01	
 7.9696e+01	
 6.9885e+01	
 8.0402e+01	
 7.0486e+01	
 8.0311e+01	
 6.9755e+01	
 8.1016e+01	
 7.3408e+01	
 8.4818e+01	
 7.4424e+01	
 7.9686e+01	
 7.2653e+01	
 7.9122e+01	
 7.1958e+01	
 7.7261e+01	
 7.3503e+01	
 8.1356e+01	
 7.8655e+01	
 7.8910e+01	
 7.3473e+01	
 7.6663e+01	
 7.0650e+01	
 7.6761e+01	
 6.9755e+01	
 7.7082e+01	
 7.0543e+01	
 7.7336e+01	
 7.4357e+01	
 7.9598e+01	
 7.3507e+01	
 7.8897e+01	
 6.9003e+01	
 7.8419e+01	
 6.9890e+01	
 7.8232e+01	
 7.0522e+01	
 7.7930e+01	
 6.9521e+01	
 7.9617e+01	
 7.2305e+01	
 8.1287e+01	
 7.1694e+01	
 7.8795e+01	
 7.0294e+01	
 7.7789e+01	
 7.0954e+01	
 7.6885e+01	
 7.1120e+01	
 7.7770e+01	
 6.9817e+01	
 7.8609e+01	
 7.2707e+01	
 8.1959e+01	
 7.7665e+01	
 7.5245e+01	
 7.4158e+01	
 7.5386e+01	
 7.0999e+01	
 7.5770e+01	
 7.0611e+01	
 7.6131e+01	
 7.3306e+01	
 7.6218e+01	
 7.4940e+01	
 7.7477e+01	
 7.2165e+01	
 7.6750e+01	
 7.1662e+01	
 7.7814e+01	
 7.1474e+01	
 7.5165e+01	
 7.0328e+01	
 7.9526e+01	
 7.5994e+01	
 7.5204e+01	
 7.3293e+01	
 7.4535e+01	
 7.1023e+01	
 7.5032e+01	
 7.2268e+01	
 7.4717e+01	
 6.9720e+01	
 7.8086e+01	
 7.8170e+01	
 7.9577e+01	
 6.9552e+01	
 7.6844e+01	
 7.0273e+01	
 7.3743e+01	
 7.1786e+01	
 7.1975e+01	
 7.0929e+01	
 7.4176e+01	
 7.1109e+01	
 7.0254e+01	
 7.3138e+01	
 7.1233e+01	
 7.3415e+01	
 7.0368e+01	
 7.4030e+01	
 6.9833e+01	
 7.3701e+01	
 6.9812e+01	
 7.6146e+01	
 6.9991e+01	
 7.5859e+01	
 7.0731e+01	
 7.6635e+01	
 7.0433e+01	
 7.5991e+01	
 7.0370e+01	
 7.6874e+01	
 7.1624e+01	
 7.8328e+01	
 7.1600e+01	
 7.9113e+01	
 7.0389e+01	
 7.5743e+01	
 7.1400e+01	
 7.6312e+01	
 7.1938e+01	
 7.7283e+01	
 7.0336e+01	
 7.6670e+01	
 7.0365e+01	
 7.6183e+01	
 7.1177e+01	
 7.9181e+01	
 7.2550e+01	
 7.6592e+01	
 6.8542e+01	
 7.6429e+01	
 7.1673e+01	
 7.6212e+01	
 6.9031e+01	
 7.6214e+01	
 7.1134e+01	
 7.8884e+01	
 7.2277e+01	
 7.7934e+01	
 6.9310e+01	
 7.7541e+01	
 7.0115e+01	
 7.7951e+01	
 7.2313e+01	
 7.8456e+01	
 7.0301e+01	
 7.7350e+01	
 7.0023e+01	
 7.7226e+01	
 7.2016e+01	
 7.6160e+01	
 6.9253e+01	
 7.5044e+01	
 7.1336e+01	
 8.0138e+01	
 7.4500e+01	
 8.2759e+01	
 7.2338e+01	
 7.7537e+01	
 7.2181e+01	
 7.7685e+01	
 7.3507e+01	
 7.8154e+01	
 7.0200e+01	
 7.9398e+01	
 8.0578e+01	
 8.0149e+01	
 8.0623e+01	
 7.5423e+01	
 7.0042e+01	
 7.3764e+01	
 7.1060e+01	
 7.4903e+01	
 7.0882e+01	
 7.4872e+01	
 7.4398e+01	
 7.3644e+01	
 6.8978e+01	
 7.2668e+01	
 7.0582e+01	
 7.3330e+01	
 7.0164e+01	
 7.9866e+01	
 6.7898e+01	
 7.7680e+01	
 6.8619e+01	
 7.5552e+01	
 6.8724e+01	
 7.5499e+01	
 6.8905e+01	
 7.7479e+01	
 6.8159e+01	
 7.5782e+01	
 6.9079e+01	
 7.2084e+01	
 7.1286e+01	
 7.5032e+01	
 7.0646e+01	
 7.1011e+01	
 7.1913e+01	
 7.1151e+01	
 7.1175e+01	
 6.9850e+01	
 7.2005e+01	
 6.9639e+01	
 7.2316e+01	
 6.9797e+01	
 7.4010e+01	
 6.9188e+01	
 7.3459e+01	
 7.0044e+01	
 7.4498e+01	
 6.9830e+01	
 7.6041e+01	
 6.7305e+01	
 7.5598e+01	
 6.9969e+01	
 7.5327e+01	
 7.0087e+01	
 7.7418e+01	
 7.6157e+01	
 7.7263e+01	
 7.1881e+01	
 7.7470e+01	
 7.0002e+01	
 7.9819e+01	
 6.8934e+01	
 7.8414e+01	
 7.0636e+01	
 7.7689e+01	
 7.1466e+01	
 7.8038e+01	
 7.0002e+01	
 7.6457e+01	
 6.8091e+01	
 7.8034e+01	
 6.9942e+01	
 7.9895e+01	
 7.3252e+01	
 8.1621e+01	
 7.0796e+01	
 7.6715e+01	
 7.0512e+01	
 7.8190e+01	
 6.9066e+01	
 7.6428e+01	
 6.9953e+01	
 7.7509e+01	
 7.2169e+01	
 7.8225e+01	
 7.1651e+01	
 7.7201e+01	
 6.9590e+01	
 7.8783e+01	
 7.0357e+01	
 7.7687e+01	
 7.0219e+01	
 7.6484e+01	
 7.2795e+01	
 7.7900e+01	
 7.4592e+01	
 7.7526e+01	
 7.0609e+01	
 7.5907e+01	
 7.1730e+01	
 7.8301e+01	
 7.3337e+01	
 7.5866e+01	
 7.4186e+01	
 8.0286e+01	
 8.0384e+01	
 7.7381e+01	
 7.3789e+01	
 7.5368e+01	
 6.8940e+01	
 7.5350e+01	
 6.8924e+01	
 7.5234e+01	
 7.2176e+01	
 7.6974e+01	
 7.6494e+01	
 7.7939e+01	
 6.9257e+01	
 7.6814e+01	
 7.1195e+01	
 7.6106e+01	
 7.0208e+01	
 7.6953e+01	
 7.3417e+01	
 7.7990e+01	
 7.5668e+01	
 7.5431e+01	
 7.0579e+01	
 7.6992e+01	
 7.0869e+01	
 7.7305e+01	
 7.0070e+01	
 7.7233e+01	
 7.3887e+01	
 8.1009e+01	
 7.1709e+01	
 8.2463e+01	
 7.0507e+01	
 7.7880e+01	
 6.9406e+01	
 7.6847e+01	
 7.2801e+01	
 7.5128e+01	
 7.6823e+01	
 7.4798e+01	
 7.7464e+01	
 7.5004e+01	
 6.8921e+01	
 7.3478e+01	
 7.0232e+01	
 7.5935e+01	
 7.0483e+01	
 7.5155e+01	
 7.7700e+01	
 7.3554e+01	
 7.2463e+01	
 7.5779e+01	
 7.0858e+01	
 7.6319e+01	
 6.9737e+01	
 7.5600e+01	
 7.2297e+01	
 7.7915e+01	
 7.7297e+01	
 7.6299e+01	
 7.2585e+01	
 7.3938e+01	
 6.8936e+01	
 7.4616e+01	
 7.1253e+01	
 7.3553e+01	
 6.7363e+01	
 7.8355e+01	
 7.0040e+01	
 7.9337e+01	
 6.8185e+01	
 7.5833e+01	
 7.1805e+01	
 7.3363e+01	
 7.3417e+01	
 7.1718e+01	
 7.2905e+01	
 7.4315e+01	
 7.3793e+01	
 7.7987e+01	
 6.9624e+01	
 7.1930e+01	
 7.2335e+01	
 7.1864e+01	
 7.4064e+01	
 7.0863e+01	
 7.4587e+01	
 7.8338e+01	
 7.5857e+01	
 7.1183e+01	
 7.1755e+01	
 6.9677e+01	
 7.3605e+01	
 7.0377e+01	
 7.1404e+01	
 7.2818e+01	
 7.2306e+01	
 7.4541e+01	
 7.2365e+01	
 7.4606e+01	
 7.2874e+01	
 6.7870e+01	
 7.3767e+01	
 6.8058e+01	
 7.5735e+01	
 6.8497e+01	
 7.8529e+01	
 6.9820e+01	
 7.8281e+01	
 6.8488e+01	
 7.7614e+01	
 7.0274e+01	
 7.8407e+01	
 6.8410e+01	
 8.0223e+01	
 6.9021e+01	
 7.9340e+01	
 7.0141e+01	
 7.8950e+01	
 6.9760e+01	
 7.7550e+01	
 7.0599e+01	
 7.8757e+01	
 7.5142e+01	
 7.7204e+01	
 7.0194e+01	
 7.8987e+01	
 6.9662e+01	
 7.6938e+01	
 6.8722e+01	
 7.8603e+01	
 7.5237e+01	
 8.2637e+01	
 7.3601e+01	
 7.9369e+01	
 7.0092e+01	
 7.6574e+01	
 7.2142e+01	
 7.7997e+01	
 6.9579e+01	
 7.6679e+01	
 6.8784e+01	
 8.0654e+01	
 7.0474e+01	
 7.9144e+01	
 6.8789e+01	
 7.3210e+01	
 7.1117e+01	
 7.5049e+01	
 6.9813e+01	
 7.2767e+01	
 6.9113e+01	
 7.5297e+01	
 7.5611e+01	
 7.7131e+01	
 7.3477e+01	
 7.8171e+01	
 7.1244e+01	
 7.6005e+01	
 7.1999e+01	
 7.8595e+01	
 7.1254e+01	
 7.4567e+01	
 7.2917e+01	
 7.8538e+01	
 7.8179e+01	
 7.7354e+01	
 7.0742e+01	
 7.4756e+01	
 7.0016e+01	
 7.3334e+01	
 7.0050e+01	
 7.3802e+01	
 7.4474e+01	
 7.3964e+01	
 7.2548e+01	
 7.2647e+01	
 6.8836e+01	
 7.2949e+01	
 6.8424e+01	
 7.3573e+01	
 6.9258e+01	
 7.2478e+01	
 6.9021e+01	
 7.2744e+01	
 7.3378e+01	
 7.2209e+01	
 6.8400e+01	
 7.3274e+01	
 7.0472e+01	
 7.2544e+01	
 6.9795e+01	
 7.3999e+01	
 6.9862e+01	
 7.1267e+01	
 7.1207e+01	
 7.4778e+01	
 6.9536e+01	
 7.4072e+01	
 6.8756e+01	
 7.5353e+01	
 6.9862e+01	
 7.4308e+01	
 7.0690e+01	
 7.8239e+01	
 7.3936e+01	
 7.6234e+01	
 7.2282e+01	
 7.5157e+01	
 6.8555e+01	
 7.5826e+01	
 6.9163e+01	
 7.5401e+01	
 6.7082e+01	
 7.6794e+01	
 7.4314e+01	
 7.7974e+01	
 7.3102e+01	
 7.3926e+01	
 6.8543e+01	
 7.6317e+01	
 6.9062e+01	
 7.4867e+01	
 7.0119e+01	
 7.4174e+01	
 7.5021e+01	
 7.8204e+01	
 7.5234e+01	
 7.2373e+01	
 6.9017e+01	
 7.3201e+01	
 7.0650e+01	
 7.1192e+01	
 6.9474e+01	
 6.9871e+01	
 6.9369e+01	
 7.3814e+01	
 7.5554e+01	
 7.4407e+01	
 7.0538e+01	
 7.0281e+01	
 7.5376e+01	
 7.3464e+01	
 7.4773e+01	
 7.0521e+01	
 7.7715e+01	
 7.6326e+01	
 8.0769e+01	
 7.0412e+01	
 7.0370e+01	
 7.3606e+01	
 7.0616e+01	
 7.2018e+01	
 7.3831e+01	
 7.0527e+01	
 7.3817e+01	
 7.1358e+01	
 7.1319e+01	
 7.2987e+01	
 6.8895e+01	
 7.5094e+01	
 7.1737e+01	
 7.3774e+01	
 6.8526e+01	
 7.5289e+01	
 7.0326e+01	
 7.8270e+01	
 6.9427e+01	
 7.6857e+01	
 6.9025e+01	
 7.7444e+01	
 6.8397e+01	
 7.9582e+01	
 7.0573e+01	
 7.7803e+01	
 6.8321e+01	
 7.7272e+01	
 6.8630e+01	
 7.5863e+01	
 6.6679e+01	
 8.0496e+01	
 6.9278e+01	
 7.9065e+01	
 7.1218e+01	
 7.5117e+01	
 6.8629e+01	
 7.4677e+01	
 6.9321e+01	
 7.1753e+01	
 6.9583e+01	
 7.3597e+01	
 6.9356e+01	
 7.3959e+01	
 6.9283e+01	
 7.2398e+01	
 7.0005e+01	
 7.0406e+01	
 7.1252e+01	
 6.9539e+01	
 7.1161e+01	
 7.0002e+01	
 7.1853e+01	
 7.1181e+01	
 7.2062e+01	
 7.1676e+01	
 7.3488e+01	
 7.0081e+01	
 7.4271e+01	
 6.9081e+01	
 7.3891e+01	
 7.5253e+01	
 7.5505e+01	
 7.3642e+01	
 7.4407e+01	
 6.9185e+01	
 7.5185e+01	
 7.0781e+01	
 7.4887e+01	
 7.2100e+01	
 7.3562e+01	
 7.2980e+01	
 7.9034e+01	
 7.8820e+01	
 7.6181e+01	
 6.8444e+01	
 7.4759e+01	
 6.8299e+01	
 7.4947e+01	
 7.1462e+01	
 7.6451e+01	
 7.0739e+01	
 7.9851e+01	
 8.0360e+01	
 7.6932e+01	
 7.1895e+01	
 7.5197e+01	
 7.0596e+01	
 7.5686e+01	
 6.8806e+01	
 7.4845e+01	
 7.3253e+01	
 8.0563e+01	
 7.2853e+01	
 7.6324e+01	
 6.9464e+01	
 7.4507e+01	
 6.7367e+01	
 7.5173e+01	
 7.0644e+01	
 7.4487e+01	
 6.9467e+01	
 7.3258e+01	
 7.0543e+01	
 7.4887e+01	
 6.8013e+01	
 7.5609e+01	
 7.0351e+01	
 7.4853e+01	
 7.1069e+01	
 7.6967e+01	
 7.4280e+01	
 7.4505e+01	
 6.9269e+01	
 7.6151e+01	
 7.0473e+01	
 7.6203e+01	
 6.7171e+01	
 7.6575e+01	
 7.0796e+01	
 7.8582e+01	
 6.8620e+01	
 7.4548e+01	
 6.8506e+01	
 7.4359e+01	
 6.7925e+01	
 7.2405e+01	
 6.7338e+01	
 7.4166e+01	
 6.7443e+01	
 7.4958e+01	
 6.7760e+01	
 7.3243e+01	
 6.8424e+01	
 7.3064e+01	
 7.0060e+01	
 7.0847e+01	
 6.8783e+01	
 7.1146e+01	
 7.0660e+01	
 7.6539e+01	
 7.0530e+01	
 6.9704e+01	
 7.2971e+01	
 6.7711e+01	
 7.3555e+01	
 6.9801e+01	
 7.6271e+01	
 7.0790e+01	
 7.5466e+01	
 6.7793e+01	
 7.2507e+01	
 7.2454e+01	
 7.5547e+01	
 7.0447e+01	
 7.4616e+01	
 7.5345e+01	
 8.2102e+01	
 7.6539e+01	
 7.5031e+01	
 7.1797e+01	
 7.4910e+01	
 6.9292e+01	
 7.4324e+01	
 7.2147e+01	
 7.9020e+01	
 7.3209e+01	
 7.3451e+01	
 6.8963e+01	
 7.2144e+01	
 6.7917e+01	
 7.1964e+01	
 7.0732e+01	
 7.1574e+01	
 7.2549e+01	
 7.2348e+01	
 7.0247e+01	
 7.1569e+01	
 6.9920e+01	
 7.2962e+01	
 7.0618e+01	
 7.3906e+01	
 6.8670e+01	
 7.5984e+01	
 6.9708e+01	
 7.4286e+01	
 7.2361e+01	
 7.4117e+01	
 6.8210e+01	
 7.3895e+01	
 6.7979e+01	
 7.5216e+01	
 6.8962e+01	
 7.4806e+01	
 7.4854e+01	
 7.8335e+01	
 7.3972e+01	
 7.6098e+01	
 6.8050e+01	
 7.7594e+01	
 6.9577e+01	
 7.5809e+01	
 6.6445e+01	
 7.6546e+01	
 7.1699e+01	
 8.0268e+01	
 7.0254e+01	
 8.1070e+01	
 6.6513e+01	
 7.8139e+01	
 6.9843e+01	
 7.7291e+01	
 7.0410e+01	
 7.6999e+01	
 6.8109e+01	
 7.7236e+01	
 6.7407e+01	
 7.5913e+01	
 6.7010e+01	
 7.6766e+01	
 7.0002e+01	
 7.6436e+01	
 7.5691e+01	
 7.7612e+01	
 7.0340e+01	
 7.5633e+01	
 6.8713e+01	
 7.7579e+01	
 6.7209e+01	
 7.6256e+01	
 6.8792e+01	
 7.6067e+01	
 7.1320e+01	
 7.5558e+01	
 7.3849e+01	
 7.7525e+01	
 6.7593e+01	
 7.8046e+01	
 6.9255e+01	
 7.7076e+01	
 6.8977e+01	
 7.1893e+01	
 6.8366e+01	
 7.7481e+01	
 7.3226e+01	
 7.7573e+01	
 7.3431e+01	
 7.4400e+01	
 6.9724e+01	
 7.3553e+01	
 7.1464e+01	
 7.5276e+01	
 6.7645e+01	
 7.4518e+01	
 7.5822e+01	
 7.7725e+01	
 7.3087e+01	
 7.1749e+01	
 6.9100e+01	
 7.3832e+01	
 6.9411e+01	
 7.4522e+01	
 7.2576e+01	
 7.6089e+01	
 7.8861e+01	
 7.4230e+01	
 6.9888e+01	
 7.3519e+01	
 6.6702e+01	
 7.2872e+01	
 6.8002e+01	
 7.3878e+01	
 7.3769e+01	
 7.5932e+01	
 7.6131e+01	
 7.4793e+01	
 6.8689e+01	
 7.3544e+01	
 6.7351e+01	
 7.5409e+01	
 6.8297e+01	
 7.4820e+01	
 6.7519e+01	
 7.7702e+01	
 7.2749e+01	
 7.7243e+01	
 7.2693e+01	
 7.2358e+01	
 7.0569e+01	
 7.5666e+01	
 7.1258e+01	
 7.3306e+01	
 6.7352e+01	
 7.8700e+01	
 7.2878e+01	
 7.6974e+01	
 6.8648e+01	
 7.1180e+01	
 6.8753e+01	
 7.2459e+01	
 6.9067e+01	
 7.1734e+01	
 6.8885e+01	
 7.6315e+01	
 7.2436e+01	
 7.4314e+01	
 6.9980e+01	
 6.8895e+01	
 7.0754e+01	
 6.9795e+01	
 7.0595e+01	
 7.1865e+01	
 7.1897e+01	
 7.2197e+01	
 6.9300e+01	
 7.1280e+01	
 6.9927e+01	
 7.0211e+01	
 6.9583e+01	
 7.2673e+01	
 7.2795e+01	
 6.9777e+01	
 7.1186e+01	
 7.0522e+01	
 6.9501e+01	
 7.2208e+01	
 6.9211e+01	
 7.4067e+01	
 7.3130e+01	
 7.1702e+01	
 7.0843e+01	
 7.0207e+01	
 6.8343e+01	
 7.0309e+01	
 6.9053e+01	
 7.0313e+01	
 7.0237e+01	
 7.0358e+01	
 7.0169e+01	
 7.4700e+01	
 7.2100e+01	
 7.1201e+01	
 7.1675e+01	
 6.8802e+01	
 7.3615e+01	
 6.9284e+01	
 7.2831e+01	
 6.7677e+01	
 7.3222e+01	
 6.9163e+01	
 7.2859e+01	
 7.0510e+01	
 7.5480e+01	
 7.0126e+01	
 7.8182e+01	
 6.8130e+01	
 8.0713e+01	
 6.6474e+01	
 7.9086e+01	
 6.7603e+01	
 7.8757e+01	
 6.6881e+01	
 7.7122e+01	
 6.9205e+01	
 7.4980e+01	
 6.6783e+01	
 7.9741e+01	
 7.3828e+01	
 7.8482e+01	
 6.7120e+01	
 7.3183e+01	
 6.9396e+01	
 7.5527e+01	
 7.0393e+01	
 7.2677e+01	
 7.1201e+01	
 7.9081e+01	
 7.2883e+01	
 7.4103e+01	
 6.8702e+01	
 7.3483e+01	
 6.9313e+01	
 7.4049e+01	
 6.8501e+01	
 7.3214e+01	
 6.8349e+01	
 7.3408e+01	
 7.6094e+01	
 7.3230e+01	
 6.9172e+01	
 7.0096e+01	
 7.2245e+01	
 6.9740e+01	
 7.1976e+01	
 7.0689e+01	
 7.4099e+01	
 7.6739e+01	
 7.5082e+01	
 7.2698e+01	
 7.3735e+01	
 6.9943e+01	
 7.3417e+01	
 6.7050e+01	
 7.4771e+01	
 6.7212e+01	
 7.3504e+01	
 7.0283e+01	
 7.3968e+01	
 7.2529e+01	
 7.4918e+01	
 6.9466e+01	
 7.5230e+01	
 6.8982e+01	
 7.4461e+01	
 6.8388e+01	
 7.5138e+01	
 6.8326e+01	
 7.5494e+01	
 6.6828e+01	
 7.3352e+01	
 6.8664e+01	
 7.1587e+01	
 6.7481e+01	
 7.3093e+01	
 6.9756e+01	
 7.2220e+01	
 6.8822e+01	
 7.4529e+01	
 7.0124e+01	
 7.3931e+01	
 7.1210e+01	
 7.5261e+01	
 7.0797e+01	
 7.4879e+01	
 6.6818e+01	
 7.4411e+01	
 6.9448e+01	
 7.3876e+01	
 6.7969e+01	
 7.6432e+01	
 7.3614e+01	
 7.5716e+01	
 6.8046e+01	
 7.9346e+01	
 7.4348e+01	
 7.7021e+01	
 6.8542e+01	
 7.7489e+01	
 6.8870e+01	
 7.5568e+01	
 6.7978e+01	
 7.6232e+01	
 7.5537e+01	
 7.6961e+01	
 7.2678e+01	
 7.4517e+01	
 6.7751e+01	
 7.2811e+01	
 6.7261e+01	
 7.2547e+01	
 6.7434e+01	
 7.1817e+01	
 6.7556e+01	
 7.2127e+01	
 7.0427e+01	
 7.2293e+01	
 6.7616e+01	
 7.0182e+01	
 6.8834e+01	
 7.0902e+01	
 7.0258e+01	
 7.1168e+01	
 7.2632e+01	
 7.6662e+01	
 7.2534e+01	
 7.2130e+01	
 6.9431e+01	
 7.1863e+01	
 7.0809e+01	
 7.0025e+01	
 6.9930e+01	
 7.4418e+01	
 7.6934e+01	
 7.0160e+01	
 6.8236e+01	
 7.3067e+01	
 7.0538e+01	
 7.0222e+01	
 7.0336e+01	
 7.3723e+01	
 7.3313e+01	
 7.5894e+01	
 7.1259e+01	
 6.8870e+01	
 7.0662e+01	
 7.1659e+01	
 7.0161e+01	
 7.0921e+01	
 7.1827e+01	
 7.2556e+01	
 7.4280e+01	
 7.2454e+01	
 7.1061e+01	
 7.1009e+01	
 6.7390e+01	
 7.2959e+01	
 6.7065e+01	
 6.9974e+01	
 6.9548e+01	
 7.3803e+01	
 7.3539e+01	
 7.5831e+01	
 6.9378e+01	
 7.2669e+01	
 6.9079e+01	
 7.3313e+01	
 6.8695e+01	
 7.2830e+01	
 6.5999e+01	
 7.4132e+01	
 7.1590e+01	
 7.3913e+01	
 6.9552e+01	
 7.2932e+01	
 6.8995e+01	
 7.2940e+01	
 6.8486e+01	
 7.3466e+01	
 6.9588e+01	
 7.2094e+01	
 6.7823e+01	
 7.1543e+01	
 7.5272e+01	
 7.0739e+01	
 7.0661e+01	
 7.1715e+01	
 6.9196e+01	
 7.1221e+01	
 6.8667e+01	
 7.0332e+01	
 7.1597e+01	
 6.9173e+01	
 7.1252e+01	
 7.1022e+01	
 6.6778e+01	
 7.2507e+01	
 6.7407e+01	
 6.9937e+01	
 6.9474e+01	
 7.1552e+01	
 7.2804e+01	
 7.4379e+01	
 6.8463e+01	
 7.2168e+01	
 6.5977e+01	
 7.2831e+01	
 6.8522e+01	
 7.3972e+01	
 6.8859e+01	
 7.5939e+01	
 7.4533e+01	
 7.4662e+01	
 6.9467e+01	
 7.3501e+01	
 6.8754e+01	
 7.4689e+01	
 6.7186e+01	
 7.1323e+01	
 6.8373e+01	
 7.6254e+01	
 7.2920e+01	
 7.1414e+01	
 6.9675e+01	
 7.1430e+01	
 6.7863e+01	
 7.0364e+01	
 6.9167e+01	
 7.1622e+01	
 7.1853e+01	
 7.3358e+01	
 6.9249e+01	
 7.1875e+01	
 6.8601e+01	
 7.2886e+01	
 6.6312e+01	
 7.4882e+01	
 6.8382e+01	
 7.4801e+01	
 6.6562e+01	
 7.5186e+01	
 6.7808e+01	
 7.2854e+01	
 6.7941e+01	
 7.3103e+01	
 6.7503e+01	
 7.3215e+01	
 6.8216e+01	
 7.4509e+01	
 6.7958e+01	
 7.0873e+01	
 6.9379e+01	
 6.9605e+01	
 6.7451e+01	
 7.1252e+01	
 6.8618e+01	
 6.9418e+01	
 6.7556e+01	
 7.0838e+01	
 6.7863e+01	
 7.5391e+01	
 6.7006e+01	
 7.2684e+01	
 6.4357e+01	
 7.3662e+01	
 6.6385e+01	
 7.2435e+01	
 7.1281e+01	
 7.3004e+01	
 7.0670e+01	
 7.2112e+01	
 6.7985e+01	
 7.2270e+01	
 6.6325e+01	
 7.5341e+01	
 6.6182e+01	
 7.5208e+01	
 7.0622e+01	
 7.6796e+01	
 6.5806e+01	
 7.7733e+01	
 7.0714e+01	
 7.5020e+01	
 6.8809e+01	
 7.9926e+01	
 6.5971e+01	
 7.5825e+01	
 6.7418e+01	
 7.4821e+01	
 6.7033e+01	
 7.1573e+01	
 7.0330e+01	
 7.1660e+01	
 6.8555e+01	
 7.2824e+01	
 6.7559e+01	
 6.8938e+01	
 6.8185e+01	
 7.0569e+01	
 6.8695e+01	
 6.9481e+01	
 6.8383e+01	
 6.9589e+01	
 7.0898e+01	
 6.8861e+01	
 6.8975e+01	
 6.9018e+01	
 6.7701e+01	
 7.0351e+01	
 6.8131e+01	
 7.2483e+01	
 6.8039e+01	
 7.2947e+01	
 6.6764e+01	
 7.4193e+01	
 6.5545e+01	
 7.4764e+01	
 6.6802e+01	
 7.3497e+01	
 6.8417e+01	
 7.6790e+01	
 6.8194e+01	
 7.1711e+01	
 6.9457e+01	
 7.1677e+01	
 7.0998e+01	
 7.1684e+01	
 7.1247e+01	
 7.3486e+01	
 7.3459e+01	
 7.5228e+01	
 6.8958e+01	
 6.8831e+01	
 7.3804e+01	
 6.9465e+01	
 7.3923e+01	
 7.0655e+01	
 7.3449e+01	
 7.3942e+01	
 7.9109e+01	
 7.7297e+01	
 7.2144e+01	
 6.9297e+01	
 7.2733e+01	
 6.7570e+01	
 7.1692e+01	
 6.8127e+01	
 7.1578e+01	
 7.0420e+01	
 7.2765e+01	
 6.7929e+01	
 7.0442e+01	
 6.7758e+01	
 7.0237e+01	
 6.9658e+01	
 7.3658e+01	
 6.9380e+01	
 7.2179e+01	
 6.8004e+01	
 7.0441e+01	
 6.8159e+01	
 6.9352e+01	
 6.8742e+01	
 6.9487e+01	
 6.9313e+01	
 7.2219e+01	
 7.1893e+01	
 7.1438e+01	
 7.0349e+01	
 6.9090e+01	
 6.9245e+01	
 6.8808e+01	
 6.9449e+01	
 6.7549e+01	
 7.1238e+01	
 6.8763e+01	
 7.1186e+01	
 6.9827e+01	
 7.4171e+01	
 7.3102e+01	
 7.3842e+01	
 6.7040e+01	
 6.9947e+01	
 7.0100e+01	
 7.0294e+01	
 7.2185e+01	
 7.1227e+01	
 6.8126e+01	
 7.4251e+01	
 7.2051e+01	
 7.3351e+01	
 7.0356e+01	
 6.7893e+01	
 7.0513e+01	
 7.0630e+01	
 7.0881e+01	
 6.8052e+01	
 7.0963e+01	
 7.2177e+01	
 7.4352e+01	
 7.4432e+01	
 6.9200e+01	
 6.7947e+01	
 6.8869e+01	
 6.8223e+01	
 6.8250e+01	
 6.9590e+01	
 6.9285e+01	
 7.1156e+01	
 7.1680e+01	
 6.7911e+01	
 7.0219e+01	
 6.8423e+01	
 7.2691e+01	
 6.8282e+01	
 6.9974e+01	
 6.9706e+01	
 7.5628e+01	
 7.4236e+01	
 7.2814e+01	
 6.7304e+01	
 7.2506e+01	
 6.7032e+01	
 7.2932e+01	
 6.7271e+01	
 7.2476e+01	
 6.7038e+01	
 7.3948e+01	
 6.9395e+01	
 7.3340e+01	
 7.3126e+01	
 7.2836e+01	
 7.1707e+01	
 7.5378e+01	
 7.0244e+01	
 7.4088e+01	
 6.5827e+01	
 7.5489e+01	
 6.6290e+01	
 7.8684e+01	
 6.8810e+01	
 7.5658e+01	
 6.5535e+01	
 7.1861e+01	
 6.8562e+01	
 7.1906e+01	
 6.7632e+01	
 7.5125e+01	
 7.1022e+01	
 7.6826e+01	
 6.7466e+01	
 6.8673e+01	
 6.8242e+01	
 6.9468e+01	
 6.7374e+01	
 6.9849e+01	
 7.0989e+01	
 6.9182e+01	
 7.1004e+01	
 6.9475e+01	
 7.5573e+01	
 6.6912e+01	
 7.1498e+01	
 7.1575e+01	
 7.1491e+01	
 7.0549e+01	
 7.0045e+01	
 6.8393e+01	
 7.3700e+01	
 7.0459e+01	
 7.6303e+01	
 6.8854e+01	
 7.4583e+01	
 6.9822e+01	
 6.8334e+01	
 7.2135e+01	
 7.0494e+01	
 7.0743e+01	
 6.9688e+01	
 7.1464e+01	
 7.7389e+01	
 7.2155e+01	
 7.4281e+01	
 6.8306e+01	
 6.8417e+01	
 7.1857e+01	
 6.8795e+01	
 7.1945e+01	
 6.8018e+01	
 7.0028e+01	
 7.0000e+01	
 7.1151e+01	
 6.8145e+01	
 7.1923e+01	
 6.7064e+01	
 7.3682e+01	
 6.7976e+01	
 7.4354e+01	
 7.1906e+01	
 7.5182e+01	
 6.9727e+01	
 7.5770e+01	
 6.7985e+01	
 7.3916e+01	
 6.8082e+01	
 7.3235e+01	
 6.7210e+01	
 7.6260e+01	
 6.9668e+01	
 7.6667e+01	
 6.5932e+01	
 7.4241e+01	
 6.6700e+01	
 7.3946e+01	
 6.5700e+01	
 7.4786e+01	
 6.4629e+01	
 7.5657e+01	
 6.7013e+01	
 7.5273e+01	
 6.6865e+01	
 7.4683e+01	
 6.6769e+01	
 7.2946e+01	
 6.7215e+01	
 6.9518e+01	
 6.5856e+01	
 7.3909e+01	
 6.6003e+01	
 7.4266e+01	
 6.8480e+01	
 7.0096e+01	
 7.0120e+01	
 6.8751e+01	
 7.1002e+01	
 6.6177e+01	
 7.1819e+01	
 6.7172e+01	
 7.1471e+01	
 6.9986e+01	
 7.4388e+01	
 7.0826e+01	
 7.2924e+01	
 6.8671e+01	
 7.0553e+01	
 6.6699e+01	
 7.1629e+01	
 6.8362e+01	
 6.9625e+01	
 6.8620e+01	
 7.5314e+01	
 7.1842e+01	
 7.8759e+01	
 7.1735e+01	
 7.2193e+01	
 7.0646e+01	
 7.0741e+01	
 7.2485e+01	
 7.0241e+01	
 6.9901e+01	
 7.4052e+01	
 7.4752e+01	
 7.2511e+01	
 7.0005e+01	
 6.6960e+01	
 6.8844e+01	
 6.5214e+01	
 6.8733e+01	
 6.8281e+01	
 6.9572e+01	
 6.7616e+01	
 6.9840e+01	
 6.8551e+01	
 6.9921e+01	
 6.6820e+01	
 7.1863e+01	
 6.7808e+01	
 6.9883e+01	
 6.7565e+01	
 6.7370e+01	
 6.9469e+01	
 6.8054e+01	
 7.0220e+01	
 7.2634e+01	
 7.2840e+01	
 7.4497e+01	
 6.9231e+01	
 6.8936e+01	
 7.2611e+01	
 6.7202e+01	
 7.3014e+01	
 6.6715e+01	
 7.7405e+01	
 7.4789e+01	
 7.7211e+01	
 6.8012e+01	
 7.4407e+01	
 6.6910e+01	
 7.5542e+01	
 6.7299e+01	
 7.2846e+01	
 7.2295e+01	
 7.7589e+01	
 7.4296e+01	
 7.3361e+01	
 6.6281e+01	
 7.3053e+01	
 6.6931e+01	
 7.2991e+01	
 6.7217e+01	
 7.7071e+01	
 7.3676e+01	
 7.3491e+01	
 6.9504e+01	
 7.1965e+01	
 6.7527e+01	
 7.2264e+01	
 6.7216e+01	
 7.3720e+01	
 7.0716e+01	
 7.3061e+01	
 6.8155e+01	
 7.3298e+01	
 6.6443e+01	
 7.5685e+01	
 7.1878e+01	
 7.4434e+01	
 7.2272e+01	
 7.8365e+01	
 7.1174e+01	
 7.7412e+01	
 6.5675e+01	
 7.6364e+01	
 6.9061e+01	
 7.6767e+01	
 7.2040e+01	
 7.5954e+01	
 6.7110e+01	
 7.5762e+01	
 6.6986e+01	
 7.4769e+01	
 7.5824e+01	
 7.4807e+01	
 7.5138e+01	
 7.2430e+01	
 6.6817e+01	
 7.2137e+01	
 6.6804e+01	
 7.1533e+01	
 6.9580e+01	
 7.0767e+01	
 7.4233e+01	
 7.1209e+01	
 7.0392e+01	
 7.1457e+01	
 6.9687e+01	
 7.0049e+01	
 6.9705e+01	
 7.0533e+01	
 6.9728e+01	
 7.3002e+01	
 7.4384e+01	
 7.0240e+01	
 6.7005e+01	
 7.2742e+01	
 6.8933e+01	
 7.0985e+01	
 6.6836e+01	
 7.4533e+01	
 7.1291e+01	
 7.4848e+01	
 7.1279e+01	
 7.3300e+01	
 6.8555e+01	
 7.4930e+01	
 6.8746e+01	
 7.4712e+01	
 6.6398e+01	
 7.4367e+01	
 7.3541e+01	
 7.6228e+01	
 7.2818e+01	
 7.1975e+01	
 6.7766e+01	
 7.0837e+01	
 6.6105e+01	
 7.0806e+01	
 6.7029e+01	
 7.0141e+01	
 7.0420e+01	
 7.0303e+01	
 7.0669e+01	
 7.0749e+01	
 6.5980e+01	
 7.0486e+01	
 6.6998e+01	
 7.1772e+01	
 6.8117e+01	
 7.0829e+01	
 7.0243e+01	
 7.3283e+01	
 7.5569e+01	
 7.2797e+01	
 6.8529e+01	
 7.1977e+01	
 6.8243e+01	
 7.2435e+01	
 6.7825e+01	
 7.1426e+01	
 6.5427e+01	
 7.3802e+01	
 6.6778e+01	
 7.2038e+01	
 7.0372e+01	
 7.7614e+01	
 7.3290e+01	
 7.2681e+01	
 6.5689e+01	
 7.3812e+01	
 6.8322e+01	
 7.3672e+01	
 6.5547e+01	
 7.5426e+01	
 6.8879e+01	
 7.4299e+01	
 6.9066e+01	
 7.3508e+01	
 7.1326e+01	
 7.1745e+01	
 6.7733e+01	
 7.2134e+01	
 6.6917e+01	
 7.1152e+01	
 6.7402e+01	
 7.0990e+01	
 6.6476e+01	
 7.4198e+01	
 6.7595e+01	
 7.3347e+01	
 6.5974e+01	
 7.0968e+01	
 6.8081e+01	
 7.0523e+01	
 6.8490e+01	
 7.1568e+01	
 6.9107e+01	
 7.6879e+01	
 7.2513e+01	
 7.2589e+01	
 6.5985e+01	
 7.0450e+01	
 7.1464e+01	
 6.9612e+01	
 6.9944e+01	
 6.8732e+01	
 6.8654e+01	
 7.7030e+01	
 7.3246e+01	
 7.6068e+01	
 6.9454e+01	
 6.8256e+01	
 7.2372e+01	
 6.9058e+01	
 7.1766e+01	
 6.8206e+01	
 7.4578e+01	
 7.8358e+01	
 7.0622e+01	
 6.7534e+01	
 7.2293e+01	
 6.7465e+01	
 7.0865e+01	
 6.4980e+01	
 7.0300e+01	
 6.7359e+01	
 7.3148e+01	
 6.7635e+01	
 7.2333e+01	
 6.4898e+01	
 7.0977e+01	
 6.7795e+01	
 7.1133e+01	
 6.7144e+01	
 7.5238e+01	
 6.9650e+01	
 7.4555e+01	
 6.6548e+01	
 7.0283e+01	
 6.6675e+01	
 6.9209e+01	
 6.9472e+01	
 6.9328e+01	
 6.9337e+01	
 7.2405e+01	
 7.1404e+01	
 7.6472e+01	
 7.1291e+01	
 7.0342e+01	
 7.2198e+01	
 6.9976e+01	
 7.2402e+01	
 6.6498e+01	
 7.0965e+01	
 7.2899e+01	
 7.4817e+01	
 7.1196e+01	
 7.1888e+01	
 6.6030e+01	
 7.0018e+01	
 6.8130e+01	
 6.8999e+01	
 6.7446e+01	
 6.9659e+01	
 7.0987e+01	
 7.3700e+01	
 7.0018e+01	
 7.1566e+01	
 6.7698e+01	
 7.2348e+01	
 6.8055e+01	
 6.9474e+01	
 6.9622e+01	
 7.2863e+01	
 6.9305e+01	
 6.9855e+01	
 6.9940e+01	
 6.7517e+01	
 6.7727e+01	
 6.6622e+01	
 6.8645e+01	
 6.8525e+01	
 7.0141e+01	
 6.8600e+01	
 6.8057e+01	
 6.8961e+01	
 6.7453e+01	
 6.8291e+01	
 6.7072e+01	
 7.0793e+01	
 6.9310e+01	
 7.3880e+01	
 6.8323e+01	
 7.1497e+01	
 6.9140e+01	
 7.0782e+01	
 6.6259e+01	
 7.1838e+01	
 7.1734e+01	
 7.1130e+01	
 6.8133e+01	
 7.1022e+01	
 6.5521e+01	
 7.1683e+01	
 6.7534e+01	
 7.3855e+01	
 6.9576e+01	
 7.2870e+01	
 6.7701e+01	
 7.3913e+01	
 6.6906e+01	
 7.1863e+01	
 6.6480e+01	
 7.2403e+01	
 6.5601e+01	
 7.3239e+01	
 7.3072e+01	
 7.3586e+01	
 7.0522e+01	
 7.1916e+01	
 6.5493e+01	
 7.3541e+01	
 6.8202e+01	
 7.3633e+01	
 6.6548e+01	
 7.4134e+01	
 7.6982e+01	
 7.4737e+01	
 7.1742e+01	
 7.2382e+01	
 6.7460e+01	
 7.5282e+01	
 6.7479e+01	
 7.0920e+01	
 6.9093e+01	
 7.6125e+01	
 7.1055e+01	
 7.1507e+01	
 6.6480e+01	
 7.1081e+01	
 6.8494e+01	
 6.9029e+01	
 6.6891e+01	
 7.0403e+01	
 7.4033e+01	
 7.2293e+01	
 7.0671e+01	
 6.8934e+01	
 6.8758e+01	
 6.9523e+01	
        nan	
 6.8659e+01	
 7.2618e+01	
 7.1480e+01	
 7.5083e+01	
 6.9130e+01	
 6.7242e+01	
 6.7494e+01	
 6.6623e+01	
 6.8070e+01	
 6.8719e+01	
 6.9607e+01	
 7.1448e+01	
 6.8210e+01	
 6.6847e+01	
 7.0906e+01	
 6.7750e+01	
 7.0190e+01	
 7.4050e+01	
 7.0335e+01	
 6.9683e+01	
 7.1354e+01	
 6.6860e+01	
 7.3365e+01	
 6.9788e+01	
 7.2193e+01	
 6.6291e+01	
 7.1592e+01	
 6.6961e+01	
 7.1594e+01	
 7.1442e+01	
 7.2836e+01	
 7.0039e+01	
 7.1527e+01	
 6.8002e+01	
 7.4733e+01	
 6.7846e+01	
 7.1884e+01	
 6.8385e+01	
 7.4504e+01	
 7.4895e+01	
 7.1664e+01	
 7.0591e+01	
 7.1450e+01	
 6.4522e+01	
 7.2062e+01	
 6.4696e+01	
 7.3559e+01	
 6.9813e+01	
 7.3389e+01	
 6.9533e+01	
 7.3445e+01	
 6.5999e+01	
 7.2219e+01	
 6.5791e+01	
 7.2356e+01	
 6.7023e+01	
 7.2060e+01	
 7.0945e+01	
 7.5520e+01	
 6.8181e+01	
 7.3588e+01	
 6.6359e+01	
 7.5389e+01	
 6.6878e+01	
 7.5642e+01	
 7.5619e+01	
 7.4830e+01	
 6.6904e+01	
 7.4907e+01	
 6.8347e+01	
 7.2286e+01	
 6.7518e+01	
 7.6023e+01	
 7.4120e+01	
 7.3174e+01	
 6.7577e+01	
 6.9114e+01	
 6.7724e+01	
 7.1037e+01	
 6.7807e+01	
 6.8563e+01	
 6.9256e+01	
 6.8611e+01	
 7.1145e+01	
 6.8742e+01	
 6.7460e+01	
 6.8554e+01	
 7.2461e+01	
 7.0520e+01	
 6.8559e+01	
 6.9515e+01	
 6.7028e+01	
 7.1153e+01	
 7.0681e+01	
 7.0930e+01	
 6.6479e+01	
 7.0819e+01	
 6.6445e+01	
 7.0806e+01	
 6.5325e+01	
 7.0045e+01	
        nan	
 7.1509e+01	
 7.0692e+01	
 6.9510e+01	
 6.9222e+01	
 7.1089e+01	
 6.7472e+01	
 7.0801e+01	
 6.6617e+01	
 6.9900e+01	
 6.6586e+01	
 7.1910e+01	
 6.8642e+01	
 7.5955e+01	
 6.5245e+01	
